20-Mar-2023 18:16:48.650 INFO [main] org.apache.catalina.startup.VersionLoggerListener.log Server version name:   Apache Tomcat/9.0.33
20-Mar-2023 18:16:48.653 INFO [main] org.apache.catalina.startup.VersionLoggerListener.log Server built:          Mar 11 2020 09:31:38 UTC
20-Mar-2023 18:16:48.654 INFO [main] org.apache.catalina.startup.VersionLoggerListener.log Server version number: 9.0.33.0
20-Mar-2023 18:16:48.654 INFO [main] org.apache.catalina.startup.VersionLoggerListener.log OS Name:               Windows 10
20-Mar-2023 18:16:48.654 INFO [main] org.apache.catalina.startup.VersionLoggerListener.log OS Version:            10.0
20-Mar-2023 18:16:48.654 INFO [main] org.apache.catalina.startup.VersionLoggerListener.log Architecture:          amd64
20-Mar-2023 18:16:48.654 INFO [main] org.apache.catalina.startup.VersionLoggerListener.log Java Home:             C:\Program Files\Java\jdk1.8.0_281\jre
20-Mar-2023 18:16:48.655 INFO [main] org.apache.catalina.startup.VersionLoggerListener.log JVM Version:           1.8.0_281-b09
20-Mar-2023 18:16:48.655 INFO [main] org.apache.catalina.startup.VersionLoggerListener.log JVM Vendor:            Oracle Corporation
20-Mar-2023 18:16:48.655 INFO [main] org.apache.catalina.startup.VersionLoggerListener.log CATALINA_BASE:         G:\Java\apache-tomcat-9.0.33
20-Mar-2023 18:16:48.655 INFO [main] org.apache.catalina.startup.VersionLoggerListener.log CATALINA_HOME:         G:\Java\apache-tomcat-9.0.33
20-Mar-2023 18:16:48.657 INFO [main] org.apache.catalina.startup.VersionLoggerListener.log Command line argument: -Djava.util.logging.config.file=G:\Java\apache-tomcat-9.0.33\conf\logging.properties
20-Mar-2023 18:16:48.658 INFO [main] org.apache.catalina.startup.VersionLoggerListener.log Command line argument: -Djava.util.logging.manager=org.apache.juli.ClassLoaderLogManager
20-Mar-2023 18:16:48.658 INFO [main] org.apache.catalina.startup.VersionLoggerListener.log Command line argument: -Dhttp.nonProxyHosts=localhost|127.0.0.1|Desktop-Aspire
20-Mar-2023 18:16:48.658 INFO [main] org.apache.catalina.startup.VersionLoggerListener.log Command line argument: -Djdk.tls.ephemeralDHKeySize=2048
20-Mar-2023 18:16:48.658 INFO [main] org.apache.catalina.startup.VersionLoggerListener.log Command line argument: -Djava.protocol.handler.pkgs=org.apache.catalina.webresources
20-Mar-2023 18:16:48.658 INFO [main] org.apache.catalina.startup.VersionLoggerListener.log Command line argument: -Dignore.endorsed.dirs=
20-Mar-2023 18:16:48.658 INFO [main] org.apache.catalina.startup.VersionLoggerListener.log Command line argument: -Dcatalina.base=G:\Java\apache-tomcat-9.0.33
20-Mar-2023 18:16:48.659 INFO [main] org.apache.catalina.startup.VersionLoggerListener.log Command line argument: -Dcatalina.home=G:\Java\apache-tomcat-9.0.33
20-Mar-2023 18:16:48.659 INFO [main] org.apache.catalina.startup.VersionLoggerListener.log Command line argument: -Djava.io.tmpdir=G:\Java\apache-tomcat-9.0.33\temp
20-Mar-2023 18:16:48.660 INFO [main] org.apache.catalina.core.AprLifecycleListener.lifecycleEvent Loaded APR based Apache Tomcat Native library [1.2.23] using APR version [1.7.0].
20-Mar-2023 18:16:48.660 INFO [main] org.apache.catalina.core.AprLifecycleListener.lifecycleEvent APR capabilities: IPv6 [true], sendfile [true], accept filters [false], random [true].
20-Mar-2023 18:16:48.660 INFO [main] org.apache.catalina.core.AprLifecycleListener.lifecycleEvent APR/OpenSSL configuration: useAprConnector [false], useOpenSSL [true]
20-Mar-2023 18:16:48.691 INFO [main] org.apache.catalina.core.AprLifecycleListener.initializeSSL OpenSSL successfully initialized [OpenSSL 1.1.1c  28 May 2019]
20-Mar-2023 18:16:49.822 INFO [main] org.apache.coyote.AbstractProtocol.init Initializing ProtocolHandler ["http-nio-8082"]
20-Mar-2023 18:16:50.149 INFO [main] org.apache.catalina.startup.Catalina.load Server initialization in [1,962] milliseconds
20-Mar-2023 18:16:50.217 INFO [main] org.apache.catalina.core.StandardService.startInternal Starting service [Catalina]
20-Mar-2023 18:16:50.217 INFO [main] org.apache.catalina.core.StandardEngine.startInternal Starting Servlet engine: [Apache Tomcat/9.0.33]
20-Mar-2023 18:16:50.242 INFO [main] org.apache.catalina.startup.HostConfig.deployDescriptor Deploying deployment descriptor [G:\Java\apache-tomcat-9.0.33\conf\Catalina\localhost\TodoApp1.xml]
20-Mar-2023 18:16:50.273 WARNING [main] org.apache.catalina.startup.HostConfig.deployDescriptor The path attribute with value [/TodoApp1] in deployment descriptor [G:\Java\apache-tomcat-9.0.33\conf\Catalina\localhost\TodoApp1.xml] has been ignored
20-Mar-2023 18:16:50.320 SEVERE [main] org.apache.catalina.startup.HostConfig.deployDescriptor Error deploying deployment descriptor [G:\Java\apache-tomcat-9.0.33\conf\Catalina\localhost\TodoApp1.xml]
	java.lang.IllegalStateException: Error starting child
		at org.apache.catalina.core.ContainerBase.addChildInternal(ContainerBase.java:720)
		at org.apache.catalina.core.ContainerBase.addChild(ContainerBase.java:690)
		at org.apache.catalina.core.StandardHost.addChild(StandardHost.java:705)
		at org.apache.catalina.startup.HostConfig.deployDescriptor(HostConfig.java:631)
		at org.apache.catalina.startup.HostConfig$DeployDescriptor.run(HostConfig.java:1831)
		at java.util.concurrent.Executors$RunnableAdapter.call(Executors.java:511)
		at java.util.concurrent.FutureTask.run(FutureTask.java:266)
		at org.apache.tomcat.util.threads.InlineExecutorService.execute(InlineExecutorService.java:75)
		at java.util.concurrent.AbstractExecutorService.submit(AbstractExecutorService.java:112)
		at org.apache.catalina.startup.HostConfig.deployDescriptors(HostConfig.java:526)
		at org.apache.catalina.startup.HostConfig.deployApps(HostConfig.java:425)
		at org.apache.catalina.startup.HostConfig.start(HostConfig.java:1576)
		at org.apache.catalina.startup.HostConfig.lifecycleEvent(HostConfig.java:309)
		at org.apache.catalina.util.LifecycleBase.fireLifecycleEvent(LifecycleBase.java:123)
		at org.apache.catalina.util.LifecycleBase.setStateInternal(LifecycleBase.java:423)
		at org.apache.catalina.util.LifecycleBase.setState(LifecycleBase.java:366)
		at org.apache.catalina.core.ContainerBase.startInternal(ContainerBase.java:936)
		at org.apache.catalina.core.StandardHost.startInternal(StandardHost.java:841)
		at org.apache.catalina.util.LifecycleBase.start(LifecycleBase.java:183)
		at org.apache.catalina.core.ContainerBase$StartChild.call(ContainerBase.java:1384)
		at org.apache.catalina.core.ContainerBase$StartChild.call(ContainerBase.java:1374)
		at java.util.concurrent.FutureTask.run(FutureTask.java:266)
		at org.apache.tomcat.util.threads.InlineExecutorService.execute(InlineExecutorService.java:75)
		at java.util.concurrent.AbstractExecutorService.submit(AbstractExecutorService.java:134)
		at org.apache.catalina.core.ContainerBase.startInternal(ContainerBase.java:909)
		at org.apache.catalina.core.StandardEngine.startInternal(StandardEngine.java:262)
		at org.apache.catalina.util.LifecycleBase.start(LifecycleBase.java:183)
		at org.apache.catalina.core.StandardService.startInternal(StandardService.java:421)
		at org.apache.catalina.util.LifecycleBase.start(LifecycleBase.java:183)
		at org.apache.catalina.core.StandardServer.startInternal(StandardServer.java:930)
		at org.apache.catalina.util.LifecycleBase.start(LifecycleBase.java:183)
		at org.apache.catalina.startup.Catalina.start(Catalina.java:633)
		at sun.reflect.NativeMethodAccessorImpl.invoke0(Native Method)
		at sun.reflect.NativeMethodAccessorImpl.invoke(NativeMethodAccessorImpl.java:62)
		at sun.reflect.DelegatingMethodAccessorImpl.invoke(DelegatingMethodAccessorImpl.java:43)
		at java.lang.reflect.Method.invoke(Method.java:498)
		at org.apache.catalina.startup.Bootstrap.start(Bootstrap.java:343)
		at org.apache.catalina.startup.Bootstrap.main(Bootstrap.java:474)
	Caused by: org.apache.catalina.LifecycleException: Failed to start component [org.apache.catalina.webresources.StandardRoot@569cfc36]
		at org.apache.catalina.util.LifecycleBase.handleSubClassException(LifecycleBase.java:440)
		at org.apache.catalina.util.LifecycleBase.start(LifecycleBase.java:198)
		at org.apache.catalina.core.StandardContext.resourcesStart(StandardContext.java:4805)
		at org.apache.catalina.core.StandardContext.startInternal(StandardContext.java:4940)
		at org.apache.catalina.util.LifecycleBase.start(LifecycleBase.java:183)
		at org.apache.catalina.core.ContainerBase.addChildInternal(ContainerBase.java:717)
		... 37 more
	Caused by: java.lang.IllegalArgumentException: The main resource set specified [G:\Java\TodoApp1\build\web] is not valid
		at org.apache.catalina.webresources.StandardRoot.createMainResourceSet(StandardRoot.java:752)
		at org.apache.catalina.webresources.StandardRoot.startInternal(StandardRoot.java:709)
		at org.apache.catalina.util.LifecycleBase.start(LifecycleBase.java:183)
		... 41 more
20-Mar-2023 18:16:50.383 INFO [main] org.apache.catalina.startup.HostConfig.deployDescriptor Deployment of deployment descriptor [G:\Java\apache-tomcat-9.0.33\conf\Catalina\localhost\TodoApp1.xml] has finished in [141] ms
20-Mar-2023 18:16:50.385 INFO [main] org.apache.catalina.startup.HostConfig.deployDescriptor Deploying deployment descriptor [G:\Java\apache-tomcat-9.0.33\conf\Catalina\localhost\TodoApp2.xml]
20-Mar-2023 18:16:50.387 WARNING [main] org.apache.catalina.startup.HostConfig.deployDescriptor The path attribute with value [/TodoApp2] in deployment descriptor [G:\Java\apache-tomcat-9.0.33\conf\Catalina\localhost\TodoApp2.xml] has been ignored
20-Mar-2023 18:16:51.262 INFO [main] org.apache.jasper.servlet.TldScanner.scanJars At least one JAR was scanned for TLDs yet contained no TLDs. Enable debug logging for this logger for a complete list of JARs that were scanned but no TLDs were found in them. Skipping unneeded JARs during scanning can improve startup time and JSP compilation time.
20-Mar-2023 18:16:51.375 INFO [main] org.apache.catalina.startup.HostConfig.deployDescriptor Deployment of deployment descriptor [G:\Java\apache-tomcat-9.0.33\conf\Catalina\localhost\TodoApp2.xml] has finished in [991] ms
20-Mar-2023 18:16:51.376 INFO [main] org.apache.catalina.startup.HostConfig.deployDirectory Deploying web application directory [G:\Java\apache-tomcat-9.0.33\webapps\docs]
20-Mar-2023 18:16:51.406 INFO [main] org.apache.catalina.startup.HostConfig.deployDirectory Deployment of web application directory [G:\Java\apache-tomcat-9.0.33\webapps\docs] has finished in [29] ms
20-Mar-2023 18:16:51.406 INFO [main] org.apache.catalina.startup.HostConfig.deployDirectory Deploying web application directory [G:\Java\apache-tomcat-9.0.33\webapps\examples]
20-Mar-2023 18:16:51.907 INFO [main] org.apache.catalina.startup.HostConfig.deployDirectory Deployment of web application directory [G:\Java\apache-tomcat-9.0.33\webapps\examples] has finished in [501] ms
20-Mar-2023 18:16:51.907 INFO [main] org.apache.catalina.startup.HostConfig.deployDirectory Deploying web application directory [G:\Java\apache-tomcat-9.0.33\webapps\host-manager]
20-Mar-2023 18:16:51.976 INFO [main] org.apache.catalina.startup.HostConfig.deployDirectory Deployment of web application directory [G:\Java\apache-tomcat-9.0.33\webapps\host-manager] has finished in [69] ms
20-Mar-2023 18:16:51.977 INFO [main] org.apache.catalina.startup.HostConfig.deployDirectory Deploying web application directory [G:\Java\apache-tomcat-9.0.33\webapps\manager]
20-Mar-2023 18:16:52.042 INFO [main] org.apache.catalina.startup.HostConfig.deployDirectory Deployment of web application directory [G:\Java\apache-tomcat-9.0.33\webapps\manager] has finished in [64] ms
20-Mar-2023 18:16:52.042 INFO [main] org.apache.catalina.startup.HostConfig.deployDirectory Deploying web application directory [G:\Java\apache-tomcat-9.0.33\webapps\ROOT]
20-Mar-2023 18:16:52.066 INFO [main] org.apache.catalina.startup.HostConfig.deployDirectory Deployment of web application directory [G:\Java\apache-tomcat-9.0.33\webapps\ROOT] has finished in [24] ms
20-Mar-2023 18:16:52.072 INFO [main] org.apache.coyote.AbstractProtocol.start Starting ProtocolHandler ["http-nio-8082"]
20-Mar-2023 18:16:52.084 INFO [main] org.apache.catalina.startup.Catalina.start Server startup in [1,935] milliseconds
20-Mar-2023 18:17:05.033 INFO [http-nio-8082-exec-9] org.apache.catalina.startup.HostConfig.undeploy Undeploying context [/TodoApp2]
20-Mar-2023 18:17:05.066 INFO [http-nio-8082-exec-9] org.apache.catalina.startup.HostConfig.deployDescriptor Deploying deployment descriptor [G:\Java\apache-tomcat-9.0.33\conf\Catalina\localhost\TodoApp2.xml]
20-Mar-2023 18:17:05.069 WARNING [http-nio-8082-exec-9] org.apache.catalina.startup.HostConfig.deployDescriptor The path attribute with value [/TodoApp2] in deployment descriptor [G:\Java\apache-tomcat-9.0.33\conf\Catalina\localhost\TodoApp2.xml] has been ignored
20-Mar-2023 18:17:05.484 INFO [http-nio-8082-exec-9] org.apache.jasper.servlet.TldScanner.scanJars At least one JAR was scanned for TLDs yet contained no TLDs. Enable debug logging for this logger for a complete list of JARs that were scanned but no TLDs were found in them. Skipping unneeded JARs during scanning can improve startup time and JSP compilation time.
20-Mar-2023 18:17:05.516 INFO [26] org.apache.catalina.startup.HostConfig.deployDescriptor Deployment of deployment descriptor [G:\Java\apache-tomcat-9.0.33\conf\Catalina\localhost\TodoApp2.xml] has finished in [450] ms
20-Mar-2023 18:22:43.463 INFO [http-nio-8082-exec-11] org.apache.catalina.core.StandardContext.reload Reloading Context with name [/TodoApp2] has started
20-Mar-2023 18:22:43.479 WARNING [http-nio-8082-exec-11] org.apache.catalina.loader.WebappClassLoaderBase.clearReferencesJdbc The web application [TodoApp2] registered the JDBC driver [com.microsoft.sqlserver.jdbc.SQLServerDriver] but failed to unregister it when the web application was stopped. To prevent a memory leak, the JDBC Driver has been forcibly unregistered.
20-Mar-2023 18:22:43.479 SEVERE [http-nio-8082-exec-11] org.apache.catalina.loader.WebappClassLoaderBase.checkThreadLocalMapForLeaks The web application [TodoApp2] created a ThreadLocal with key of type [com.microsoft.sqlserver.jdbc.ActivityCorrelator$1] (value [com.microsoft.sqlserver.jdbc.ActivityCorrelator$1@27a4e007]) and a value of type [com.microsoft.sqlserver.jdbc.ActivityId] (value [fe69b6ff-5b54-485c-81bb-9d7001bcd020-1]) but failed to remove it when the web application was stopped. Threads are going to be renewed over time to try and avoid a probable memory leak.
20-Mar-2023 18:22:43.807 INFO [http-nio-8082-exec-11] org.apache.jasper.servlet.TldScanner.scanJars At least one JAR was scanned for TLDs yet contained no TLDs. Enable debug logging for this logger for a complete list of JARs that were scanned but no TLDs were found in them. Skipping unneeded JARs during scanning can improve startup time and JSP compilation time.
20-Mar-2023 18:22:43.838 INFO [http-nio-8082-exec-11] org.apache.catalina.core.StandardContext.reload Reloading Context with name [/TodoApp2] is completed
20-Mar-2023 18:24:56.947 INFO [http-nio-8082-exec-24] org.apache.catalina.core.StandardContext.reload Reloading Context with name [/TodoApp2] has started
20-Mar-2023 18:24:57.275 INFO [http-nio-8082-exec-24] org.apache.jasper.servlet.TldScanner.scanJars At least one JAR was scanned for TLDs yet contained no TLDs. Enable debug logging for this logger for a complete list of JARs that were scanned but no TLDs were found in them. Skipping unneeded JARs during scanning can improve startup time and JSP compilation time.
20-Mar-2023 18:24:57.306 INFO [http-nio-8082-exec-24] org.apache.catalina.core.StandardContext.reload Reloading Context with name [/TodoApp2] is completed
20-Mar-2023 18:25:16.453 INFO [http-nio-8082-exec-21] org.apache.catalina.core.StandardContext.reload Reloading Context with name [/TodoApp2] has started
20-Mar-2023 18:25:16.953 INFO [http-nio-8082-exec-21] org.apache.jasper.servlet.TldScanner.scanJars At least one JAR was scanned for TLDs yet contained no TLDs. Enable debug logging for this logger for a complete list of JARs that were scanned but no TLDs were found in them. Skipping unneeded JARs during scanning can improve startup time and JSP compilation time.
20-Mar-2023 18:25:16.968 INFO [http-nio-8082-exec-21] org.apache.catalina.core.StandardContext.reload Reloading Context with name [/TodoApp2] is completed
20-Mar-2023 18:25:45.237 INFO [http-nio-8082-exec-26] org.apache.catalina.core.StandardContext.reload Reloading Context with name [/TodoApp2] has started
20-Mar-2023 18:25:45.565 INFO [http-nio-8082-exec-26] org.apache.jasper.servlet.TldScanner.scanJars At least one JAR was scanned for TLDs yet contained no TLDs. Enable debug logging for this logger for a complete list of JARs that were scanned but no TLDs were found in them. Skipping unneeded JARs during scanning can improve startup time and JSP compilation time.
20-Mar-2023 18:25:45.565 INFO [http-nio-8082-exec-26] org.apache.catalina.core.StandardContext.reload Reloading Context with name [/TodoApp2] is completed
20-Mar-2023 18:26:38.058 INFO [http-nio-8082-exec-27] org.apache.catalina.core.StandardContext.reload Reloading Context with name [/TodoApp2] has started
20-Mar-2023 18:26:38.511 INFO [http-nio-8082-exec-27] org.apache.jasper.servlet.TldScanner.scanJars At least one JAR was scanned for TLDs yet contained no TLDs. Enable debug logging for this logger for a complete list of JARs that were scanned but no TLDs were found in them. Skipping unneeded JARs during scanning can improve startup time and JSP compilation time.
20-Mar-2023 18:26:38.730 INFO [http-nio-8082-exec-27] org.apache.catalina.core.StandardContext.reload Reloading Context with name [/TodoApp2] is completed
20-Mar-2023 18:27:24.861 INFO [http-nio-8082-exec-25] org.apache.catalina.core.StandardContext.reload Reloading Context with name [/TodoApp2] has started
20-Mar-2023 18:27:25.377 INFO [http-nio-8082-exec-25] org.apache.jasper.servlet.TldScanner.scanJars At least one JAR was scanned for TLDs yet contained no TLDs. Enable debug logging for this logger for a complete list of JARs that were scanned but no TLDs were found in them. Skipping unneeded JARs during scanning can improve startup time and JSP compilation time.
20-Mar-2023 18:27:25.440 INFO [http-nio-8082-exec-25] org.apache.catalina.core.StandardContext.reload Reloading Context with name [/TodoApp2] is completed
20-Mar-2023 18:27:27.252 INFO [http-nio-8082-exec-16] org.apache.catalina.core.StandardContext.reload Reloading Context with name [/TodoApp2] has started
20-Mar-2023 18:27:27.533 INFO [http-nio-8082-exec-16] org.apache.jasper.servlet.TldScanner.scanJars At least one JAR was scanned for TLDs yet contained no TLDs. Enable debug logging for this logger for a complete list of JARs that were scanned but no TLDs were found in them. Skipping unneeded JARs during scanning can improve startup time and JSP compilation time.
20-Mar-2023 18:27:27.549 INFO [http-nio-8082-exec-16] org.apache.catalina.core.StandardContext.reload Reloading Context with name [/TodoApp2] is completed
20-Mar-2023 18:28:07.516 INFO [http-nio-8082-exec-28] org.apache.catalina.core.StandardContext.reload Reloading Context with name [/TodoApp2] has started
20-Mar-2023 18:28:07.766 INFO [http-nio-8082-exec-28] org.apache.jasper.servlet.TldScanner.scanJars At least one JAR was scanned for TLDs yet contained no TLDs. Enable debug logging for this logger for a complete list of JARs that were scanned but no TLDs were found in them. Skipping unneeded JARs during scanning can improve startup time and JSP compilation time.
20-Mar-2023 18:28:07.766 INFO [http-nio-8082-exec-28] org.apache.catalina.core.StandardContext.reload Reloading Context with name [/TodoApp2] is completed
20-Mar-2023 18:28:23.591 INFO [http-nio-8082-exec-16] org.apache.catalina.core.StandardContext.reload Reloading Context with name [/TodoApp2] has started
20-Mar-2023 18:28:23.826 INFO [http-nio-8082-exec-16] org.apache.jasper.servlet.TldScanner.scanJars At least one JAR was scanned for TLDs yet contained no TLDs. Enable debug logging for this logger for a complete list of JARs that were scanned but no TLDs were found in them. Skipping unneeded JARs during scanning can improve startup time and JSP compilation time.
20-Mar-2023 18:28:23.826 INFO [http-nio-8082-exec-16] org.apache.catalina.core.StandardContext.reload Reloading Context with name [/TodoApp2] is completed
20-Mar-2023 18:28:34.527 INFO [http-nio-8082-exec-25] org.apache.catalina.core.StandardContext.reload Reloading Context with name [/TodoApp2] has started
20-Mar-2023 18:28:34.746 INFO [http-nio-8082-exec-25] org.apache.jasper.servlet.TldScanner.scanJars At least one JAR was scanned for TLDs yet contained no TLDs. Enable debug logging for this logger for a complete list of JARs that were scanned but no TLDs were found in them. Skipping unneeded JARs during scanning can improve startup time and JSP compilation time.
20-Mar-2023 18:28:34.761 INFO [http-nio-8082-exec-25] org.apache.catalina.core.StandardContext.reload Reloading Context with name [/TodoApp2] is completed
20-Mar-2023 18:29:04.310 INFO [http-nio-8082-exec-32] org.apache.catalina.core.StandardContext.reload Reloading Context with name [/TodoApp2] has started
20-Mar-2023 18:29:04.497 INFO [http-nio-8082-exec-32] org.apache.jasper.servlet.TldScanner.scanJars At least one JAR was scanned for TLDs yet contained no TLDs. Enable debug logging for this logger for a complete list of JARs that were scanned but no TLDs were found in them. Skipping unneeded JARs during scanning can improve startup time and JSP compilation time.
20-Mar-2023 18:29:04.497 INFO [http-nio-8082-exec-32] org.apache.catalina.core.StandardContext.reload Reloading Context with name [/TodoApp2] is completed
20-Mar-2023 18:29:16.357 INFO [http-nio-8082-exec-25] org.apache.catalina.core.StandardContext.reload Reloading Context with name [/TodoApp2] has started
20-Mar-2023 18:29:16.638 INFO [http-nio-8082-exec-25] org.apache.jasper.servlet.TldScanner.scanJars At least one JAR was scanned for TLDs yet contained no TLDs. Enable debug logging for this logger for a complete list of JARs that were scanned but no TLDs were found in them. Skipping unneeded JARs during scanning can improve startup time and JSP compilation time.
20-Mar-2023 18:29:16.653 INFO [http-nio-8082-exec-25] org.apache.catalina.core.StandardContext.reload Reloading Context with name [/TodoApp2] is completed
20-Mar-2023 18:29:49.975 INFO [http-nio-8082-exec-23] org.apache.catalina.core.StandardContext.reload Reloading Context with name [/TodoApp2] has started
20-Mar-2023 18:29:50.382 INFO [http-nio-8082-exec-23] org.apache.jasper.servlet.TldScanner.scanJars At least one JAR was scanned for TLDs yet contained no TLDs. Enable debug logging for this logger for a complete list of JARs that were scanned but no TLDs were found in them. Skipping unneeded JARs during scanning can improve startup time and JSP compilation time.
20-Mar-2023 18:29:50.397 INFO [http-nio-8082-exec-23] org.apache.catalina.core.StandardContext.reload Reloading Context with name [/TodoApp2] is completed
20-Mar-2023 18:30:01.931 INFO [http-nio-8082-exec-28] org.apache.catalina.core.StandardContext.reload Reloading Context with name [/TodoApp2] has started
20-Mar-2023 18:30:02.212 INFO [http-nio-8082-exec-28] org.apache.jasper.servlet.TldScanner.scanJars At least one JAR was scanned for TLDs yet contained no TLDs. Enable debug logging for this logger for a complete list of JARs that were scanned but no TLDs were found in them. Skipping unneeded JARs during scanning can improve startup time and JSP compilation time.
20-Mar-2023 18:30:02.228 INFO [http-nio-8082-exec-28] org.apache.catalina.core.StandardContext.reload Reloading Context with name [/TodoApp2] is completed
20-Mar-2023 18:30:13.982 INFO [http-nio-8082-exec-25] org.apache.catalina.core.StandardContext.reload Reloading Context with name [/TodoApp2] has started
20-Mar-2023 18:30:14.169 INFO [http-nio-8082-exec-25] org.apache.jasper.servlet.TldScanner.scanJars At least one JAR was scanned for TLDs yet contained no TLDs. Enable debug logging for this logger for a complete list of JARs that were scanned but no TLDs were found in them. Skipping unneeded JARs during scanning can improve startup time and JSP compilation time.
20-Mar-2023 18:30:14.185 INFO [http-nio-8082-exec-25] org.apache.catalina.core.StandardContext.reload Reloading Context with name [/TodoApp2] is completed
20-Mar-2023 18:30:31.441 INFO [http-nio-8082-exec-14] org.apache.catalina.core.StandardContext.reload Reloading Context with name [/TodoApp2] has started
20-Mar-2023 18:30:31.660 INFO [http-nio-8082-exec-14] org.apache.jasper.servlet.TldScanner.scanJars At least one JAR was scanned for TLDs yet contained no TLDs. Enable debug logging for this logger for a complete list of JARs that were scanned but no TLDs were found in them. Skipping unneeded JARs during scanning can improve startup time and JSP compilation time.
20-Mar-2023 18:30:31.691 INFO [http-nio-8082-exec-14] org.apache.catalina.core.StandardContext.reload Reloading Context with name [/TodoApp2] is completed
20-Mar-2023 18:30:34.917 INFO [http-nio-8082-exec-25] org.apache.catalina.core.StandardContext.reload Reloading Context with name [/TodoApp2] has started
20-Mar-2023 18:30:35.245 INFO [http-nio-8082-exec-25] org.apache.jasper.servlet.TldScanner.scanJars At least one JAR was scanned for TLDs yet contained no TLDs. Enable debug logging for this logger for a complete list of JARs that were scanned but no TLDs were found in them. Skipping unneeded JARs during scanning can improve startup time and JSP compilation time.
20-Mar-2023 18:30:35.245 INFO [http-nio-8082-exec-25] org.apache.catalina.core.StandardContext.reload Reloading Context with name [/TodoApp2] is completed
20-Mar-2023 18:30:37.870 INFO [http-nio-8082-exec-28] org.apache.catalina.core.StandardContext.reload Reloading Context with name [/TodoApp2] has started
20-Mar-2023 18:30:38.224 INFO [http-nio-8082-exec-28] org.apache.jasper.servlet.TldScanner.scanJars At least one JAR was scanned for TLDs yet contained no TLDs. Enable debug logging for this logger for a complete list of JARs that were scanned but no TLDs were found in them. Skipping unneeded JARs during scanning can improve startup time and JSP compilation time.
20-Mar-2023 18:30:38.240 INFO [http-nio-8082-exec-28] org.apache.catalina.core.StandardContext.reload Reloading Context with name [/TodoApp2] is completed
20-Mar-2023 18:31:55.736 INFO [http-nio-8082-exec-42] org.apache.catalina.core.StandardContext.reload Reloading Context with name [/TodoApp2] has started
20-Mar-2023 18:31:56.314 INFO [http-nio-8082-exec-42] org.apache.jasper.servlet.TldScanner.scanJars At least one JAR was scanned for TLDs yet contained no TLDs. Enable debug logging for this logger for a complete list of JARs that were scanned but no TLDs were found in them. Skipping unneeded JARs during scanning can improve startup time and JSP compilation time.
20-Mar-2023 18:31:56.330 INFO [http-nio-8082-exec-42] org.apache.catalina.core.StandardContext.reload Reloading Context with name [/TodoApp2] is completed
20-Mar-2023 18:32:03.527 INFO [http-nio-8082-exec-28] org.apache.catalina.core.StandardContext.reload Reloading Context with name [/TodoApp2] has started
20-Mar-2023 18:32:03.995 INFO [http-nio-8082-exec-28] org.apache.jasper.servlet.TldScanner.scanJars At least one JAR was scanned for TLDs yet contained no TLDs. Enable debug logging for this logger for a complete list of JARs that were scanned but no TLDs were found in them. Skipping unneeded JARs during scanning can improve startup time and JSP compilation time.
20-Mar-2023 18:32:04.011 INFO [http-nio-8082-exec-28] org.apache.catalina.core.StandardContext.reload Reloading Context with name [/TodoApp2] is completed
20-Mar-2023 18:33:32.046 INFO [http-nio-8082-exec-20] org.apache.catalina.core.StandardContext.reload Reloading Context with name [/TodoApp2] has started
20-Mar-2023 18:33:32.312 INFO [http-nio-8082-exec-20] org.apache.jasper.servlet.TldScanner.scanJars At least one JAR was scanned for TLDs yet contained no TLDs. Enable debug logging for this logger for a complete list of JARs that were scanned but no TLDs were found in them. Skipping unneeded JARs during scanning can improve startup time and JSP compilation time.
20-Mar-2023 18:33:32.312 INFO [http-nio-8082-exec-20] org.apache.catalina.core.StandardContext.reload Reloading Context with name [/TodoApp2] is completed
20-Mar-2023 18:33:34.577 INFO [http-nio-8082-exec-45] org.apache.catalina.core.StandardContext.reload Reloading Context with name [/TodoApp2] has started
20-Mar-2023 18:33:34.749 INFO [http-nio-8082-exec-45] org.apache.jasper.servlet.TldScanner.scanJars At least one JAR was scanned for TLDs yet contained no TLDs. Enable debug logging for this logger for a complete list of JARs that were scanned but no TLDs were found in them. Skipping unneeded JARs during scanning can improve startup time and JSP compilation time.
20-Mar-2023 18:33:34.749 INFO [http-nio-8082-exec-45] org.apache.catalina.core.StandardContext.reload Reloading Context with name [/TodoApp2] is completed
20-Mar-2023 18:34:09.569 INFO [http-nio-8082-exec-46] org.apache.catalina.core.StandardContext.reload Reloading Context with name [/TodoApp2] has started
20-Mar-2023 18:34:09.803 INFO [http-nio-8082-exec-46] org.apache.jasper.servlet.TldScanner.scanJars At least one JAR was scanned for TLDs yet contained no TLDs. Enable debug logging for this logger for a complete list of JARs that were scanned but no TLDs were found in them. Skipping unneeded JARs during scanning can improve startup time and JSP compilation time.
20-Mar-2023 18:34:09.803 INFO [http-nio-8082-exec-46] org.apache.catalina.core.StandardContext.reload Reloading Context with name [/TodoApp2] is completed
20-Mar-2023 18:34:26.177 INFO [http-nio-8082-exec-43] org.apache.catalina.core.StandardContext.reload Reloading Context with name [/TodoApp2] has started
20-Mar-2023 18:34:26.396 INFO [http-nio-8082-exec-43] org.apache.jasper.servlet.TldScanner.scanJars At least one JAR was scanned for TLDs yet contained no TLDs. Enable debug logging for this logger for a complete list of JARs that were scanned but no TLDs were found in them. Skipping unneeded JARs during scanning can improve startup time and JSP compilation time.
20-Mar-2023 18:34:26.411 INFO [http-nio-8082-exec-43] org.apache.catalina.core.StandardContext.reload Reloading Context with name [/TodoApp2] is completed
20-Mar-2023 19:05:58.037 INFO [http-nio-8082-exec-49] org.apache.catalina.core.StandardContext.reload Reloading Context with name [/TodoApp2] has started
20-Mar-2023 19:05:58.302 INFO [http-nio-8082-exec-49] org.apache.jasper.servlet.TldScanner.scanJars At least one JAR was scanned for TLDs yet contained no TLDs. Enable debug logging for this logger for a complete list of JARs that were scanned but no TLDs were found in them. Skipping unneeded JARs during scanning can improve startup time and JSP compilation time.
20-Mar-2023 19:05:58.318 INFO [http-nio-8082-exec-49] org.apache.catalina.core.StandardContext.reload Reloading Context with name [/TodoApp2] is completed
20-Mar-2023 19:05:58.349 INFO [http-nio-8082-exec-51] org.apache.catalina.core.StandardContext.reload Reloading Context with name [/TodoApp2] has started
20-Mar-2023 19:05:58.505 INFO [http-nio-8082-exec-51] org.apache.jasper.servlet.TldScanner.scanJars At least one JAR was scanned for TLDs yet contained no TLDs. Enable debug logging for this logger for a complete list of JARs that were scanned but no TLDs were found in them. Skipping unneeded JARs during scanning can improve startup time and JSP compilation time.
20-Mar-2023 19:05:58.505 INFO [http-nio-8082-exec-51] org.apache.catalina.core.StandardContext.reload Reloading Context with name [/TodoApp2] is completed
20-Mar-2023 19:07:26.808 INFO [http-nio-8082-exec-57] org.apache.catalina.core.StandardContext.reload Reloading Context with name [/TodoApp2] has started
20-Mar-2023 19:07:27.058 INFO [http-nio-8082-exec-57] org.apache.jasper.servlet.TldScanner.scanJars At least one JAR was scanned for TLDs yet contained no TLDs. Enable debug logging for this logger for a complete list of JARs that were scanned but no TLDs were found in them. Skipping unneeded JARs during scanning can improve startup time and JSP compilation time.
20-Mar-2023 19:07:27.073 INFO [http-nio-8082-exec-57] org.apache.catalina.core.StandardContext.reload Reloading Context with name [/TodoApp2] is completed
20-Mar-2023 19:10:43.147 INFO [http-nio-8082-exec-66] org.apache.catalina.startup.HostConfig.undeploy Undeploying context [/TodoApp2]
20-Mar-2023 19:10:54.089 INFO [http-nio-8082-exec-68] org.apache.catalina.startup.HostConfig.deployDescriptor Deploying deployment descriptor [G:\Java\apache-tomcat-9.0.33\conf\Catalina\localhost\TodoApp2.xml]
20-Mar-2023 19:10:54.089 WARNING [http-nio-8082-exec-68] org.apache.catalina.startup.HostConfig.deployDescriptor The path attribute with value [/TodoApp2] in deployment descriptor [G:\Java\apache-tomcat-9.0.33\conf\Catalina\localhost\TodoApp2.xml] has been ignored
20-Mar-2023 19:10:54.276 INFO [http-nio-8082-exec-68] org.apache.jasper.servlet.TldScanner.scanJars At least one JAR was scanned for TLDs yet contained no TLDs. Enable debug logging for this logger for a complete list of JARs that were scanned but no TLDs were found in them. Skipping unneeded JARs during scanning can improve startup time and JSP compilation time.
20-Mar-2023 19:10:54.292 INFO [http-nio-8082-exec-68] org.apache.catalina.startup.HostConfig.deployDescriptor Deployment of deployment descriptor [G:\Java\apache-tomcat-9.0.33\conf\Catalina\localhost\TodoApp2.xml] has finished in [187] ms
20-Mar-2023 19:10:54.292 INFO [http-nio-8082-exec-54] org.apache.catalina.util.LifecycleBase.start The start() method was called on component [StandardEngine[Catalina].StandardHost[localhost].StandardContext[/TodoApp2]] after start() had already been called. The second call will be ignored.
20-Mar-2023 19:18:32.769 INFO [http-nio-8082-exec-72] org.apache.catalina.core.StandardContext.reload Reloading Context with name [/TodoApp2] has started
20-Mar-2023 19:18:32.777 WARNING [http-nio-8082-exec-72] org.apache.catalina.loader.WebappClassLoaderBase.clearReferencesJdbc The web application [TodoApp2] registered the JDBC driver [com.microsoft.sqlserver.jdbc.SQLServerDriver] but failed to unregister it when the web application was stopped. To prevent a memory leak, the JDBC Driver has been forcibly unregistered.
20-Mar-2023 19:18:32.777 SEVERE [http-nio-8082-exec-72] org.apache.catalina.loader.WebappClassLoaderBase.checkThreadLocalMapForLeaks The web application [TodoApp2] created a ThreadLocal with key of type [com.microsoft.sqlserver.jdbc.ActivityCorrelator$1] (value [com.microsoft.sqlserver.jdbc.ActivityCorrelator$1@5c26eab9]) and a value of type [com.microsoft.sqlserver.jdbc.ActivityId] (value [7042d88d-4fee-47df-b096-c6a160b1a7d9-2]) but failed to remove it when the web application was stopped. Threads are going to be renewed over time to try and avoid a probable memory leak.
20-Mar-2023 19:18:32.777 SEVERE [http-nio-8082-exec-72] org.apache.catalina.loader.WebappClassLoaderBase.checkThreadLocalMapForLeaks The web application [TodoApp2] created a ThreadLocal with key of type [com.microsoft.sqlserver.jdbc.ActivityCorrelator$1] (value [com.microsoft.sqlserver.jdbc.ActivityCorrelator$1@5c26eab9]) and a value of type [com.microsoft.sqlserver.jdbc.ActivityId] (value [1450d47d-71d7-4361-8d80-ffdc9f6d7c21-1]) but failed to remove it when the web application was stopped. Threads are going to be renewed over time to try and avoid a probable memory leak.
20-Mar-2023 19:18:32.777 SEVERE [http-nio-8082-exec-72] org.apache.catalina.loader.WebappClassLoaderBase.checkThreadLocalMapForLeaks The web application [TodoApp2] created a ThreadLocal with key of type [com.microsoft.sqlserver.jdbc.ActivityCorrelator$1] (value [com.microsoft.sqlserver.jdbc.ActivityCorrelator$1@5c26eab9]) and a value of type [com.microsoft.sqlserver.jdbc.ActivityId] (value [b30bed92-e648-44d9-b8d1-7cb1a3cac8bf-5]) but failed to remove it when the web application was stopped. Threads are going to be renewed over time to try and avoid a probable memory leak.
20-Mar-2023 19:18:32.778 SEVERE [http-nio-8082-exec-72] org.apache.catalina.loader.WebappClassLoaderBase.checkThreadLocalMapForLeaks The web application [TodoApp2] created a ThreadLocal with key of type [com.microsoft.sqlserver.jdbc.ActivityCorrelator$1] (value [com.microsoft.sqlserver.jdbc.ActivityCorrelator$1@5c26eab9]) and a value of type [com.microsoft.sqlserver.jdbc.ActivityId] (value [5e5df071-5e2f-4843-a356-ed324d87e501-2]) but failed to remove it when the web application was stopped. Threads are going to be renewed over time to try and avoid a probable memory leak.
20-Mar-2023 19:18:32.778 SEVERE [http-nio-8082-exec-72] org.apache.catalina.loader.WebappClassLoaderBase.checkThreadLocalMapForLeaks The web application [TodoApp2] created a ThreadLocal with key of type [com.microsoft.sqlserver.jdbc.ActivityCorrelator$1] (value [com.microsoft.sqlserver.jdbc.ActivityCorrelator$1@5c26eab9]) and a value of type [com.microsoft.sqlserver.jdbc.ActivityId] (value [c90fef8e-5ba6-4b93-b277-7d213d90a17e-2]) but failed to remove it when the web application was stopped. Threads are going to be renewed over time to try and avoid a probable memory leak.
20-Mar-2023 19:18:32.778 SEVERE [http-nio-8082-exec-72] org.apache.catalina.loader.WebappClassLoaderBase.checkThreadLocalMapForLeaks The web application [TodoApp2] created a ThreadLocal with key of type [com.microsoft.sqlserver.jdbc.ActivityCorrelator$1] (value [com.microsoft.sqlserver.jdbc.ActivityCorrelator$1@5c26eab9]) and a value of type [com.microsoft.sqlserver.jdbc.ActivityId] (value [29bd1ae6-f9df-4626-a9ed-641de66ae325-1]) but failed to remove it when the web application was stopped. Threads are going to be renewed over time to try and avoid a probable memory leak.
20-Mar-2023 19:18:32.778 SEVERE [http-nio-8082-exec-72] org.apache.catalina.loader.WebappClassLoaderBase.checkThreadLocalMapForLeaks The web application [TodoApp2] created a ThreadLocal with key of type [com.microsoft.sqlserver.jdbc.ActivityCorrelator$1] (value [com.microsoft.sqlserver.jdbc.ActivityCorrelator$1@5c26eab9]) and a value of type [com.microsoft.sqlserver.jdbc.ActivityId] (value [294a9799-0b0a-4fe9-b9b2-8b3e4624c3c1-1]) but failed to remove it when the web application was stopped. Threads are going to be renewed over time to try and avoid a probable memory leak.
20-Mar-2023 19:18:33.060 INFO [http-nio-8082-exec-72] org.apache.jasper.servlet.TldScanner.scanJars At least one JAR was scanned for TLDs yet contained no TLDs. Enable debug logging for this logger for a complete list of JARs that were scanned but no TLDs were found in them. Skipping unneeded JARs during scanning can improve startup time and JSP compilation time.
20-Mar-2023 19:18:33.075 INFO [http-nio-8082-exec-72] org.apache.catalina.core.StandardContext.reload Reloading Context with name [/TodoApp2] is completed
20-Mar-2023 19:21:32.502 INFO [http-nio-8082-exec-84] org.apache.catalina.core.StandardContext.reload Reloading Context with name [/TodoApp2] has started
20-Mar-2023 19:21:32.508 WARNING [http-nio-8082-exec-84] org.apache.catalina.loader.WebappClassLoaderBase.clearReferencesJdbc The web application [TodoApp2] registered the JDBC driver [com.microsoft.sqlserver.jdbc.SQLServerDriver] but failed to unregister it when the web application was stopped. To prevent a memory leak, the JDBC Driver has been forcibly unregistered.
20-Mar-2023 19:21:32.509 SEVERE [http-nio-8082-exec-84] org.apache.catalina.loader.WebappClassLoaderBase.checkThreadLocalMapForLeaks The web application [TodoApp2] created a ThreadLocal with key of type [com.microsoft.sqlserver.jdbc.ActivityCorrelator$1] (value [com.microsoft.sqlserver.jdbc.ActivityCorrelator$1@35b3cae1]) and a value of type [com.microsoft.sqlserver.jdbc.ActivityId] (value [a8188acd-24b5-4828-9a56-d994e15c42ba-2]) but failed to remove it when the web application was stopped. Threads are going to be renewed over time to try and avoid a probable memory leak.
20-Mar-2023 19:21:32.797 INFO [http-nio-8082-exec-84] org.apache.jasper.servlet.TldScanner.scanJars At least one JAR was scanned for TLDs yet contained no TLDs. Enable debug logging for this logger for a complete list of JARs that were scanned but no TLDs were found in them. Skipping unneeded JARs during scanning can improve startup time and JSP compilation time.
20-Mar-2023 19:21:32.806 INFO [104] org.apache.catalina.core.StandardContext.reload Reloading Context with name [/TodoApp2] is completed
20-Mar-2023 19:21:41.072 INFO [http-nio-8082-exec-89] org.apache.catalina.startup.HostConfig.undeploy Undeploying context [/TodoApp2]
20-Mar-2023 19:21:42.728 INFO [http-nio-8082-exec-79] org.apache.catalina.startup.HostConfig.deployDescriptor Deploying deployment descriptor [G:\Java\apache-tomcat-9.0.33\conf\Catalina\localhost\TodoApp2.xml]
20-Mar-2023 19:21:42.729 WARNING [http-nio-8082-exec-79] org.apache.catalina.startup.HostConfig.deployDescriptor The path attribute with value [/TodoApp2] in deployment descriptor [G:\Java\apache-tomcat-9.0.33\conf\Catalina\localhost\TodoApp2.xml] has been ignored
20-Mar-2023 19:21:42.958 INFO [http-nio-8082-exec-79] org.apache.jasper.servlet.TldScanner.scanJars At least one JAR was scanned for TLDs yet contained no TLDs. Enable debug logging for this logger for a complete list of JARs that were scanned but no TLDs were found in them. Skipping unneeded JARs during scanning can improve startup time and JSP compilation time.
20-Mar-2023 19:21:42.967 INFO [http-nio-8082-exec-79] org.apache.catalina.startup.HostConfig.deployDescriptor Deployment of deployment descriptor [G:\Java\apache-tomcat-9.0.33\conf\Catalina\localhost\TodoApp2.xml] has finished in [239] ms
20-Mar-2023 19:21:42.976 INFO [http-nio-8082-exec-80] org.apache.catalina.util.LifecycleBase.start The start() method was called on component [StandardEngine[Catalina].StandardHost[localhost].StandardContext[/TodoApp2]] after start() had already been called. The second call will be ignored.
20-Mar-2023 19:27:59.108 INFO [http-nio-8082-exec-100] org.apache.catalina.core.StandardContext.reload Reloading Context with name [/TodoApp2] has started
20-Mar-2023 19:27:59.117 WARNING [http-nio-8082-exec-100] org.apache.catalina.loader.WebappClassLoaderBase.clearReferencesJdbc The web application [TodoApp2] registered the JDBC driver [com.microsoft.sqlserver.jdbc.SQLServerDriver] but failed to unregister it when the web application was stopped. To prevent a memory leak, the JDBC Driver has been forcibly unregistered.
20-Mar-2023 19:27:59.118 SEVERE [http-nio-8082-exec-100] org.apache.catalina.loader.WebappClassLoaderBase.checkThreadLocalMapForLeaks The web application [TodoApp2] created a ThreadLocal with key of type [com.microsoft.sqlserver.jdbc.ActivityCorrelator$1] (value [com.microsoft.sqlserver.jdbc.ActivityCorrelator$1@11f3c84a]) and a value of type [com.microsoft.sqlserver.jdbc.ActivityId] (value [2278cb18-f80e-4fca-8440-b5424a04ef7c-2]) but failed to remove it when the web application was stopped. Threads are going to be renewed over time to try and avoid a probable memory leak.
20-Mar-2023 19:27:59.119 SEVERE [http-nio-8082-exec-100] org.apache.catalina.loader.WebappClassLoaderBase.checkThreadLocalMapForLeaks The web application [TodoApp2] created a ThreadLocal with key of type [com.microsoft.sqlserver.jdbc.ActivityCorrelator$1] (value [com.microsoft.sqlserver.jdbc.ActivityCorrelator$1@11f3c84a]) and a value of type [com.microsoft.sqlserver.jdbc.ActivityId] (value [1d706acc-0683-49e7-b0ea-7cfef041a59e-1]) but failed to remove it when the web application was stopped. Threads are going to be renewed over time to try and avoid a probable memory leak.
20-Mar-2023 19:27:59.120 SEVERE [http-nio-8082-exec-100] org.apache.catalina.loader.WebappClassLoaderBase.checkThreadLocalMapForLeaks The web application [TodoApp2] created a ThreadLocal with key of type [com.microsoft.sqlserver.jdbc.ActivityCorrelator$1] (value [com.microsoft.sqlserver.jdbc.ActivityCorrelator$1@11f3c84a]) and a value of type [com.microsoft.sqlserver.jdbc.ActivityId] (value [db1807d9-248c-410c-ac41-fd0eef97fd39-2]) but failed to remove it when the web application was stopped. Threads are going to be renewed over time to try and avoid a probable memory leak.
20-Mar-2023 19:27:59.476 INFO [http-nio-8082-exec-100] org.apache.jasper.servlet.TldScanner.scanJars At least one JAR was scanned for TLDs yet contained no TLDs. Enable debug logging for this logger for a complete list of JARs that were scanned but no TLDs were found in them. Skipping unneeded JARs during scanning can improve startup time and JSP compilation time.
20-Mar-2023 19:27:59.490 INFO [http-nio-8082-exec-100] org.apache.catalina.core.StandardContext.reload Reloading Context with name [/TodoApp2] is completed
20-Mar-2023 19:28:40.655 INFO [http-nio-8082-exec-92] org.apache.catalina.core.StandardContext.reload Reloading Context with name [/TodoApp2] has started
20-Mar-2023 19:28:40.662 WARNING [http-nio-8082-exec-92] org.apache.catalina.loader.WebappClassLoaderBase.clearReferencesJdbc The web application [TodoApp2] registered the JDBC driver [com.microsoft.sqlserver.jdbc.SQLServerDriver] but failed to unregister it when the web application was stopped. To prevent a memory leak, the JDBC Driver has been forcibly unregistered.
20-Mar-2023 19:28:40.662 SEVERE [http-nio-8082-exec-92] org.apache.catalina.loader.WebappClassLoaderBase.checkThreadLocalMapForLeaks The web application [TodoApp2] created a ThreadLocal with key of type [com.microsoft.sqlserver.jdbc.ActivityCorrelator$1] (value [com.microsoft.sqlserver.jdbc.ActivityCorrelator$1@1e44306e]) and a value of type [com.microsoft.sqlserver.jdbc.ActivityId] (value [d40145a1-46f3-4aa3-990d-e808f3e421bf-1]) but failed to remove it when the web application was stopped. Threads are going to be renewed over time to try and avoid a probable memory leak.
20-Mar-2023 19:28:40.662 SEVERE [http-nio-8082-exec-92] org.apache.catalina.loader.WebappClassLoaderBase.checkThreadLocalMapForLeaks The web application [TodoApp2] created a ThreadLocal with key of type [com.microsoft.sqlserver.jdbc.ActivityCorrelator$1] (value [com.microsoft.sqlserver.jdbc.ActivityCorrelator$1@1e44306e]) and a value of type [com.microsoft.sqlserver.jdbc.ActivityId] (value [1222a843-2943-4fbe-ac53-ceceeab1ba3a-2]) but failed to remove it when the web application was stopped. Threads are going to be renewed over time to try and avoid a probable memory leak.
20-Mar-2023 19:28:40.881 INFO [http-nio-8082-exec-92] org.apache.jasper.servlet.TldScanner.scanJars At least one JAR was scanned for TLDs yet contained no TLDs. Enable debug logging for this logger for a complete list of JARs that were scanned but no TLDs were found in them. Skipping unneeded JARs during scanning can improve startup time and JSP compilation time.
20-Mar-2023 19:28:40.890 INFO [http-nio-8082-exec-92] org.apache.catalina.core.StandardContext.reload Reloading Context with name [/TodoApp2] is completed
20-Mar-2023 19:38:24.248 INFO [main] org.apache.catalina.core.StandardServer.await A valid shutdown command was received via the shutdown port. Stopping the Server instance.
20-Mar-2023 19:38:24.248 INFO [main] org.apache.coyote.AbstractProtocol.pause Pausing ProtocolHandler ["http-nio-8082"]
20-Mar-2023 19:38:24.522 INFO [main] org.apache.catalina.core.StandardService.stopInternal Stopping service [Catalina]
20-Mar-2023 19:38:24.532 WARNING [main] org.apache.catalina.loader.WebappClassLoaderBase.clearReferencesJdbc The web application [TodoApp2] registered the JDBC driver [com.microsoft.sqlserver.jdbc.SQLServerDriver] but failed to unregister it when the web application was stopped. To prevent a memory leak, the JDBC Driver has been forcibly unregistered.
20-Mar-2023 19:38:24.533 SEVERE [main] org.apache.catalina.loader.WebappClassLoaderBase.checkThreadLocalMapForLeaks The web application [TodoApp2] created a ThreadLocal with key of type [com.microsoft.sqlserver.jdbc.ActivityCorrelator$1] (value [com.microsoft.sqlserver.jdbc.ActivityCorrelator$1@6ed3f258]) and a value of type [com.microsoft.sqlserver.jdbc.ActivityId] (value [c5f99c38-0a58-4a54-abc0-78f451131cc4-3]) but failed to remove it when the web application was stopped. Threads are going to be renewed over time to try and avoid a probable memory leak.
20-Mar-2023 19:38:24.533 SEVERE [main] org.apache.catalina.loader.WebappClassLoaderBase.checkThreadLocalMapForLeaks The web application [TodoApp2] created a ThreadLocal with key of type [com.microsoft.sqlserver.jdbc.ActivityCorrelator$1] (value [com.microsoft.sqlserver.jdbc.ActivityCorrelator$1@6ed3f258]) and a value of type [com.microsoft.sqlserver.jdbc.ActivityId] (value [0e1a0caa-8094-4e6d-b44e-37501dd463f7-4]) but failed to remove it when the web application was stopped. Threads are going to be renewed over time to try and avoid a probable memory leak.
20-Mar-2023 19:38:24.533 SEVERE [main] org.apache.catalina.loader.WebappClassLoaderBase.checkThreadLocalMapForLeaks The web application [TodoApp2] created a ThreadLocal with key of type [com.microsoft.sqlserver.jdbc.ActivityCorrelator$1] (value [com.microsoft.sqlserver.jdbc.ActivityCorrelator$1@6ed3f258]) and a value of type [com.microsoft.sqlserver.jdbc.ActivityId] (value [153fa3a1-6bf3-4805-9c9e-5f0d53f579fe-4]) but failed to remove it when the web application was stopped. Threads are going to be renewed over time to try and avoid a probable memory leak.
20-Mar-2023 19:38:24.536 SEVERE [main] org.apache.catalina.loader.WebappClassLoaderBase.checkThreadLocalMapForLeaks The web application [TodoApp2] created a ThreadLocal with key of type [com.microsoft.sqlserver.jdbc.ActivityCorrelator$1] (value [com.microsoft.sqlserver.jdbc.ActivityCorrelator$1@6ed3f258]) and a value of type [com.microsoft.sqlserver.jdbc.ActivityId] (value [18fc2138-c16a-4fde-9e0b-efa5ed2c3e42-6]) but failed to remove it when the web application was stopped. Threads are going to be renewed over time to try and avoid a probable memory leak.
20-Mar-2023 19:38:24.536 SEVERE [main] org.apache.catalina.loader.WebappClassLoaderBase.checkThreadLocalMapForLeaks The web application [TodoApp2] created a ThreadLocal with key of type [com.microsoft.sqlserver.jdbc.ActivityCorrelator$1] (value [com.microsoft.sqlserver.jdbc.ActivityCorrelator$1@6ed3f258]) and a value of type [com.microsoft.sqlserver.jdbc.ActivityId] (value [07c63dbc-2e1e-4d55-8109-6f3bdecf5efe-5]) but failed to remove it when the web application was stopped. Threads are going to be renewed over time to try and avoid a probable memory leak.
20-Mar-2023 19:38:24.536 SEVERE [main] org.apache.catalina.loader.WebappClassLoaderBase.checkThreadLocalMapForLeaks The web application [TodoApp2] created a ThreadLocal with key of type [com.microsoft.sqlserver.jdbc.ActivityCorrelator$1] (value [com.microsoft.sqlserver.jdbc.ActivityCorrelator$1@6ed3f258]) and a value of type [com.microsoft.sqlserver.jdbc.ActivityId] (value [1177c3b8-afa8-481c-ba47-0c24fd344e6d-4]) but failed to remove it when the web application was stopped. Threads are going to be renewed over time to try and avoid a probable memory leak.
20-Mar-2023 19:38:24.537 SEVERE [main] org.apache.catalina.loader.WebappClassLoaderBase.checkThreadLocalMapForLeaks The web application [TodoApp2] created a ThreadLocal with key of type [com.microsoft.sqlserver.jdbc.ActivityCorrelator$1] (value [com.microsoft.sqlserver.jdbc.ActivityCorrelator$1@6ed3f258]) and a value of type [com.microsoft.sqlserver.jdbc.ActivityId] (value [7805c453-262b-419b-9b21-01befc0ddbe0-2]) but failed to remove it when the web application was stopped. Threads are going to be renewed over time to try and avoid a probable memory leak.
20-Mar-2023 19:38:24.559 SEVERE [main] org.apache.catalina.loader.WebappClassLoaderBase.checkThreadLocalMapForLeaks The web application [TodoApp2] created a ThreadLocal with key of type [com.microsoft.sqlserver.jdbc.ActivityCorrelator$1] (value [com.microsoft.sqlserver.jdbc.ActivityCorrelator$1@6ed3f258]) and a value of type [com.microsoft.sqlserver.jdbc.ActivityId] (value [b356799c-340a-4049-a7ff-43c23fc1c0b7-2]) but failed to remove it when the web application was stopped. Threads are going to be renewed over time to try and avoid a probable memory leak.
20-Mar-2023 19:38:24.559 SEVERE [main] org.apache.catalina.loader.WebappClassLoaderBase.checkThreadLocalMapForLeaks The web application [TodoApp2] created a ThreadLocal with key of type [com.microsoft.sqlserver.jdbc.ActivityCorrelator$1] (value [com.microsoft.sqlserver.jdbc.ActivityCorrelator$1@6ed3f258]) and a value of type [com.microsoft.sqlserver.jdbc.ActivityId] (value [18837ad4-21f1-4326-b78e-cc9e5fa81853-2]) but failed to remove it when the web application was stopped. Threads are going to be renewed over time to try and avoid a probable memory leak.
20-Mar-2023 19:38:24.559 SEVERE [main] org.apache.catalina.loader.WebappClassLoaderBase.checkThreadLocalMapForLeaks The web application [TodoApp2] created a ThreadLocal with key of type [com.microsoft.sqlserver.jdbc.ActivityCorrelator$1] (value [com.microsoft.sqlserver.jdbc.ActivityCorrelator$1@6ed3f258]) and a value of type [com.microsoft.sqlserver.jdbc.ActivityId] (value [71bd7d96-646d-45f0-bd37-a4064730d675-3]) but failed to remove it when the web application was stopped. Threads are going to be renewed over time to try and avoid a probable memory leak.
20-Mar-2023 19:38:24.580 INFO [main] org.apache.coyote.AbstractProtocol.stop Stopping ProtocolHandler ["http-nio-8082"]
20-Mar-2023 19:38:24.585 INFO [main] org.apache.coyote.AbstractProtocol.destroy Destroying ProtocolHandler ["http-nio-8082"]
