24-Feb-2023 09:34:11.564 INFO [main] org.apache.catalina.startup.VersionLoggerListener.log Server version name:   Apache Tomcat/9.0.33
24-Feb-2023 09:34:11.564 INFO [main] org.apache.catalina.startup.VersionLoggerListener.log Server built:          Mar 11 2020 09:31:38 UTC
24-Feb-2023 09:34:11.564 INFO [main] org.apache.catalina.startup.VersionLoggerListener.log Server version number: 9.0.33.0
24-Feb-2023 09:34:11.564 INFO [main] org.apache.catalina.startup.VersionLoggerListener.log OS Name:               Windows 10
24-Feb-2023 09:34:11.564 INFO [main] org.apache.catalina.startup.VersionLoggerListener.log OS Version:            10.0
24-Feb-2023 09:34:11.564 INFO [main] org.apache.catalina.startup.VersionLoggerListener.log Architecture:          amd64
24-Feb-2023 09:34:11.564 INFO [main] org.apache.catalina.startup.VersionLoggerListener.log Java Home:             C:\Program Files\Java\jdk1.8.0_281\jre
24-Feb-2023 09:34:11.564 INFO [main] org.apache.catalina.startup.VersionLoggerListener.log JVM Version:           1.8.0_281-b09
24-Feb-2023 09:34:11.564 INFO [main] org.apache.catalina.startup.VersionLoggerListener.log JVM Vendor:            Oracle Corporation
24-Feb-2023 09:34:11.564 INFO [main] org.apache.catalina.startup.VersionLoggerListener.log CATALINA_BASE:         G:\Java\apache-tomcat-9.0.33
24-Feb-2023 09:34:11.564 INFO [main] org.apache.catalina.startup.VersionLoggerListener.log CATALINA_HOME:         G:\Java\apache-tomcat-9.0.33
24-Feb-2023 09:34:11.564 INFO [main] org.apache.catalina.startup.VersionLoggerListener.log Command line argument: -Djava.util.logging.config.file=G:\Java\apache-tomcat-9.0.33\conf\logging.properties
24-Feb-2023 09:34:11.564 INFO [main] org.apache.catalina.startup.VersionLoggerListener.log Command line argument: -Djava.util.logging.manager=org.apache.juli.ClassLoaderLogManager
24-Feb-2023 09:34:11.564 INFO [main] org.apache.catalina.startup.VersionLoggerListener.log Command line argument: -Dhttp.nonProxyHosts=localhost|127.0.0.1|Desktop-Aspire
24-Feb-2023 09:34:11.564 INFO [main] org.apache.catalina.startup.VersionLoggerListener.log Command line argument: -Djdk.tls.ephemeralDHKeySize=2048
24-Feb-2023 09:34:11.564 INFO [main] org.apache.catalina.startup.VersionLoggerListener.log Command line argument: -Djava.protocol.handler.pkgs=org.apache.catalina.webresources
24-Feb-2023 09:34:11.564 INFO [main] org.apache.catalina.startup.VersionLoggerListener.log Command line argument: -Dignore.endorsed.dirs=
24-Feb-2023 09:34:11.564 INFO [main] org.apache.catalina.startup.VersionLoggerListener.log Command line argument: -Dcatalina.base=G:\Java\apache-tomcat-9.0.33
24-Feb-2023 09:34:11.564 INFO [main] org.apache.catalina.startup.VersionLoggerListener.log Command line argument: -Dcatalina.home=G:\Java\apache-tomcat-9.0.33
24-Feb-2023 09:34:11.564 INFO [main] org.apache.catalina.startup.VersionLoggerListener.log Command line argument: -Djava.io.tmpdir=G:\Java\apache-tomcat-9.0.33\temp
24-Feb-2023 09:34:11.564 INFO [main] org.apache.catalina.core.AprLifecycleListener.lifecycleEvent Loaded APR based Apache Tomcat Native library [1.2.23] using APR version [1.7.0].
24-Feb-2023 09:34:11.564 INFO [main] org.apache.catalina.core.AprLifecycleListener.lifecycleEvent APR capabilities: IPv6 [true], sendfile [true], accept filters [false], random [true].
24-Feb-2023 09:34:11.564 INFO [main] org.apache.catalina.core.AprLifecycleListener.lifecycleEvent APR/OpenSSL configuration: useAprConnector [false], useOpenSSL [true]
24-Feb-2023 09:34:11.595 INFO [main] org.apache.catalina.core.AprLifecycleListener.initializeSSL OpenSSL successfully initialized [OpenSSL 1.1.1c  28 May 2019]
24-Feb-2023 09:34:12.189 INFO [main] org.apache.coyote.AbstractProtocol.init Initializing ProtocolHandler ["http-nio-8082"]
24-Feb-2023 09:34:12.501 INFO [main] org.apache.catalina.startup.Catalina.load Server initialization in [1,278] milliseconds
24-Feb-2023 09:34:12.564 INFO [main] org.apache.catalina.core.StandardService.startInternal Starting service [Catalina]
24-Feb-2023 09:34:12.564 INFO [main] org.apache.catalina.core.StandardEngine.startInternal Starting Servlet engine: [Apache Tomcat/9.0.33]
24-Feb-2023 09:34:12.580 INFO [main] org.apache.catalina.startup.HostConfig.deployDescriptor Deploying deployment descriptor [G:\Java\apache-tomcat-9.0.33\conf\Catalina\localhost\TodoApp1.xml]
24-Feb-2023 09:34:12.611 WARNING [main] org.apache.catalina.startup.HostConfig.deployDescriptor The path attribute with value [/TodoApp1] in deployment descriptor [G:\Java\apache-tomcat-9.0.33\conf\Catalina\localhost\TodoApp1.xml] has been ignored
24-Feb-2023 09:34:13.517 INFO [main] org.apache.jasper.servlet.TldScanner.scanJars At least one JAR was scanned for TLDs yet contained no TLDs. Enable debug logging for this logger for a complete list of JARs that were scanned but no TLDs were found in them. Skipping unneeded JARs during scanning can improve startup time and JSP compilation time.
24-Feb-2023 09:34:13.611 INFO [main] org.apache.catalina.startup.HostConfig.deployDescriptor Deployment of deployment descriptor [G:\Java\apache-tomcat-9.0.33\conf\Catalina\localhost\TodoApp1.xml] has finished in [1,031] ms
24-Feb-2023 09:34:13.611 INFO [main] org.apache.catalina.startup.HostConfig.deployDirectory Deploying web application directory [G:\Java\apache-tomcat-9.0.33\webapps\docs]
24-Feb-2023 09:34:13.658 INFO [main] org.apache.catalina.startup.HostConfig.deployDirectory Deployment of web application directory [G:\Java\apache-tomcat-9.0.33\webapps\docs] has finished in [47] ms
24-Feb-2023 09:34:13.658 INFO [main] org.apache.catalina.startup.HostConfig.deployDirectory Deploying web application directory [G:\Java\apache-tomcat-9.0.33\webapps\examples]
24-Feb-2023 09:34:14.064 INFO [main] org.apache.catalina.startup.HostConfig.deployDirectory Deployment of web application directory [G:\Java\apache-tomcat-9.0.33\webapps\examples] has finished in [406] ms
24-Feb-2023 09:34:14.064 INFO [main] org.apache.catalina.startup.HostConfig.deployDirectory Deploying web application directory [G:\Java\apache-tomcat-9.0.33\webapps\host-manager]
24-Feb-2023 09:34:14.158 INFO [main] org.apache.catalina.startup.HostConfig.deployDirectory Deployment of web application directory [G:\Java\apache-tomcat-9.0.33\webapps\host-manager] has finished in [94] ms
24-Feb-2023 09:34:14.158 INFO [main] org.apache.catalina.startup.HostConfig.deployDirectory Deploying web application directory [G:\Java\apache-tomcat-9.0.33\webapps\manager]
24-Feb-2023 09:34:14.205 INFO [main] org.apache.catalina.startup.HostConfig.deployDirectory Deployment of web application directory [G:\Java\apache-tomcat-9.0.33\webapps\manager] has finished in [47] ms
24-Feb-2023 09:34:14.220 INFO [main] org.apache.catalina.startup.HostConfig.deployDirectory Deploying web application directory [G:\Java\apache-tomcat-9.0.33\webapps\ROOT]
24-Feb-2023 09:34:14.267 INFO [main] org.apache.catalina.startup.HostConfig.deployDirectory Deployment of web application directory [G:\Java\apache-tomcat-9.0.33\webapps\ROOT] has finished in [47] ms
24-Feb-2023 09:34:14.267 INFO [main] org.apache.coyote.AbstractProtocol.start Starting ProtocolHandler ["http-nio-8082"]
24-Feb-2023 09:34:14.283 INFO [main] org.apache.catalina.startup.Catalina.start Server startup in [1,772] milliseconds
24-Feb-2023 09:34:25.470 INFO [http-nio-8082-exec-9] org.apache.catalina.startup.HostConfig.undeploy Undeploying context [/TodoApp1]
24-Feb-2023 09:34:25.486 INFO [http-nio-8082-exec-6] org.apache.catalina.startup.HostConfig.deployDescriptor Deploying deployment descriptor [G:\Java\apache-tomcat-9.0.33\conf\Catalina\localhost\TodoApp1.xml]
24-Feb-2023 09:34:25.486 WARNING [http-nio-8082-exec-6] org.apache.catalina.startup.HostConfig.deployDescriptor The path attribute with value [/TodoApp1] in deployment descriptor [G:\Java\apache-tomcat-9.0.33\conf\Catalina\localhost\TodoApp1.xml] has been ignored
24-Feb-2023 09:34:26.095 INFO [http-nio-8082-exec-6] org.apache.jasper.servlet.TldScanner.scanJars At least one JAR was scanned for TLDs yet contained no TLDs. Enable debug logging for this logger for a complete list of JARs that were scanned but no TLDs were found in them. Skipping unneeded JARs during scanning can improve startup time and JSP compilation time.
24-Feb-2023 09:34:26.142 INFO [http-nio-8082-exec-6] org.apache.catalina.startup.HostConfig.deployDescriptor Deployment of deployment descriptor [G:\Java\apache-tomcat-9.0.33\conf\Catalina\localhost\TodoApp1.xml] has finished in [656] ms
24-Feb-2023 09:40:35.431 INFO [http-nio-8082-exec-15] org.apache.catalina.core.StandardContext.reload Reloading Context with name [/TodoApp1] has started
24-Feb-2023 09:40:35.443 WARNING [http-nio-8082-exec-15] org.apache.catalina.loader.WebappClassLoaderBase.clearReferencesJdbc The web application [TodoApp1] registered the JDBC driver [com.microsoft.sqlserver.jdbc.SQLServerDriver] but failed to unregister it when the web application was stopped. To prevent a memory leak, the JDBC Driver has been forcibly unregistered.
24-Feb-2023 09:40:35.444 SEVERE [http-nio-8082-exec-15] org.apache.catalina.loader.WebappClassLoaderBase.checkThreadLocalMapForLeaks The web application [TodoApp1] created a ThreadLocal with key of type [com.microsoft.sqlserver.jdbc.ActivityCorrelator$1] (value [com.microsoft.sqlserver.jdbc.ActivityCorrelator$1@b5f2179]) and a value of type [com.microsoft.sqlserver.jdbc.ActivityId] (value [292b74c4-27f5-4ca7-b336-83fedcf767d0-1]) but failed to remove it when the web application was stopped. Threads are going to be renewed over time to try and avoid a probable memory leak.
24-Feb-2023 09:40:35.444 SEVERE [http-nio-8082-exec-15] org.apache.catalina.loader.WebappClassLoaderBase.checkThreadLocalMapForLeaks The web application [TodoApp1] created a ThreadLocal with key of type [com.microsoft.sqlserver.jdbc.ActivityCorrelator$1] (value [com.microsoft.sqlserver.jdbc.ActivityCorrelator$1@b5f2179]) and a value of type [com.microsoft.sqlserver.jdbc.ActivityId] (value [315ddcfe-110b-4beb-804c-9e8e7b337661-3]) but failed to remove it when the web application was stopped. Threads are going to be renewed over time to try and avoid a probable memory leak.
24-Feb-2023 09:40:35.444 SEVERE [http-nio-8082-exec-15] org.apache.catalina.loader.WebappClassLoaderBase.checkThreadLocalMapForLeaks The web application [TodoApp1] created a ThreadLocal with key of type [com.microsoft.sqlserver.jdbc.ActivityCorrelator$1] (value [com.microsoft.sqlserver.jdbc.ActivityCorrelator$1@b5f2179]) and a value of type [com.microsoft.sqlserver.jdbc.ActivityId] (value [0bd442fa-5ade-4d4e-8de4-2dc1247624b9-3]) but failed to remove it when the web application was stopped. Threads are going to be renewed over time to try and avoid a probable memory leak.
24-Feb-2023 09:40:35.445 SEVERE [http-nio-8082-exec-15] org.apache.catalina.loader.WebappClassLoaderBase.checkThreadLocalMapForLeaks The web application [TodoApp1] created a ThreadLocal with key of type [com.microsoft.sqlserver.jdbc.ActivityCorrelator$1] (value [com.microsoft.sqlserver.jdbc.ActivityCorrelator$1@b5f2179]) and a value of type [com.microsoft.sqlserver.jdbc.ActivityId] (value [f5c8eb2e-dc00-4d14-a409-e6a120ad5db1-3]) but failed to remove it when the web application was stopped. Threads are going to be renewed over time to try and avoid a probable memory leak.
24-Feb-2023 09:40:35.445 SEVERE [http-nio-8082-exec-15] org.apache.catalina.loader.WebappClassLoaderBase.checkThreadLocalMapForLeaks The web application [TodoApp1] created a ThreadLocal with key of type [com.microsoft.sqlserver.jdbc.ActivityCorrelator$1] (value [com.microsoft.sqlserver.jdbc.ActivityCorrelator$1@b5f2179]) and a value of type [com.microsoft.sqlserver.jdbc.ActivityId] (value [8b76dfe9-1237-47a6-b4ad-6bc375d739fd-4]) but failed to remove it when the web application was stopped. Threads are going to be renewed over time to try and avoid a probable memory leak.
24-Feb-2023 09:40:35.445 SEVERE [http-nio-8082-exec-15] org.apache.catalina.loader.WebappClassLoaderBase.checkThreadLocalMapForLeaks The web application [TodoApp1] created a ThreadLocal with key of type [com.microsoft.sqlserver.jdbc.ActivityCorrelator$1] (value [com.microsoft.sqlserver.jdbc.ActivityCorrelator$1@b5f2179]) and a value of type [com.microsoft.sqlserver.jdbc.ActivityId] (value [a50438db-2a3e-419d-92c7-ddc25906be54-4]) but failed to remove it when the web application was stopped. Threads are going to be renewed over time to try and avoid a probable memory leak.
24-Feb-2023 09:40:35.446 SEVERE [http-nio-8082-exec-15] org.apache.catalina.loader.WebappClassLoaderBase.checkThreadLocalMapForLeaks The web application [TodoApp1] created a ThreadLocal with key of type [com.microsoft.sqlserver.jdbc.ActivityCorrelator$1] (value [com.microsoft.sqlserver.jdbc.ActivityCorrelator$1@b5f2179]) and a value of type [com.microsoft.sqlserver.jdbc.ActivityId] (value [0409c518-4c8d-4262-af24-548277e203dd-1]) but failed to remove it when the web application was stopped. Threads are going to be renewed over time to try and avoid a probable memory leak.
24-Feb-2023 09:40:35.758 INFO [http-nio-8082-exec-15] org.apache.jasper.servlet.TldScanner.scanJars At least one JAR was scanned for TLDs yet contained no TLDs. Enable debug logging for this logger for a complete list of JARs that were scanned but no TLDs were found in them. Skipping unneeded JARs during scanning can improve startup time and JSP compilation time.
24-Feb-2023 09:40:35.781 INFO [http-nio-8082-exec-15] org.apache.catalina.core.StandardContext.reload Reloading Context with name [/TodoApp1] is completed
24-Feb-2023 09:41:21.337 INFO [http-nio-8082-exec-16] org.apache.catalina.core.StandardContext.reload Reloading Context with name [/TodoApp1] has started
24-Feb-2023 09:41:21.362 WARNING [http-nio-8082-exec-16] org.apache.catalina.loader.WebappClassLoaderBase.clearReferencesJdbc The web application [TodoApp1] registered the JDBC driver [com.microsoft.sqlserver.jdbc.SQLServerDriver] but failed to unregister it when the web application was stopped. To prevent a memory leak, the JDBC Driver has been forcibly unregistered.
24-Feb-2023 09:41:21.373 SEVERE [http-nio-8082-exec-16] org.apache.catalina.loader.WebappClassLoaderBase.checkThreadLocalMapForLeaks The web application [TodoApp1] created a ThreadLocal with key of type [com.microsoft.sqlserver.jdbc.ActivityCorrelator$1] (value [com.microsoft.sqlserver.jdbc.ActivityCorrelator$1@1fe671c8]) and a value of type [com.microsoft.sqlserver.jdbc.ActivityId] (value [d5aa937a-4034-4cd6-97a5-3d458d0c4718-1]) but failed to remove it when the web application was stopped. Threads are going to be renewed over time to try and avoid a probable memory leak.
24-Feb-2023 09:41:21.860 INFO [http-nio-8082-exec-16] org.apache.jasper.servlet.TldScanner.scanJars At least one JAR was scanned for TLDs yet contained no TLDs. Enable debug logging for this logger for a complete list of JARs that were scanned but no TLDs were found in them. Skipping unneeded JARs during scanning can improve startup time and JSP compilation time.
24-Feb-2023 09:41:21.904 INFO [http-nio-8082-exec-16] org.apache.catalina.core.StandardContext.reload Reloading Context with name [/TodoApp1] is completed
24-Feb-2023 09:41:35.960 WARNING [http-nio-8082-exec-24] org.apache.catalina.loader.WebappClassLoaderBase.clearReferencesJdbc The web application [TodoApp1] registered the JDBC driver [com.microsoft.sqlserver.jdbc.SQLServerDriver] but failed to unregister it when the web application was stopped. To prevent a memory leak, the JDBC Driver has been forcibly unregistered.
24-Feb-2023 09:41:36.475 INFO [http-nio-8082-exec-24] org.apache.catalina.startup.HostConfig.undeploy Undeploying context [/TodoApp1]
24-Feb-2023 09:41:38.272 INFO [http-nio-8082-exec-16] org.apache.catalina.startup.HostConfig.deployDescriptor Deploying deployment descriptor [G:\Java\apache-tomcat-9.0.33\conf\Catalina\localhost\TodoApp1.xml]
24-Feb-2023 09:41:38.272 WARNING [http-nio-8082-exec-16] org.apache.catalina.startup.HostConfig.deployDescriptor The path attribute with value [/TodoApp1] in deployment descriptor [G:\Java\apache-tomcat-9.0.33\conf\Catalina\localhost\TodoApp1.xml] has been ignored
24-Feb-2023 09:41:38.554 INFO [http-nio-8082-exec-16] org.apache.jasper.servlet.TldScanner.scanJars At least one JAR was scanned for TLDs yet contained no TLDs. Enable debug logging for this logger for a complete list of JARs that were scanned but no TLDs were found in them. Skipping unneeded JARs during scanning can improve startup time and JSP compilation time.
24-Feb-2023 09:41:38.554 INFO [http-nio-8082-exec-16] org.apache.catalina.startup.HostConfig.deployDescriptor Deployment of deployment descriptor [G:\Java\apache-tomcat-9.0.33\conf\Catalina\localhost\TodoApp1.xml] has finished in [282] ms
24-Feb-2023 09:41:38.569 INFO [http-nio-8082-exec-16] org.apache.catalina.util.LifecycleBase.start The start() method was called on component [StandardEngine[Catalina].StandardHost[localhost].StandardContext[/TodoApp1]] after start() had already been called. The second call will be ignored.
24-Feb-2023 09:42:51.541 INFO [http-nio-8082-exec-29] org.apache.catalina.core.StandardContext.reload Reloading Context with name [/TodoApp1] has started
24-Feb-2023 09:42:51.544 WARNING [http-nio-8082-exec-29] org.apache.catalina.loader.WebappClassLoaderBase.clearReferencesJdbc The web application [TodoApp1] registered the JDBC driver [com.microsoft.sqlserver.jdbc.SQLServerDriver] but failed to unregister it when the web application was stopped. To prevent a memory leak, the JDBC Driver has been forcibly unregistered.
24-Feb-2023 09:42:51.545 SEVERE [http-nio-8082-exec-29] org.apache.catalina.loader.WebappClassLoaderBase.checkThreadLocalMapForLeaks The web application [TodoApp1] created a ThreadLocal with key of type [com.microsoft.sqlserver.jdbc.ActivityCorrelator$1] (value [com.microsoft.sqlserver.jdbc.ActivityCorrelator$1@220d2ad]) and a value of type [com.microsoft.sqlserver.jdbc.ActivityId] (value [52958162-47f8-439f-9463-659e10211340-1]) but failed to remove it when the web application was stopped. Threads are going to be renewed over time to try and avoid a probable memory leak.
24-Feb-2023 09:42:51.545 SEVERE [http-nio-8082-exec-29] org.apache.catalina.loader.WebappClassLoaderBase.checkThreadLocalMapForLeaks The web application [TodoApp1] created a ThreadLocal with key of type [com.microsoft.sqlserver.jdbc.ActivityCorrelator$1] (value [com.microsoft.sqlserver.jdbc.ActivityCorrelator$1@220d2ad]) and a value of type [com.microsoft.sqlserver.jdbc.ActivityId] (value [941a67c1-efbd-4a66-a90b-2c8175353126-1]) but failed to remove it when the web application was stopped. Threads are going to be renewed over time to try and avoid a probable memory leak.
24-Feb-2023 09:42:52.166 INFO [http-nio-8082-exec-29] org.apache.jasper.servlet.TldScanner.scanJars At least one JAR was scanned for TLDs yet contained no TLDs. Enable debug logging for this logger for a complete list of JARs that were scanned but no TLDs were found in them. Skipping unneeded JARs during scanning can improve startup time and JSP compilation time.
24-Feb-2023 09:42:52.182 INFO [http-nio-8082-exec-29] org.apache.catalina.core.StandardContext.reload Reloading Context with name [/TodoApp1] is completed
24-Feb-2023 09:59:03.533 INFO [http-nio-8082-exec-39] org.apache.catalina.core.StandardContext.reload Reloading Context with name [/TodoApp1] has started
24-Feb-2023 09:59:03.809 INFO [http-nio-8082-exec-39] org.apache.jasper.servlet.TldScanner.scanJars At least one JAR was scanned for TLDs yet contained no TLDs. Enable debug logging for this logger for a complete list of JARs that were scanned but no TLDs were found in them. Skipping unneeded JARs during scanning can improve startup time and JSP compilation time.
24-Feb-2023 09:59:03.838 INFO [59] org.apache.catalina.core.StandardContext.reload Reloading Context with name [/TodoApp1] is completed
24-Feb-2023 10:04:51.795 INFO [http-nio-8082-exec-47] org.apache.catalina.core.StandardContext.reload Reloading Context with name [/TodoApp1] has started
24-Feb-2023 10:04:52.089 INFO [http-nio-8082-exec-47] org.apache.jasper.servlet.TldScanner.scanJars At least one JAR was scanned for TLDs yet contained no TLDs. Enable debug logging for this logger for a complete list of JARs that were scanned but no TLDs were found in them. Skipping unneeded JARs during scanning can improve startup time and JSP compilation time.
24-Feb-2023 10:04:52.099 INFO [http-nio-8082-exec-47] org.apache.catalina.core.StandardContext.reload Reloading Context with name [/TodoApp1] is completed
24-Feb-2023 10:08:07.785 INFO [http-nio-8082-exec-42] org.apache.catalina.startup.HostConfig.undeploy Undeploying context [/TodoApp1]
24-Feb-2023 10:08:10.072 INFO [http-nio-8082-exec-49] org.apache.catalina.startup.HostConfig.deployDescriptor Deploying deployment descriptor [G:\Java\apache-tomcat-9.0.33\conf\Catalina\localhost\TodoApp1.xml]
24-Feb-2023 10:08:10.073 WARNING [http-nio-8082-exec-49] org.apache.catalina.startup.HostConfig.deployDescriptor The path attribute with value [/TodoApp1] in deployment descriptor [G:\Java\apache-tomcat-9.0.33\conf\Catalina\localhost\TodoApp1.xml] has been ignored
24-Feb-2023 10:08:10.300 INFO [http-nio-8082-exec-49] org.apache.jasper.servlet.TldScanner.scanJars At least one JAR was scanned for TLDs yet contained no TLDs. Enable debug logging for this logger for a complete list of JARs that were scanned but no TLDs were found in them. Skipping unneeded JARs during scanning can improve startup time and JSP compilation time.
24-Feb-2023 10:08:10.308 INFO [http-nio-8082-exec-49] org.apache.catalina.startup.HostConfig.deployDescriptor Deployment of deployment descriptor [G:\Java\apache-tomcat-9.0.33\conf\Catalina\localhost\TodoApp1.xml] has finished in [236] ms
24-Feb-2023 10:08:10.315 INFO [http-nio-8082-exec-54] org.apache.catalina.util.LifecycleBase.start The start() method was called on component [StandardEngine[Catalina].StandardHost[localhost].StandardContext[/TodoApp1]] after start() had already been called. The second call will be ignored.
24-Feb-2023 10:42:16.895 INFO [http-nio-8082-exec-66] org.apache.catalina.core.StandardContext.reload Reloading Context with name [/TodoApp1] has started
24-Feb-2023 10:42:16.907 WARNING [http-nio-8082-exec-66] org.apache.catalina.loader.WebappClassLoaderBase.clearReferencesJdbc The web application [TodoApp1] registered the JDBC driver [com.microsoft.sqlserver.jdbc.SQLServerDriver] but failed to unregister it when the web application was stopped. To prevent a memory leak, the JDBC Driver has been forcibly unregistered.
24-Feb-2023 10:42:16.908 SEVERE [http-nio-8082-exec-66] org.apache.catalina.loader.WebappClassLoaderBase.checkThreadLocalMapForLeaks The web application [TodoApp1] created a ThreadLocal with key of type [com.microsoft.sqlserver.jdbc.ActivityCorrelator$1] (value [com.microsoft.sqlserver.jdbc.ActivityCorrelator$1@67bcd44f]) and a value of type [com.microsoft.sqlserver.jdbc.ActivityId] (value [2c3418b5-8315-4c2a-ab63-f9dfd76503f3-3]) but failed to remove it when the web application was stopped. Threads are going to be renewed over time to try and avoid a probable memory leak.
24-Feb-2023 10:42:16.908 SEVERE [http-nio-8082-exec-66] org.apache.catalina.loader.WebappClassLoaderBase.checkThreadLocalMapForLeaks The web application [TodoApp1] created a ThreadLocal with key of type [com.microsoft.sqlserver.jdbc.ActivityCorrelator$1] (value [com.microsoft.sqlserver.jdbc.ActivityCorrelator$1@67bcd44f]) and a value of type [com.microsoft.sqlserver.jdbc.ActivityId] (value [4821b17a-91a9-46c4-b7c4-7682075c6a13-2]) but failed to remove it when the web application was stopped. Threads are going to be renewed over time to try and avoid a probable memory leak.
24-Feb-2023 10:42:16.908 SEVERE [http-nio-8082-exec-66] org.apache.catalina.loader.WebappClassLoaderBase.checkThreadLocalMapForLeaks The web application [TodoApp1] created a ThreadLocal with key of type [com.microsoft.sqlserver.jdbc.ActivityCorrelator$1] (value [com.microsoft.sqlserver.jdbc.ActivityCorrelator$1@67bcd44f]) and a value of type [com.microsoft.sqlserver.jdbc.ActivityId] (value [c45506c7-b9b3-42da-8f03-bd279d5cdcbd-2]) but failed to remove it when the web application was stopped. Threads are going to be renewed over time to try and avoid a probable memory leak.
24-Feb-2023 10:42:16.908 SEVERE [http-nio-8082-exec-66] org.apache.catalina.loader.WebappClassLoaderBase.checkThreadLocalMapForLeaks The web application [TodoApp1] created a ThreadLocal with key of type [com.microsoft.sqlserver.jdbc.ActivityCorrelator$1] (value [com.microsoft.sqlserver.jdbc.ActivityCorrelator$1@67bcd44f]) and a value of type [com.microsoft.sqlserver.jdbc.ActivityId] (value [752bba6e-f601-4d4d-a89d-0005e3235332-4]) but failed to remove it when the web application was stopped. Threads are going to be renewed over time to try and avoid a probable memory leak.
24-Feb-2023 10:42:16.909 SEVERE [http-nio-8082-exec-66] org.apache.catalina.loader.WebappClassLoaderBase.checkThreadLocalMapForLeaks The web application [TodoApp1] created a ThreadLocal with key of type [com.microsoft.sqlserver.jdbc.ActivityCorrelator$1] (value [com.microsoft.sqlserver.jdbc.ActivityCorrelator$1@67bcd44f]) and a value of type [com.microsoft.sqlserver.jdbc.ActivityId] (value [5f6bef84-960f-44f8-a958-7603da093918-3]) but failed to remove it when the web application was stopped. Threads are going to be renewed over time to try and avoid a probable memory leak.
24-Feb-2023 10:42:16.909 SEVERE [http-nio-8082-exec-66] org.apache.catalina.loader.WebappClassLoaderBase.checkThreadLocalMapForLeaks The web application [TodoApp1] created a ThreadLocal with key of type [com.microsoft.sqlserver.jdbc.ActivityCorrelator$1] (value [com.microsoft.sqlserver.jdbc.ActivityCorrelator$1@67bcd44f]) and a value of type [com.microsoft.sqlserver.jdbc.ActivityId] (value [eb10b2c6-ab8f-4f3e-af77-16c7723c930e-2]) but failed to remove it when the web application was stopped. Threads are going to be renewed over time to try and avoid a probable memory leak.
24-Feb-2023 10:42:16.909 SEVERE [http-nio-8082-exec-66] org.apache.catalina.loader.WebappClassLoaderBase.checkThreadLocalMapForLeaks The web application [TodoApp1] created a ThreadLocal with key of type [com.microsoft.sqlserver.jdbc.ActivityCorrelator$1] (value [com.microsoft.sqlserver.jdbc.ActivityCorrelator$1@67bcd44f]) and a value of type [com.microsoft.sqlserver.jdbc.ActivityId] (value [731944e6-cb17-4bae-a826-dbc5b7bcf8fc-3]) but failed to remove it when the web application was stopped. Threads are going to be renewed over time to try and avoid a probable memory leak.
24-Feb-2023 10:42:17.068 SEVERE [http-nio-8082-exec-66] org.apache.catalina.loader.WebappClassLoaderBase.checkThreadLocalMapForLeaks The web application [TodoApp1] created a ThreadLocal with key of type [com.microsoft.sqlserver.jdbc.ActivityCorrelator$1] (value [com.microsoft.sqlserver.jdbc.ActivityCorrelator$1@67bcd44f]) and a value of type [com.microsoft.sqlserver.jdbc.ActivityId] (value [9f137751-27ba-4f61-87e4-924a862b959d-2]) but failed to remove it when the web application was stopped. Threads are going to be renewed over time to try and avoid a probable memory leak.
24-Feb-2023 10:42:17.069 SEVERE [http-nio-8082-exec-66] org.apache.catalina.loader.WebappClassLoaderBase.checkThreadLocalMapForLeaks The web application [TodoApp1] created a ThreadLocal with key of type [com.microsoft.sqlserver.jdbc.ActivityCorrelator$1] (value [com.microsoft.sqlserver.jdbc.ActivityCorrelator$1@67bcd44f]) and a value of type [com.microsoft.sqlserver.jdbc.ActivityId] (value [d11bb8ca-4ff2-403f-95f0-dd878f193c2a-4]) but failed to remove it when the web application was stopped. Threads are going to be renewed over time to try and avoid a probable memory leak.
24-Feb-2023 10:42:17.297 INFO [http-nio-8082-exec-66] org.apache.jasper.servlet.TldScanner.scanJars At least one JAR was scanned for TLDs yet contained no TLDs. Enable debug logging for this logger for a complete list of JARs that were scanned but no TLDs were found in them. Skipping unneeded JARs during scanning can improve startup time and JSP compilation time.
24-Feb-2023 10:42:17.307 INFO [http-nio-8082-exec-66] org.apache.catalina.core.StandardContext.reload Reloading Context with name [/TodoApp1] is completed
24-Feb-2023 10:42:17.337 INFO [http-nio-8082-exec-63] org.apache.catalina.core.StandardContext.reload Reloading Context with name [/TodoApp1] has started
24-Feb-2023 10:42:17.656 INFO [http-nio-8082-exec-63] org.apache.jasper.servlet.TldScanner.scanJars At least one JAR was scanned for TLDs yet contained no TLDs. Enable debug logging for this logger for a complete list of JARs that were scanned but no TLDs were found in them. Skipping unneeded JARs during scanning can improve startup time and JSP compilation time.
24-Feb-2023 10:42:17.668 INFO [http-nio-8082-exec-63] org.apache.catalina.core.StandardContext.reload Reloading Context with name [/TodoApp1] is completed
24-Feb-2023 10:42:42.128 INFO [http-nio-8082-exec-65] org.apache.catalina.core.StandardContext.reload Reloading Context with name [/TodoApp1] has started
24-Feb-2023 10:42:42.449 INFO [http-nio-8082-exec-65] org.apache.jasper.servlet.TldScanner.scanJars At least one JAR was scanned for TLDs yet contained no TLDs. Enable debug logging for this logger for a complete list of JARs that were scanned but no TLDs were found in them. Skipping unneeded JARs during scanning can improve startup time and JSP compilation time.
24-Feb-2023 10:42:42.462 INFO [http-nio-8082-exec-65] org.apache.catalina.core.StandardContext.reload Reloading Context with name [/TodoApp1] is completed
24-Feb-2023 10:43:59.160 INFO [http-nio-8082-exec-69] org.apache.catalina.core.StandardContext.reload Reloading Context with name [/TodoApp1] has started
24-Feb-2023 10:43:59.439 INFO [http-nio-8082-exec-69] org.apache.jasper.servlet.TldScanner.scanJars At least one JAR was scanned for TLDs yet contained no TLDs. Enable debug logging for this logger for a complete list of JARs that were scanned but no TLDs were found in them. Skipping unneeded JARs during scanning can improve startup time and JSP compilation time.
24-Feb-2023 10:43:59.482 INFO [http-nio-8082-exec-69] org.apache.catalina.core.StandardContext.reload Reloading Context with name [/TodoApp1] is completed
24-Feb-2023 10:46:21.375 INFO [http-nio-8082-exec-58] org.apache.catalina.core.StandardContext.reload Reloading Context with name [/TodoApp1] has started
24-Feb-2023 10:46:21.840 INFO [http-nio-8082-exec-58] org.apache.jasper.servlet.TldScanner.scanJars At least one JAR was scanned for TLDs yet contained no TLDs. Enable debug logging for this logger for a complete list of JARs that were scanned but no TLDs were found in them. Skipping unneeded JARs during scanning can improve startup time and JSP compilation time.
24-Feb-2023 10:46:21.851 INFO [http-nio-8082-exec-58] org.apache.catalina.core.StandardContext.reload Reloading Context with name [/TodoApp1] is completed
24-Feb-2023 10:46:43.092 INFO [http-nio-8082-exec-75] org.apache.catalina.core.StandardContext.reload Reloading Context with name [/TodoApp1] has started
24-Feb-2023 10:46:43.451 INFO [http-nio-8082-exec-75] org.apache.jasper.servlet.TldScanner.scanJars At least one JAR was scanned for TLDs yet contained no TLDs. Enable debug logging for this logger for a complete list of JARs that were scanned but no TLDs were found in them. Skipping unneeded JARs during scanning can improve startup time and JSP compilation time.
24-Feb-2023 10:46:43.477 INFO [http-nio-8082-exec-75] org.apache.catalina.core.StandardContext.reload Reloading Context with name [/TodoApp1] is completed
24-Feb-2023 10:47:33.437 INFO [http-nio-8082-exec-72] org.apache.catalina.core.StandardContext.reload Reloading Context with name [/TodoApp1] has started
24-Feb-2023 10:47:33.750 INFO [http-nio-8082-exec-72] org.apache.jasper.servlet.TldScanner.scanJars At least one JAR was scanned for TLDs yet contained no TLDs. Enable debug logging for this logger for a complete list of JARs that were scanned but no TLDs were found in them. Skipping unneeded JARs during scanning can improve startup time and JSP compilation time.
24-Feb-2023 10:47:33.760 INFO [http-nio-8082-exec-72] org.apache.catalina.core.StandardContext.reload Reloading Context with name [/TodoApp1] is completed
24-Feb-2023 10:47:42.397 INFO [http-nio-8082-exec-76] org.apache.catalina.core.StandardContext.reload Reloading Context with name [/TodoApp1] has started
24-Feb-2023 10:47:42.702 INFO [http-nio-8082-exec-76] org.apache.jasper.servlet.TldScanner.scanJars At least one JAR was scanned for TLDs yet contained no TLDs. Enable debug logging for this logger for a complete list of JARs that were scanned but no TLDs were found in them. Skipping unneeded JARs during scanning can improve startup time and JSP compilation time.
24-Feb-2023 10:47:42.710 INFO [http-nio-8082-exec-76] org.apache.catalina.core.StandardContext.reload Reloading Context with name [/TodoApp1] is completed
24-Feb-2023 10:47:49.991 INFO [http-nio-8082-exec-78] org.apache.catalina.core.StandardContext.reload Reloading Context with name [/TodoApp1] has started
24-Feb-2023 10:47:50.304 INFO [http-nio-8082-exec-78] org.apache.jasper.servlet.TldScanner.scanJars At least one JAR was scanned for TLDs yet contained no TLDs. Enable debug logging for this logger for a complete list of JARs that were scanned but no TLDs were found in them. Skipping unneeded JARs during scanning can improve startup time and JSP compilation time.
24-Feb-2023 10:47:50.314 INFO [http-nio-8082-exec-78] org.apache.catalina.core.StandardContext.reload Reloading Context with name [/TodoApp1] is completed
24-Feb-2023 10:50:19.198 INFO [http-nio-8082-exec-73] org.apache.catalina.core.StandardContext.reload Reloading Context with name [/TodoApp1] has started
24-Feb-2023 10:50:19.489 INFO [http-nio-8082-exec-73] org.apache.jasper.servlet.TldScanner.scanJars At least one JAR was scanned for TLDs yet contained no TLDs. Enable debug logging for this logger for a complete list of JARs that were scanned but no TLDs were found in them. Skipping unneeded JARs during scanning can improve startup time and JSP compilation time.
24-Feb-2023 10:50:19.512 INFO [http-nio-8082-exec-73] org.apache.catalina.core.StandardContext.reload Reloading Context with name [/TodoApp1] is completed
24-Feb-2023 10:50:30.179 INFO [http-nio-8082-exec-79] org.apache.catalina.core.StandardContext.reload Reloading Context with name [/TodoApp1] has started
24-Feb-2023 10:50:30.478 INFO [http-nio-8082-exec-79] org.apache.jasper.servlet.TldScanner.scanJars At least one JAR was scanned for TLDs yet contained no TLDs. Enable debug logging for this logger for a complete list of JARs that were scanned but no TLDs were found in them. Skipping unneeded JARs during scanning can improve startup time and JSP compilation time.
24-Feb-2023 10:50:30.488 INFO [http-nio-8082-exec-79] org.apache.catalina.core.StandardContext.reload Reloading Context with name [/TodoApp1] is completed
24-Feb-2023 10:51:10.429 INFO [http-nio-8082-exec-69] org.apache.catalina.core.StandardContext.reload Reloading Context with name [/TodoApp1] has started
24-Feb-2023 10:51:10.698 INFO [http-nio-8082-exec-69] org.apache.jasper.servlet.TldScanner.scanJars At least one JAR was scanned for TLDs yet contained no TLDs. Enable debug logging for this logger for a complete list of JARs that were scanned but no TLDs were found in them. Skipping unneeded JARs during scanning can improve startup time and JSP compilation time.
24-Feb-2023 10:51:10.709 INFO [http-nio-8082-exec-69] org.apache.catalina.core.StandardContext.reload Reloading Context with name [/TodoApp1] is completed
24-Feb-2023 10:51:11.561 INFO [http-nio-8082-exec-71] org.apache.catalina.core.StandardContext.reload Reloading Context with name [/TodoApp1] has started
24-Feb-2023 10:51:11.840 INFO [http-nio-8082-exec-71] org.apache.jasper.servlet.TldScanner.scanJars At least one JAR was scanned for TLDs yet contained no TLDs. Enable debug logging for this logger for a complete list of JARs that were scanned but no TLDs were found in them. Skipping unneeded JARs during scanning can improve startup time and JSP compilation time.
24-Feb-2023 10:51:11.881 INFO [http-nio-8082-exec-71] org.apache.catalina.core.StandardContext.reload Reloading Context with name [/TodoApp1] is completed
24-Feb-2023 10:51:19.881 INFO [http-nio-8082-exec-84] org.apache.catalina.core.StandardContext.reload Reloading Context with name [/TodoApp1] has started
24-Feb-2023 10:51:20.113 INFO [http-nio-8082-exec-84] org.apache.jasper.servlet.TldScanner.scanJars At least one JAR was scanned for TLDs yet contained no TLDs. Enable debug logging for this logger for a complete list of JARs that were scanned but no TLDs were found in them. Skipping unneeded JARs during scanning can improve startup time and JSP compilation time.
24-Feb-2023 10:51:20.120 INFO [http-nio-8082-exec-84] org.apache.catalina.core.StandardContext.reload Reloading Context with name [/TodoApp1] is completed
24-Feb-2023 10:51:51.117 INFO [http-nio-8082-exec-69] org.apache.catalina.core.StandardContext.reload Reloading Context with name [/TodoApp1] has started
24-Feb-2023 10:51:51.368 INFO [http-nio-8082-exec-69] org.apache.jasper.servlet.TldScanner.scanJars At least one JAR was scanned for TLDs yet contained no TLDs. Enable debug logging for this logger for a complete list of JARs that were scanned but no TLDs were found in them. Skipping unneeded JARs during scanning can improve startup time and JSP compilation time.
24-Feb-2023 10:51:51.378 INFO [http-nio-8082-exec-69] org.apache.catalina.core.StandardContext.reload Reloading Context with name [/TodoApp1] is completed
24-Feb-2023 10:52:38.433 INFO [http-nio-8082-exec-87] org.apache.catalina.core.StandardContext.reload Reloading Context with name [/TodoApp1] has started
24-Feb-2023 10:52:38.624 INFO [http-nio-8082-exec-87] org.apache.jasper.servlet.TldScanner.scanJars At least one JAR was scanned for TLDs yet contained no TLDs. Enable debug logging for this logger for a complete list of JARs that were scanned but no TLDs were found in them. Skipping unneeded JARs during scanning can improve startup time and JSP compilation time.
24-Feb-2023 10:52:38.648 INFO [http-nio-8082-exec-87] org.apache.catalina.core.StandardContext.reload Reloading Context with name [/TodoApp1] is completed
24-Feb-2023 10:52:41.604 INFO [http-nio-8082-exec-88] org.apache.catalina.startup.HostConfig.undeploy Undeploying context [/TodoApp1]
24-Feb-2023 10:52:43.663 INFO [http-nio-8082-exec-78] org.apache.catalina.startup.HostConfig.deployDescriptor Deploying deployment descriptor [G:\Java\apache-tomcat-9.0.33\conf\Catalina\localhost\TodoApp1.xml]
24-Feb-2023 10:52:43.663 WARNING [http-nio-8082-exec-78] org.apache.catalina.startup.HostConfig.deployDescriptor The path attribute with value [/TodoApp1] in deployment descriptor [G:\Java\apache-tomcat-9.0.33\conf\Catalina\localhost\TodoApp1.xml] has been ignored
24-Feb-2023 10:52:43.860 INFO [http-nio-8082-exec-78] org.apache.jasper.servlet.TldScanner.scanJars At least one JAR was scanned for TLDs yet contained no TLDs. Enable debug logging for this logger for a complete list of JARs that were scanned but no TLDs were found in them. Skipping unneeded JARs during scanning can improve startup time and JSP compilation time.
24-Feb-2023 10:52:44.040 INFO [http-nio-8082-exec-78] org.apache.catalina.startup.HostConfig.deployDescriptor Deployment of deployment descriptor [G:\Java\apache-tomcat-9.0.33\conf\Catalina\localhost\TodoApp1.xml] has finished in [378] ms
24-Feb-2023 10:52:44.051 INFO [http-nio-8082-exec-84] org.apache.catalina.util.LifecycleBase.start The start() method was called on component [StandardEngine[Catalina].StandardHost[localhost].StandardContext[/TodoApp1]] after start() had already been called. The second call will be ignored.
