22-Mar-2023 19:19:13.692 INFO [main] org.apache.catalina.startup.VersionLoggerListener.log Server version name:   Apache Tomcat/9.0.33
22-Mar-2023 19:19:13.696 INFO [main] org.apache.catalina.startup.VersionLoggerListener.log Server built:          Mar 11 2020 09:31:38 UTC
22-Mar-2023 19:19:13.696 INFO [main] org.apache.catalina.startup.VersionLoggerListener.log Server version number: 9.0.33.0
22-Mar-2023 19:19:13.697 INFO [main] org.apache.catalina.startup.VersionLoggerListener.log OS Name:               Windows 10
22-Mar-2023 19:19:13.697 INFO [main] org.apache.catalina.startup.VersionLoggerListener.log OS Version:            10.0
22-Mar-2023 19:19:13.697 INFO [main] org.apache.catalina.startup.VersionLoggerListener.log Architecture:          amd64
22-Mar-2023 19:19:13.697 INFO [main] org.apache.catalina.startup.VersionLoggerListener.log Java Home:             C:\Program Files\Java\jdk1.8.0_281\jre
22-Mar-2023 19:19:13.697 INFO [main] org.apache.catalina.startup.VersionLoggerListener.log JVM Version:           1.8.0_281-b09
22-Mar-2023 19:19:13.698 INFO [main] org.apache.catalina.startup.VersionLoggerListener.log JVM Vendor:            Oracle Corporation
22-Mar-2023 19:19:13.698 INFO [main] org.apache.catalina.startup.VersionLoggerListener.log CATALINA_BASE:         G:\Java\apache-tomcat-9.0.33
22-Mar-2023 19:19:13.699 INFO [main] org.apache.catalina.startup.VersionLoggerListener.log CATALINA_HOME:         G:\Java\apache-tomcat-9.0.33
22-Mar-2023 19:19:13.702 INFO [main] org.apache.catalina.startup.VersionLoggerListener.log Command line argument: -Djava.util.logging.config.file=G:\Java\apache-tomcat-9.0.33\conf\logging.properties
22-Mar-2023 19:19:13.702 INFO [main] org.apache.catalina.startup.VersionLoggerListener.log Command line argument: -Djava.util.logging.manager=org.apache.juli.ClassLoaderLogManager
22-Mar-2023 19:19:13.702 INFO [main] org.apache.catalina.startup.VersionLoggerListener.log Command line argument: -Dhttp.nonProxyHosts=localhost|127.0.0.1|Desktop-Aspire
22-Mar-2023 19:19:13.703 INFO [main] org.apache.catalina.startup.VersionLoggerListener.log Command line argument: -Djdk.tls.ephemeralDHKeySize=2048
22-Mar-2023 19:19:13.703 INFO [main] org.apache.catalina.startup.VersionLoggerListener.log Command line argument: -Djava.protocol.handler.pkgs=org.apache.catalina.webresources
22-Mar-2023 19:19:13.703 INFO [main] org.apache.catalina.startup.VersionLoggerListener.log Command line argument: -Dignore.endorsed.dirs=
22-Mar-2023 19:19:13.703 INFO [main] org.apache.catalina.startup.VersionLoggerListener.log Command line argument: -Dcatalina.base=G:\Java\apache-tomcat-9.0.33
22-Mar-2023 19:19:13.703 INFO [main] org.apache.catalina.startup.VersionLoggerListener.log Command line argument: -Dcatalina.home=G:\Java\apache-tomcat-9.0.33
22-Mar-2023 19:19:13.703 INFO [main] org.apache.catalina.startup.VersionLoggerListener.log Command line argument: -Djava.io.tmpdir=G:\Java\apache-tomcat-9.0.33\temp
22-Mar-2023 19:19:13.704 INFO [main] org.apache.catalina.core.AprLifecycleListener.lifecycleEvent Loaded APR based Apache Tomcat Native library [1.2.23] using APR version [1.7.0].
22-Mar-2023 19:19:13.704 INFO [main] org.apache.catalina.core.AprLifecycleListener.lifecycleEvent APR capabilities: IPv6 [true], sendfile [true], accept filters [false], random [true].
22-Mar-2023 19:19:13.704 INFO [main] org.apache.catalina.core.AprLifecycleListener.lifecycleEvent APR/OpenSSL configuration: useAprConnector [false], useOpenSSL [true]
22-Mar-2023 19:19:13.729 INFO [main] org.apache.catalina.core.AprLifecycleListener.initializeSSL OpenSSL successfully initialized [OpenSSL 1.1.1c  28 May 2019]
22-Mar-2023 19:19:14.492 INFO [main] org.apache.coyote.AbstractProtocol.init Initializing ProtocolHandler ["http-nio-8082"]
22-Mar-2023 19:19:14.833 INFO [main] org.apache.catalina.startup.Catalina.load Server initialization in [1,525] milliseconds
22-Mar-2023 19:19:14.901 INFO [main] org.apache.catalina.core.StandardService.startInternal Starting service [Catalina]
22-Mar-2023 19:19:14.901 INFO [main] org.apache.catalina.core.StandardEngine.startInternal Starting Servlet engine: [Apache Tomcat/9.0.33]
22-Mar-2023 19:19:14.933 INFO [main] org.apache.catalina.startup.HostConfig.deployDescriptor Deploying deployment descriptor [G:\Java\apache-tomcat-9.0.33\conf\Catalina\localhost\TodoApp1.xml]
22-Mar-2023 19:19:14.971 WARNING [main] org.apache.catalina.startup.HostConfig.deployDescriptor The path attribute with value [/TodoApp1] in deployment descriptor [G:\Java\apache-tomcat-9.0.33\conf\Catalina\localhost\TodoApp1.xml] has been ignored
22-Mar-2023 19:19:15.030 SEVERE [main] org.apache.catalina.startup.HostConfig.deployDescriptor Error deploying deployment descriptor [G:\Java\apache-tomcat-9.0.33\conf\Catalina\localhost\TodoApp1.xml]
	java.lang.IllegalStateException: Error starting child
		at org.apache.catalina.core.ContainerBase.addChildInternal(ContainerBase.java:720)
		at org.apache.catalina.core.ContainerBase.addChild(ContainerBase.java:690)
		at org.apache.catalina.core.StandardHost.addChild(StandardHost.java:705)
		at org.apache.catalina.startup.HostConfig.deployDescriptor(HostConfig.java:631)
		at org.apache.catalina.startup.HostConfig$DeployDescriptor.run(HostConfig.java:1831)
		at java.util.concurrent.Executors$RunnableAdapter.call(Executors.java:511)
		at java.util.concurrent.FutureTask.run(FutureTask.java:266)
		at org.apache.tomcat.util.threads.InlineExecutorService.execute(InlineExecutorService.java:75)
		at java.util.concurrent.AbstractExecutorService.submit(AbstractExecutorService.java:112)
		at org.apache.catalina.startup.HostConfig.deployDescriptors(HostConfig.java:526)
		at org.apache.catalina.startup.HostConfig.deployApps(HostConfig.java:425)
		at org.apache.catalina.startup.HostConfig.start(HostConfig.java:1576)
		at org.apache.catalina.startup.HostConfig.lifecycleEvent(HostConfig.java:309)
		at org.apache.catalina.util.LifecycleBase.fireLifecycleEvent(LifecycleBase.java:123)
		at org.apache.catalina.util.LifecycleBase.setStateInternal(LifecycleBase.java:423)
		at org.apache.catalina.util.LifecycleBase.setState(LifecycleBase.java:366)
		at org.apache.catalina.core.ContainerBase.startInternal(ContainerBase.java:936)
		at org.apache.catalina.core.StandardHost.startInternal(StandardHost.java:841)
		at org.apache.catalina.util.LifecycleBase.start(LifecycleBase.java:183)
		at org.apache.catalina.core.ContainerBase$StartChild.call(ContainerBase.java:1384)
		at org.apache.catalina.core.ContainerBase$StartChild.call(ContainerBase.java:1374)
		at java.util.concurrent.FutureTask.run(FutureTask.java:266)
		at org.apache.tomcat.util.threads.InlineExecutorService.execute(InlineExecutorService.java:75)
		at java.util.concurrent.AbstractExecutorService.submit(AbstractExecutorService.java:134)
		at org.apache.catalina.core.ContainerBase.startInternal(ContainerBase.java:909)
		at org.apache.catalina.core.StandardEngine.startInternal(StandardEngine.java:262)
		at org.apache.catalina.util.LifecycleBase.start(LifecycleBase.java:183)
		at org.apache.catalina.core.StandardService.startInternal(StandardService.java:421)
		at org.apache.catalina.util.LifecycleBase.start(LifecycleBase.java:183)
		at org.apache.catalina.core.StandardServer.startInternal(StandardServer.java:930)
		at org.apache.catalina.util.LifecycleBase.start(LifecycleBase.java:183)
		at org.apache.catalina.startup.Catalina.start(Catalina.java:633)
		at sun.reflect.NativeMethodAccessorImpl.invoke0(Native Method)
		at sun.reflect.NativeMethodAccessorImpl.invoke(NativeMethodAccessorImpl.java:62)
		at sun.reflect.DelegatingMethodAccessorImpl.invoke(DelegatingMethodAccessorImpl.java:43)
		at java.lang.reflect.Method.invoke(Method.java:498)
		at org.apache.catalina.startup.Bootstrap.start(Bootstrap.java:343)
		at org.apache.catalina.startup.Bootstrap.main(Bootstrap.java:474)
	Caused by: org.apache.catalina.LifecycleException: Failed to start component [org.apache.catalina.webresources.StandardRoot@569cfc36]
		at org.apache.catalina.util.LifecycleBase.handleSubClassException(LifecycleBase.java:440)
		at org.apache.catalina.util.LifecycleBase.start(LifecycleBase.java:198)
		at org.apache.catalina.core.StandardContext.resourcesStart(StandardContext.java:4805)
		at org.apache.catalina.core.StandardContext.startInternal(StandardContext.java:4940)
		at org.apache.catalina.util.LifecycleBase.start(LifecycleBase.java:183)
		at org.apache.catalina.core.ContainerBase.addChildInternal(ContainerBase.java:717)
		... 37 more
	Caused by: java.lang.IllegalArgumentException: The main resource set specified [G:\Java\TodoApp1\build\web] is not valid
		at org.apache.catalina.webresources.StandardRoot.createMainResourceSet(StandardRoot.java:752)
		at org.apache.catalina.webresources.StandardRoot.startInternal(StandardRoot.java:709)
		at org.apache.catalina.util.LifecycleBase.start(LifecycleBase.java:183)
		... 41 more
22-Mar-2023 19:19:15.062 INFO [main] org.apache.catalina.startup.HostConfig.deployDescriptor Deployment of deployment descriptor [G:\Java\apache-tomcat-9.0.33\conf\Catalina\localhost\TodoApp1.xml] has finished in [128] ms
22-Mar-2023 19:19:15.070 INFO [main] org.apache.catalina.startup.HostConfig.deployDescriptor Deploying deployment descriptor [G:\Java\apache-tomcat-9.0.33\conf\Catalina\localhost\TodoApp2.xml]
22-Mar-2023 19:19:15.077 WARNING [main] org.apache.catalina.startup.HostConfig.deployDescriptor The path attribute with value [/TodoApp2] in deployment descriptor [G:\Java\apache-tomcat-9.0.33\conf\Catalina\localhost\TodoApp2.xml] has been ignored
22-Mar-2023 19:19:16.433 INFO [main] org.apache.jasper.servlet.TldScanner.scanJars At least one JAR was scanned for TLDs yet contained no TLDs. Enable debug logging for this logger for a complete list of JARs that were scanned but no TLDs were found in them. Skipping unneeded JARs during scanning can improve startup time and JSP compilation time.
22-Mar-2023 19:19:16.574 INFO [main] org.apache.catalina.startup.HostConfig.deployDescriptor Deployment of deployment descriptor [G:\Java\apache-tomcat-9.0.33\conf\Catalina\localhost\TodoApp2.xml] has finished in [1,504] ms
22-Mar-2023 19:19:16.575 INFO [main] org.apache.catalina.startup.HostConfig.deployDirectory Deploying web application directory [G:\Java\apache-tomcat-9.0.33\webapps\docs]
22-Mar-2023 19:19:16.628 INFO [main] org.apache.catalina.startup.HostConfig.deployDirectory Deployment of web application directory [G:\Java\apache-tomcat-9.0.33\webapps\docs] has finished in [52] ms
22-Mar-2023 19:19:16.628 INFO [main] org.apache.catalina.startup.HostConfig.deployDirectory Deploying web application directory [G:\Java\apache-tomcat-9.0.33\webapps\examples]
22-Mar-2023 19:19:17.706 INFO [main] org.apache.catalina.startup.HostConfig.deployDirectory Deployment of web application directory [G:\Java\apache-tomcat-9.0.33\webapps\examples] has finished in [1,077] ms
22-Mar-2023 19:19:17.706 INFO [main] org.apache.catalina.startup.HostConfig.deployDirectory Deploying web application directory [G:\Java\apache-tomcat-9.0.33\webapps\host-manager]
22-Mar-2023 19:19:17.803 INFO [main] org.apache.catalina.startup.HostConfig.deployDirectory Deployment of web application directory [G:\Java\apache-tomcat-9.0.33\webapps\host-manager] has finished in [97] ms
22-Mar-2023 19:19:17.804 INFO [main] org.apache.catalina.startup.HostConfig.deployDirectory Deploying web application directory [G:\Java\apache-tomcat-9.0.33\webapps\manager]
22-Mar-2023 19:19:17.847 INFO [main] org.apache.catalina.startup.HostConfig.deployDirectory Deployment of web application directory [G:\Java\apache-tomcat-9.0.33\webapps\manager] has finished in [42] ms
22-Mar-2023 19:19:17.847 INFO [main] org.apache.catalina.startup.HostConfig.deployDirectory Deploying web application directory [G:\Java\apache-tomcat-9.0.33\webapps\ROOT]
22-Mar-2023 19:19:17.905 INFO [main] org.apache.catalina.startup.HostConfig.deployDirectory Deployment of web application directory [G:\Java\apache-tomcat-9.0.33\webapps\ROOT] has finished in [58] ms
22-Mar-2023 19:19:17.914 INFO [main] org.apache.coyote.AbstractProtocol.start Starting ProtocolHandler ["http-nio-8082"]
22-Mar-2023 19:19:17.927 INFO [main] org.apache.catalina.startup.Catalina.start Server startup in [3,094] milliseconds
22-Mar-2023 19:19:20.813 INFO [http-nio-8082-exec-9] org.apache.catalina.core.StandardContext.reload Reloading Context with name [/TodoApp2] has started
22-Mar-2023 19:19:21.282 INFO [http-nio-8082-exec-9] org.apache.jasper.servlet.TldScanner.scanJars At least one JAR was scanned for TLDs yet contained no TLDs. Enable debug logging for this logger for a complete list of JARs that were scanned but no TLDs were found in them. Skipping unneeded JARs during scanning can improve startup time and JSP compilation time.
22-Mar-2023 19:19:21.309 INFO [http-nio-8082-exec-9] org.apache.catalina.core.StandardContext.reload Reloading Context with name [/TodoApp2] is completed
22-Mar-2023 19:21:57.643 INFO [main] org.apache.catalina.core.StandardServer.await A valid shutdown command was received via the shutdown port. Stopping the Server instance.
22-Mar-2023 19:21:57.644 INFO [main] org.apache.coyote.AbstractProtocol.pause Pausing ProtocolHandler ["http-nio-8082"]
22-Mar-2023 19:21:57.871 INFO [main] org.apache.catalina.core.StandardService.stopInternal Stopping service [Catalina]
22-Mar-2023 19:21:57.878 WARNING [main] org.apache.catalina.loader.WebappClassLoaderBase.clearReferencesJdbc The web application [TodoApp2] registered the JDBC driver [com.microsoft.sqlserver.jdbc.SQLServerDriver] but failed to unregister it when the web application was stopped. To prevent a memory leak, the JDBC Driver has been forcibly unregistered.
22-Mar-2023 19:21:57.879 SEVERE [main] org.apache.catalina.loader.WebappClassLoaderBase.checkThreadLocalMapForLeaks The web application [TodoApp2] created a ThreadLocal with key of type [com.microsoft.sqlserver.jdbc.ActivityCorrelator$1] (value [com.microsoft.sqlserver.jdbc.ActivityCorrelator$1@30af5b6b]) and a value of type [com.microsoft.sqlserver.jdbc.ActivityId] (value [0553e0cd-323d-402d-b38a-215e2689b107-1]) but failed to remove it when the web application was stopped. Threads are going to be renewed over time to try and avoid a probable memory leak.
22-Mar-2023 19:21:57.880 SEVERE [main] org.apache.catalina.loader.WebappClassLoaderBase.checkThreadLocalMapForLeaks The web application [TodoApp2] created a ThreadLocal with key of type [com.microsoft.sqlserver.jdbc.ActivityCorrelator$1] (value [com.microsoft.sqlserver.jdbc.ActivityCorrelator$1@30af5b6b]) and a value of type [com.microsoft.sqlserver.jdbc.ActivityId] (value [14009a15-cab6-403b-9c08-63734fa24cb1-1]) but failed to remove it when the web application was stopped. Threads are going to be renewed over time to try and avoid a probable memory leak.
22-Mar-2023 19:21:57.880 SEVERE [main] org.apache.catalina.loader.WebappClassLoaderBase.checkThreadLocalMapForLeaks The web application [TodoApp2] created a ThreadLocal with key of type [com.microsoft.sqlserver.jdbc.ActivityCorrelator$1] (value [com.microsoft.sqlserver.jdbc.ActivityCorrelator$1@30af5b6b]) and a value of type [com.microsoft.sqlserver.jdbc.ActivityId] (value [a15d48fd-bb7f-45e7-a30c-193c83615342-1]) but failed to remove it when the web application was stopped. Threads are going to be renewed over time to try and avoid a probable memory leak.
22-Mar-2023 19:21:57.881 SEVERE [main] org.apache.catalina.loader.WebappClassLoaderBase.checkThreadLocalMapForLeaks The web application [TodoApp2] created a ThreadLocal with key of type [com.microsoft.sqlserver.jdbc.ActivityCorrelator$1] (value [com.microsoft.sqlserver.jdbc.ActivityCorrelator$1@30af5b6b]) and a value of type [com.microsoft.sqlserver.jdbc.ActivityId] (value [b00bd433-c821-4afd-9c5d-31b73a53e9cd-2]) but failed to remove it when the web application was stopped. Threads are going to be renewed over time to try and avoid a probable memory leak.
22-Mar-2023 19:21:57.881 SEVERE [main] org.apache.catalina.loader.WebappClassLoaderBase.checkThreadLocalMapForLeaks The web application [TodoApp2] created a ThreadLocal with key of type [com.microsoft.sqlserver.jdbc.ActivityCorrelator$1] (value [com.microsoft.sqlserver.jdbc.ActivityCorrelator$1@30af5b6b]) and a value of type [com.microsoft.sqlserver.jdbc.ActivityId] (value [8b14d87d-3b1e-428d-ba25-145377792ca0-1]) but failed to remove it when the web application was stopped. Threads are going to be renewed over time to try and avoid a probable memory leak.
22-Mar-2023 19:21:57.881 SEVERE [main] org.apache.catalina.loader.WebappClassLoaderBase.checkThreadLocalMapForLeaks The web application [TodoApp2] created a ThreadLocal with key of type [com.microsoft.sqlserver.jdbc.ActivityCorrelator$1] (value [com.microsoft.sqlserver.jdbc.ActivityCorrelator$1@30af5b6b]) and a value of type [com.microsoft.sqlserver.jdbc.ActivityId] (value [af025d68-182e-4dc0-9d37-39141d0d1a8f-1]) but failed to remove it when the web application was stopped. Threads are going to be renewed over time to try and avoid a probable memory leak.
22-Mar-2023 19:21:57.882 SEVERE [main] org.apache.catalina.loader.WebappClassLoaderBase.checkThreadLocalMapForLeaks The web application [TodoApp2] created a ThreadLocal with key of type [com.microsoft.sqlserver.jdbc.ActivityCorrelator$1] (value [com.microsoft.sqlserver.jdbc.ActivityCorrelator$1@30af5b6b]) and a value of type [com.microsoft.sqlserver.jdbc.ActivityId] (value [f52cd605-8507-4567-b793-6aafc7218511-1]) but failed to remove it when the web application was stopped. Threads are going to be renewed over time to try and avoid a probable memory leak.
22-Mar-2023 19:21:57.920 SEVERE [main] org.apache.catalina.loader.WebappClassLoaderBase.checkThreadLocalMapForLeaks The web application [TodoApp2] created a ThreadLocal with key of type [com.microsoft.sqlserver.jdbc.ActivityCorrelator$1] (value [com.microsoft.sqlserver.jdbc.ActivityCorrelator$1@30af5b6b]) and a value of type [com.microsoft.sqlserver.jdbc.ActivityId] (value [2d16b9ec-bc72-410b-948c-9010ad510553-1]) but failed to remove it when the web application was stopped. Threads are going to be renewed over time to try and avoid a probable memory leak.
22-Mar-2023 19:21:57.945 INFO [main] org.apache.coyote.AbstractProtocol.stop Stopping ProtocolHandler ["http-nio-8082"]
22-Mar-2023 19:21:57.948 INFO [main] org.apache.coyote.AbstractProtocol.destroy Destroying ProtocolHandler ["http-nio-8082"]
