23-Feb-2023 10:06:34.192 INFO [http-nio-8082-exec-4] org.apache.catalina.core.ApplicationContext.log Manager: init: Associated with Deployer 'Catalina:type=Deployer,host=localhost'
23-Feb-2023 10:06:34.192 INFO [http-nio-8082-exec-4] org.apache.catalina.core.ApplicationContext.log Manager: init: Global resources are available
23-Feb-2023 10:06:34.645 INFO [http-nio-8082-exec-6] org.apache.catalina.core.ApplicationContext.log Manager: list: Listing contexts for virtual host 'localhost'
23-Feb-2023 10:06:34.661 INFO [http-nio-8082-exec-7] org.apache.catalina.core.ApplicationContext.log Manager: list: Listing contexts for virtual host 'localhost'
23-Feb-2023 10:06:34.692 INFO [http-nio-8082-exec-8] org.apache.catalina.core.ApplicationContext.log Manager: undeploy: Undeploying web application at '/TodoApp1'
23-Feb-2023 10:06:35.239 INFO [http-nio-8082-exec-6] org.apache.catalina.core.ApplicationContext.log Manager: install: Installing context configuration at 'file:/C:/Users/FPTshop/AppData/Local/Temp/context7202042843639488224.xml'
23-Feb-2023 10:15:10.082 INFO [http-nio-8082-exec-18] org.apache.catalina.core.ApplicationContext.log Manager: list: Listing contexts for virtual host 'localhost'
23-Feb-2023 10:15:34.153 INFO [http-nio-8082-exec-14] org.apache.catalina.core.ApplicationContext.log Manager: list: Listing contexts for virtual host 'localhost'
23-Feb-2023 10:16:25.238 INFO [http-nio-8082-exec-17] org.apache.catalina.core.ApplicationContext.log Manager: list: Listing contexts for virtual host 'localhost'
23-Feb-2023 10:17:59.774 INFO [http-nio-8082-exec-12] org.apache.catalina.core.ApplicationContext.log Manager: list: Listing contexts for virtual host 'localhost'
23-Feb-2023 10:19:28.448 INFO [http-nio-8082-exec-16] org.apache.catalina.core.ApplicationContext.log Manager: list: Listing contexts for virtual host 'localhost'
23-Feb-2023 10:19:28.463 INFO [http-nio-8082-exec-17] org.apache.catalina.core.ApplicationContext.log Manager: restart: Reloading web application '/TodoApp1'
23-Feb-2023 10:25:28.353 INFO [http-nio-8082-exec-14] org.apache.catalina.core.ApplicationContext.log Manager: list: Listing contexts for virtual host 'localhost'
23-Feb-2023 10:25:28.364 INFO [http-nio-8082-exec-21] org.apache.catalina.core.ApplicationContext.log Manager: restart: Reloading web application '/TodoApp1'
23-Feb-2023 10:26:15.754 INFO [http-nio-8082-exec-14] org.apache.catalina.core.ApplicationContext.log Manager: list: Listing contexts for virtual host 'localhost'
23-Feb-2023 10:26:15.764 INFO [http-nio-8082-exec-16] org.apache.catalina.core.ApplicationContext.log Manager: restart: Reloading web application '/TodoApp1'
23-Feb-2023 10:26:46.800 INFO [http-nio-8082-exec-11] org.apache.catalina.core.ApplicationContext.log Manager: list: Listing contexts for virtual host 'localhost'
23-Feb-2023 10:26:46.808 INFO [http-nio-8082-exec-24] org.apache.catalina.core.ApplicationContext.log Manager: restart: Reloading web application '/TodoApp1'
23-Feb-2023 10:30:51.638 INFO [http-nio-8082-exec-30] org.apache.catalina.core.ApplicationContext.log Manager: list: Listing contexts for virtual host 'localhost'
23-Feb-2023 10:30:51.647 INFO [http-nio-8082-exec-26] org.apache.catalina.core.ApplicationContext.log Manager: restart: Reloading web application '/TodoApp1'
23-Feb-2023 10:41:10.001 INFO [http-nio-8082-exec-44] org.apache.catalina.core.ApplicationContext.log Manager: list: Listing contexts for virtual host 'localhost'
23-Feb-2023 10:41:10.013 INFO [http-nio-8082-exec-35] org.apache.catalina.core.ApplicationContext.log Manager: restart: Reloading web application '/TodoApp1'
23-Feb-2023 10:50:15.727 INFO [http-nio-8082-exec-52] org.apache.catalina.core.ApplicationContext.log Manager: list: Listing contexts for virtual host 'localhost'
23-Feb-2023 10:50:15.744 INFO [http-nio-8082-exec-45] org.apache.catalina.core.ApplicationContext.log Manager: restart: Reloading web application '/TodoApp1'
23-Feb-2023 10:51:32.811 INFO [http-nio-8082-exec-48] org.apache.catalina.core.ApplicationContext.log Manager: list: Listing contexts for virtual host 'localhost'
23-Feb-2023 10:51:32.825 INFO [http-nio-8082-exec-55] org.apache.catalina.core.ApplicationContext.log Manager: restart: Reloading web application '/TodoApp1'
23-Feb-2023 10:51:49.792 INFO [http-nio-8082-exec-46] org.apache.catalina.core.ApplicationContext.log Manager: list: Listing contexts for virtual host 'localhost'
23-Feb-2023 10:51:49.809 INFO [http-nio-8082-exec-51] org.apache.catalina.core.ApplicationContext.log Manager: undeploy: Undeploying web application at '/TodoApp1'
23-Feb-2023 10:52:20.581 INFO [http-nio-8082-exec-55] org.apache.catalina.core.ApplicationContext.log Manager: list: Listing contexts for virtual host 'localhost'
23-Feb-2023 10:53:47.260 INFO [http-nio-8082-exec-59] org.apache.catalina.core.ApplicationContext.log Manager: list: Listing contexts for virtual host 'localhost'
23-Feb-2023 10:54:11.144 INFO [http-nio-8082-exec-61] org.apache.catalina.core.ApplicationContext.log Manager: list: Listing contexts for virtual host 'localhost'
23-Feb-2023 10:54:13.758 INFO [http-nio-8082-exec-66] org.apache.catalina.core.ApplicationContext.log Manager: list: Listing contexts for virtual host 'localhost'
23-Feb-2023 10:54:47.946 INFO [http-nio-8082-exec-59] org.apache.catalina.core.ApplicationContext.log Manager: list: Listing contexts for virtual host 'localhost'
23-Feb-2023 10:56:15.286 INFO [http-nio-8082-exec-60] org.apache.catalina.core.ApplicationContext.log Manager: list: Listing contexts for virtual host 'localhost'
23-Feb-2023 11:08:07.257 INFO [http-nio-8082-exec-62] org.apache.catalina.core.ApplicationContext.log Manager: list: Listing contexts for virtual host 'localhost'
23-Feb-2023 11:11:24.248 INFO [http-nio-8082-exec-61] org.apache.catalina.core.ApplicationContext.log Manager: list: Listing contexts for virtual host 'localhost'
23-Feb-2023 11:15:26.574 INFO [http-nio-8082-exec-63] org.apache.catalina.core.ApplicationContext.log Manager: list: Listing contexts for virtual host 'localhost'
23-Feb-2023 11:16:29.284 INFO [http-nio-8082-exec-66] org.apache.catalina.core.ApplicationContext.log Manager: list: Listing contexts for virtual host 'localhost'
23-Feb-2023 11:19:41.864 INFO [http-nio-8082-exec-60] org.apache.catalina.core.ApplicationContext.log Manager: list: Listing contexts for virtual host 'localhost'
23-Feb-2023 11:20:47.799 INFO [http-nio-8082-exec-61] org.apache.catalina.core.ApplicationContext.log Manager: list: Listing contexts for virtual host 'localhost'
23-Feb-2023 11:21:04.660 INFO [http-nio-8082-exec-61] org.apache.catalina.core.ApplicationContext.log Manager: list: Listing contexts for virtual host 'localhost'
23-Feb-2023 11:23:27.564 INFO [http-nio-8082-exec-61] org.apache.catalina.core.ApplicationContext.log Manager: list: Listing contexts for virtual host 'localhost'
23-Feb-2023 11:24:37.767 INFO [http-nio-8082-exec-65] org.apache.catalina.core.ApplicationContext.log Manager: list: Listing contexts for virtual host 'localhost'
23-Feb-2023 11:25:05.997 INFO [http-nio-8082-exec-67] org.apache.catalina.core.ApplicationContext.log Manager: list: Listing contexts for virtual host 'localhost'
23-Feb-2023 11:30:00.529 INFO [http-nio-8082-exec-61] org.apache.catalina.core.ApplicationContext.log Manager: list: Listing contexts for virtual host 'localhost'
23-Feb-2023 11:43:08.375 INFO [http-nio-8082-exec-66] org.apache.catalina.core.ApplicationContext.log Manager: list: Listing contexts for virtual host 'localhost'
23-Feb-2023 11:43:24.076 INFO [http-nio-8082-exec-64] org.apache.catalina.core.ApplicationContext.log Manager: list: Listing contexts for virtual host 'localhost'
23-Feb-2023 11:45:04.084 INFO [http-nio-8082-exec-59] org.apache.catalina.core.ApplicationContext.log Manager: list: Listing contexts for virtual host 'localhost'
23-Feb-2023 11:46:22.413 INFO [http-nio-8082-exec-68] org.apache.catalina.core.ApplicationContext.log Manager: list: Listing contexts for virtual host 'localhost'
23-Feb-2023 11:46:45.637 INFO [http-nio-8082-exec-62] org.apache.catalina.core.ApplicationContext.log Manager: list: Listing contexts for virtual host 'localhost'
23-Feb-2023 11:47:08.067 INFO [http-nio-8082-exec-63] org.apache.catalina.core.ApplicationContext.log Manager: list: Listing contexts for virtual host 'localhost'
23-Feb-2023 11:47:11.474 INFO [http-nio-8082-exec-61] org.apache.catalina.core.ApplicationContext.log Manager: list: Listing contexts for virtual host 'localhost'
23-Feb-2023 11:47:30.490 INFO [http-nio-8082-exec-59] org.apache.catalina.core.ApplicationContext.log Manager: list: Listing contexts for virtual host 'localhost'
23-Feb-2023 11:47:48.222 INFO [http-nio-8082-exec-60] org.apache.catalina.core.ApplicationContext.log Manager: list: Listing contexts for virtual host 'localhost'
23-Feb-2023 11:53:06.230 INFO [http-nio-8082-exec-61] org.apache.catalina.core.ApplicationContext.log Manager: list: Listing contexts for virtual host 'localhost'
23-Feb-2023 11:53:07.545 INFO [http-nio-8082-exec-67] org.apache.catalina.core.ApplicationContext.log Manager: list: Listing contexts for virtual host 'localhost'
23-Feb-2023 11:53:25.805 INFO [http-nio-8082-exec-68] org.apache.catalina.core.ApplicationContext.log Manager: list: Listing contexts for virtual host 'localhost'
23-Feb-2023 11:53:32.685 INFO [http-nio-8082-exec-63] org.apache.catalina.core.ApplicationContext.log Manager: list: Listing contexts for virtual host 'localhost'
23-Feb-2023 11:53:37.396 INFO [http-nio-8082-exec-68] org.apache.catalina.core.ApplicationContext.log Manager: list: Listing contexts for virtual host 'localhost'
23-Feb-2023 11:53:38.650 INFO [http-nio-8082-exec-67] org.apache.catalina.core.ApplicationContext.log Manager: list: Listing contexts for virtual host 'localhost'
23-Feb-2023 11:53:38.661 INFO [http-nio-8082-exec-61] org.apache.catalina.core.ApplicationContext.log Manager: list: Listing contexts for virtual host 'localhost'
23-Feb-2023 11:53:38.712 INFO [http-nio-8082-exec-66] org.apache.catalina.core.ApplicationContext.log Manager: install: Installing context configuration at 'file:/C:/Users/FPTshop/AppData/Local/Temp/context588434699234919162.xml'
23-Feb-2023 11:53:39.047 INFO [http-nio-8082-exec-59] org.apache.catalina.core.ApplicationContext.log Manager: start: Starting web application '/TodoApp1'
23-Feb-2023 11:56:03.627 INFO [http-nio-8082-exec-60] org.apache.catalina.core.ApplicationContext.log Manager: list: Listing contexts for virtual host 'localhost'
23-Feb-2023 11:56:03.635 INFO [http-nio-8082-exec-66] org.apache.catalina.core.ApplicationContext.log Manager: restart: Reloading web application '/TodoApp1'
23-Feb-2023 11:56:09.674 INFO [http-nio-8082-exec-69] org.apache.catalina.core.ApplicationContext.log Manager: list: Listing contexts for virtual host 'localhost'
23-Feb-2023 11:56:09.684 INFO [http-nio-8082-exec-65] org.apache.catalina.core.ApplicationContext.log Manager: undeploy: Undeploying web application at '/TodoApp1'
23-Feb-2023 11:56:11.966 INFO [http-nio-8082-exec-69] org.apache.catalina.core.ApplicationContext.log Manager: list: Listing contexts for virtual host 'localhost'
23-Feb-2023 11:56:11.969 INFO [http-nio-8082-exec-59] org.apache.catalina.core.ApplicationContext.log Manager: list: Listing contexts for virtual host 'localhost'
23-Feb-2023 11:56:11.981 INFO [http-nio-8082-exec-60] org.apache.catalina.core.ApplicationContext.log Manager: install: Installing context configuration at 'file:/C:/Users/FPTshop/AppData/Local/Temp/context8737216259145806102.xml'
23-Feb-2023 11:56:12.221 INFO [http-nio-8082-exec-61] org.apache.catalina.core.ApplicationContext.log Manager: start: Starting web application '/TodoApp1'
23-Feb-2023 11:57:04.247 INFO [http-nio-8082-exec-60] org.apache.catalina.core.ApplicationContext.log Manager: list: Listing contexts for virtual host 'localhost'
23-Feb-2023 11:57:04.254 INFO [http-nio-8082-exec-69] org.apache.catalina.core.ApplicationContext.log Manager: restart: Reloading web application '/TodoApp1'
23-Feb-2023 11:57:08.362 INFO [http-nio-8082-exec-60] org.apache.catalina.core.ApplicationContext.log Manager: list: Listing contexts for virtual host 'localhost'
23-Feb-2023 11:57:08.370 INFO [http-nio-8082-exec-61] org.apache.catalina.core.ApplicationContext.log Manager: restart: Reloading web application '/TodoApp1'
23-Feb-2023 11:57:18.884 INFO [http-nio-8082-exec-69] org.apache.catalina.core.ApplicationContext.log Manager: list: Listing contexts for virtual host 'localhost'
23-Feb-2023 11:57:18.893 INFO [http-nio-8082-exec-78] org.apache.catalina.core.ApplicationContext.log Manager: restart: Reloading web application '/TodoApp1'
23-Feb-2023 11:57:19.521 INFO [http-nio-8082-exec-69] org.apache.catalina.core.ApplicationContext.log Manager: list: Listing contexts for virtual host 'localhost'
23-Feb-2023 11:57:19.534 INFO [http-nio-8082-exec-76] org.apache.catalina.core.ApplicationContext.log Manager: undeploy: Undeploying web application at '/TodoApp1'
23-Feb-2023 11:57:27.716 INFO [http-nio-8082-exec-60] org.apache.catalina.core.ApplicationContext.log Manager: list: Listing contexts for virtual host 'localhost'
23-Feb-2023 11:57:29.154 INFO [http-nio-8082-exec-72] org.apache.catalina.core.ApplicationContext.log Manager: list: Listing contexts for virtual host 'localhost'
23-Feb-2023 11:57:29.157 INFO [http-nio-8082-exec-80] org.apache.catalina.core.ApplicationContext.log Manager: list: Listing contexts for virtual host 'localhost'
23-Feb-2023 11:57:29.170 INFO [http-nio-8082-exec-79] org.apache.catalina.core.ApplicationContext.log Manager: install: Installing context configuration at 'file:/C:/Users/FPTshop/AppData/Local/Temp/context2178963713142815669.xml'
23-Feb-2023 11:57:29.415 INFO [http-nio-8082-exec-69] org.apache.catalina.core.ApplicationContext.log Manager: start: Starting web application '/TodoApp1'
23-Feb-2023 11:58:22.486 INFO [http-nio-8082-exec-84] org.apache.catalina.core.ApplicationContext.log Manager: list: Listing contexts for virtual host 'localhost'
23-Feb-2023 11:58:22.486 INFO [http-nio-8082-exec-82] org.apache.catalina.core.ApplicationContext.log Manager: restart: Reloading web application '/TodoApp1'
23-Feb-2023 19:07:42.000 INFO [http-nio-8082-exec-3] org.apache.catalina.core.ApplicationContext.log Manager: init: Associated with Deployer 'Catalina:type=Deployer,host=localhost'
23-Feb-2023 19:07:42.000 INFO [http-nio-8082-exec-3] org.apache.catalina.core.ApplicationContext.log Manager: init: Global resources are available
23-Feb-2023 19:07:42.140 INFO [http-nio-8082-exec-6] org.apache.catalina.core.ApplicationContext.log Manager: list: Listing contexts for virtual host 'localhost'
23-Feb-2023 19:07:42.140 INFO [http-nio-8082-exec-6] org.apache.catalina.core.ApplicationContext.log Manager: list: Listing contexts for virtual host 'localhost'
23-Feb-2023 19:07:42.187 INFO [http-nio-8082-exec-7] org.apache.catalina.core.ApplicationContext.log Manager: undeploy: Undeploying web application at '/TodoApp1'
23-Feb-2023 19:07:42.734 INFO [http-nio-8082-exec-6] org.apache.catalina.core.ApplicationContext.log Manager: install: Installing context configuration at 'file:/C:/Users/FPTshop/AppData/Local/Temp/context7567794173214742313.xml'
23-Feb-2023 19:30:19.164 INFO [http-nio-8082-exec-17] org.apache.catalina.core.ApplicationContext.log Manager: list: Listing contexts for virtual host 'localhost'
23-Feb-2023 19:30:19.176 INFO [http-nio-8082-exec-18] org.apache.catalina.core.ApplicationContext.log Manager: list: Listing contexts for virtual host 'localhost'
23-Feb-2023 19:30:19.205 INFO [http-nio-8082-exec-19] org.apache.catalina.core.ApplicationContext.log Manager: restart: Reloading web application '/TodoApp1'
23-Feb-2023 19:30:46.533 INFO [http-nio-8082-exec-23] org.apache.catalina.core.ApplicationContext.log Manager: list: Listing contexts for virtual host 'localhost'
23-Feb-2023 19:30:46.544 INFO [http-nio-8082-exec-11] org.apache.catalina.core.ApplicationContext.log Manager: restart: Reloading web application '/TodoApp1'
23-Feb-2023 19:32:06.430 INFO [http-nio-8082-exec-15] org.apache.catalina.core.ApplicationContext.log Manager: list: Listing contexts for virtual host 'localhost'
23-Feb-2023 19:32:06.451 INFO [http-nio-8082-exec-21] org.apache.catalina.core.ApplicationContext.log Manager: restart: Reloading web application '/TodoApp1'
23-Feb-2023 19:34:51.586 INFO [http-nio-8082-exec-27] org.apache.catalina.core.ApplicationContext.log Manager: list: Listing contexts for virtual host 'localhost'
23-Feb-2023 19:34:52.242 INFO [http-nio-8082-exec-28] org.apache.catalina.core.ApplicationContext.log Manager: list: Listing contexts for virtual host 'localhost'
23-Feb-2023 19:34:52.270 INFO [http-nio-8082-exec-29] org.apache.catalina.core.ApplicationContext.log Manager: restart: Reloading web application '/TodoApp1'
23-Feb-2023 19:36:22.115 INFO [http-nio-8082-exec-33] org.apache.catalina.core.ApplicationContext.log Manager: list: Listing contexts for virtual host 'localhost'
23-Feb-2023 19:36:22.131 INFO [http-nio-8082-exec-26] org.apache.catalina.core.ApplicationContext.log Manager: undeploy: Undeploying web application at '/TodoApp1'
23-Feb-2023 19:38:27.042 INFO [http-nio-8082-exec-26] org.apache.catalina.core.ApplicationContext.log Manager: list: Listing contexts for virtual host 'localhost'
23-Feb-2023 19:39:10.520 INFO [http-nio-8082-exec-36] org.apache.catalina.core.ApplicationContext.log Manager: list: Listing contexts for virtual host 'localhost'
23-Feb-2023 19:39:14.690 INFO [http-nio-8082-exec-47] org.apache.catalina.core.ApplicationContext.log Manager: list: Listing contexts for virtual host 'localhost'
23-Feb-2023 19:39:16.944 INFO [http-nio-8082-exec-48] org.apache.catalina.core.ApplicationContext.log Manager: list: Listing contexts for virtual host 'localhost'
23-Feb-2023 19:39:16.960 INFO [http-nio-8082-exec-41] org.apache.catalina.core.ApplicationContext.log Manager: list: Listing contexts for virtual host 'localhost'
23-Feb-2023 19:39:16.976 INFO [http-nio-8082-exec-49] org.apache.catalina.core.ApplicationContext.log Manager: install: Installing context configuration at 'file:/C:/Users/FPTshop/AppData/Local/Temp/context8989659550575951848.xml'
23-Feb-2023 19:39:17.319 INFO [http-nio-8082-exec-45] org.apache.catalina.core.ApplicationContext.log Manager: start: Starting web application '/TodoApp1'
23-Feb-2023 19:40:41.670 INFO [http-nio-8082-exec-47] org.apache.catalina.core.ApplicationContext.log Manager: list: Listing contexts for virtual host 'localhost'
23-Feb-2023 19:40:47.139 INFO [http-nio-8082-exec-50] org.apache.catalina.core.ApplicationContext.log Manager: list: Listing contexts for virtual host 'localhost'
23-Feb-2023 19:41:14.791 INFO [http-nio-8082-exec-52] org.apache.catalina.core.ApplicationContext.log Manager: list: Listing contexts for virtual host 'localhost'
23-Feb-2023 19:41:59.226 INFO [http-nio-8082-exec-48] org.apache.catalina.core.ApplicationContext.log Manager: list: Listing contexts for virtual host 'localhost'
23-Feb-2023 19:42:01.800 INFO [http-nio-8082-exec-43] org.apache.catalina.core.ApplicationContext.log Manager: list: Listing contexts for virtual host 'localhost'
23-Feb-2023 19:42:11.095 INFO [http-nio-8082-exec-43] org.apache.catalina.core.ApplicationContext.log Manager: list: Listing contexts for virtual host 'localhost'
23-Feb-2023 19:45:44.021 INFO [http-nio-8082-exec-47] org.apache.catalina.core.ApplicationContext.log Manager: list: Listing contexts for virtual host 'localhost'
23-Feb-2023 19:46:11.139 INFO [http-nio-8082-exec-45] org.apache.catalina.core.ApplicationContext.log Manager: list: Listing contexts for virtual host 'localhost'
23-Feb-2023 19:46:50.558 INFO [http-nio-8082-exec-48] org.apache.catalina.core.ApplicationContext.log Manager: list: Listing contexts for virtual host 'localhost'
23-Feb-2023 19:49:23.447 INFO [http-nio-8082-exec-44] org.apache.catalina.core.ApplicationContext.log Manager: list: Listing contexts for virtual host 'localhost'
23-Feb-2023 19:49:24.844 INFO [http-nio-8082-exec-50] org.apache.catalina.core.ApplicationContext.log Manager: list: Listing contexts for virtual host 'localhost'
23-Feb-2023 19:49:24.853 INFO [http-nio-8082-exec-51] org.apache.catalina.core.ApplicationContext.log Manager: undeploy: Undeploying web application at '/TodoApp1'
23-Feb-2023 19:49:26.949 INFO [http-nio-8082-exec-49] org.apache.catalina.core.ApplicationContext.log Manager: list: Listing contexts for virtual host 'localhost'
23-Feb-2023 19:49:26.963 INFO [http-nio-8082-exec-45] org.apache.catalina.core.ApplicationContext.log Manager: list: Listing contexts for virtual host 'localhost'
23-Feb-2023 19:49:26.987 INFO [http-nio-8082-exec-47] org.apache.catalina.core.ApplicationContext.log Manager: install: Installing context configuration at 'file:/C:/Users/FPTshop/AppData/Local/Temp/context5320084251673379470.xml'
23-Feb-2023 19:49:27.349 INFO [http-nio-8082-exec-47] org.apache.catalina.core.ApplicationContext.log Manager: start: Starting web application '/TodoApp1'
23-Feb-2023 19:50:18.926 INFO [http-nio-8082-exec-48] org.apache.catalina.core.ApplicationContext.log Manager: list: Listing contexts for virtual host 'localhost'
23-Feb-2023 19:50:53.457 INFO [http-nio-8082-exec-56] org.apache.catalina.core.ApplicationContext.log Manager: list: Listing contexts for virtual host 'localhost'
23-Feb-2023 19:50:56.963 INFO [http-nio-8082-exec-56] org.apache.catalina.core.ApplicationContext.log Manager: list: Listing contexts for virtual host 'localhost'
23-Feb-2023 19:50:56.972 INFO [http-nio-8082-exec-61] org.apache.catalina.core.ApplicationContext.log Manager: undeploy: Undeploying web application at '/TodoApp1'
23-Feb-2023 19:50:59.300 INFO [http-nio-8082-exec-57] org.apache.catalina.core.ApplicationContext.log Manager: list: Listing contexts for virtual host 'localhost'
23-Feb-2023 19:50:59.303 INFO [http-nio-8082-exec-55] org.apache.catalina.core.ApplicationContext.log Manager: list: Listing contexts for virtual host 'localhost'
23-Feb-2023 19:50:59.312 INFO [http-nio-8082-exec-54] org.apache.catalina.core.ApplicationContext.log Manager: install: Installing context configuration at 'file:/C:/Users/FPTshop/AppData/Local/Temp/context60155564930581686.xml'
23-Feb-2023 19:50:59.592 INFO [http-nio-8082-exec-56] org.apache.catalina.core.ApplicationContext.log Manager: start: Starting web application '/TodoApp1'
23-Feb-2023 19:51:23.139 INFO [http-nio-8082-exec-67] org.apache.catalina.core.ApplicationContext.log Manager: list: Listing contexts for virtual host 'localhost'
23-Feb-2023 19:51:36.338 INFO [http-nio-8082-exec-71] org.apache.catalina.core.ApplicationContext.log Manager: list: Listing contexts for virtual host 'localhost'
23-Feb-2023 19:53:15.037 INFO [http-nio-8082-exec-66] org.apache.catalina.core.ApplicationContext.log Manager: list: Listing contexts for virtual host 'localhost'
23-Feb-2023 19:53:17.621 INFO [http-nio-8082-exec-69] org.apache.catalina.core.ApplicationContext.log Manager: list: Listing contexts for virtual host 'localhost'
23-Feb-2023 19:53:55.770 INFO [http-nio-8082-exec-64] org.apache.catalina.core.ApplicationContext.log Manager: list: Listing contexts for virtual host 'localhost'
23-Feb-2023 19:54:03.426 INFO [http-nio-8082-exec-70] org.apache.catalina.core.ApplicationContext.log Manager: list: Listing contexts for virtual host 'localhost'
23-Feb-2023 19:57:01.449 INFO [http-nio-8082-exec-71] org.apache.catalina.core.ApplicationContext.log Manager: list: Listing contexts for virtual host 'localhost'
23-Feb-2023 19:57:02.871 INFO [http-nio-8082-exec-66] org.apache.catalina.core.ApplicationContext.log Manager: list: Listing contexts for virtual host 'localhost'
23-Feb-2023 19:57:02.931 INFO [http-nio-8082-exec-72] org.apache.catalina.core.ApplicationContext.log Manager: undeploy: Undeploying web application at '/TodoApp1'
23-Feb-2023 19:57:05.024 INFO [http-nio-8082-exec-66] org.apache.catalina.core.ApplicationContext.log Manager: list: Listing contexts for virtual host 'localhost'
23-Feb-2023 19:57:05.028 INFO [http-nio-8082-exec-64] org.apache.catalina.core.ApplicationContext.log Manager: list: Listing contexts for virtual host 'localhost'
23-Feb-2023 19:57:05.038 INFO [http-nio-8082-exec-72] org.apache.catalina.core.ApplicationContext.log Manager: install: Installing context configuration at 'file:/C:/Users/FPTshop/AppData/Local/Temp/context2994433359470916788.xml'
23-Feb-2023 19:57:05.296 INFO [http-nio-8082-exec-63] org.apache.catalina.core.ApplicationContext.log Manager: start: Starting web application '/TodoApp1'
23-Feb-2023 19:57:23.581 INFO [http-nio-8082-exec-76] org.apache.catalina.core.ApplicationContext.log Manager: list: Listing contexts for virtual host 'localhost'
23-Feb-2023 19:59:40.262 INFO [http-nio-8082-exec-76] org.apache.catalina.core.ApplicationContext.log Manager: list: Listing contexts for virtual host 'localhost'
23-Feb-2023 20:02:24.550 INFO [http-nio-8082-exec-76] org.apache.catalina.core.ApplicationContext.log Manager: list: Listing contexts for virtual host 'localhost'
23-Feb-2023 20:02:34.314 INFO [http-nio-8082-exec-80] org.apache.catalina.core.ApplicationContext.log Manager: list: Listing contexts for virtual host 'localhost'
23-Feb-2023 20:02:43.904 INFO [http-nio-8082-exec-77] org.apache.catalina.core.ApplicationContext.log Manager: list: Listing contexts for virtual host 'localhost'
23-Feb-2023 20:04:18.695 INFO [http-nio-8082-exec-77] org.apache.catalina.core.ApplicationContext.log Manager: list: Listing contexts for virtual host 'localhost'
23-Feb-2023 20:04:31.432 INFO [http-nio-8082-exec-75] org.apache.catalina.core.ApplicationContext.log Manager: list: Listing contexts for virtual host 'localhost'
23-Feb-2023 20:04:33.298 INFO [http-nio-8082-exec-75] org.apache.catalina.core.ApplicationContext.log Manager: list: Listing contexts for virtual host 'localhost'
23-Feb-2023 20:05:57.491 INFO [http-nio-8082-exec-79] org.apache.catalina.core.ApplicationContext.log Manager: list: Listing contexts for virtual host 'localhost'
23-Feb-2023 20:06:37.613 INFO [http-nio-8082-exec-74] org.apache.catalina.core.ApplicationContext.log Manager: list: Listing contexts for virtual host 'localhost'
23-Feb-2023 20:06:58.714 INFO [http-nio-8082-exec-82] org.apache.catalina.core.ApplicationContext.log Manager: list: Listing contexts for virtual host 'localhost'
23-Feb-2023 20:07:00.819 INFO [http-nio-8082-exec-77] org.apache.catalina.core.ApplicationContext.log Manager: list: Listing contexts for virtual host 'localhost'
23-Feb-2023 20:08:17.118 INFO [http-nio-8082-exec-79] org.apache.catalina.core.ApplicationContext.log Manager: list: Listing contexts for virtual host 'localhost'
23-Feb-2023 20:08:45.210 INFO [http-nio-8082-exec-81] org.apache.catalina.core.ApplicationContext.log Manager: list: Listing contexts for virtual host 'localhost'
23-Feb-2023 20:09:19.874 INFO [http-nio-8082-exec-80] org.apache.catalina.core.ApplicationContext.log Manager: list: Listing contexts for virtual host 'localhost'
23-Feb-2023 20:09:47.232 INFO [http-nio-8082-exec-76] org.apache.catalina.core.ApplicationContext.log Manager: list: Listing contexts for virtual host 'localhost'
23-Feb-2023 20:10:35.945 INFO [http-nio-8082-exec-78] org.apache.catalina.core.ApplicationContext.log Manager: list: Listing contexts for virtual host 'localhost'
23-Feb-2023 20:10:45.634 INFO [http-nio-8082-exec-76] org.apache.catalina.core.ApplicationContext.log Manager: list: Listing contexts for virtual host 'localhost'
23-Feb-2023 20:11:34.413 INFO [http-nio-8082-exec-81] org.apache.catalina.core.ApplicationContext.log Manager: list: Listing contexts for virtual host 'localhost'
23-Feb-2023 20:11:38.132 INFO [http-nio-8082-exec-82] org.apache.catalina.core.ApplicationContext.log Manager: list: Listing contexts for virtual host 'localhost'
23-Feb-2023 20:13:12.615 INFO [http-nio-8082-exec-77] org.apache.catalina.core.ApplicationContext.log Manager: list: Listing contexts for virtual host 'localhost'
23-Feb-2023 20:15:43.132 INFO [http-nio-8082-exec-76] org.apache.catalina.core.ApplicationContext.log Manager: list: Listing contexts for virtual host 'localhost'
23-Feb-2023 20:15:44.569 INFO [http-nio-8082-exec-81] org.apache.catalina.core.ApplicationContext.log Manager: list: Listing contexts for virtual host 'localhost'
23-Feb-2023 20:23:56.161 INFO [http-nio-8082-exec-76] org.apache.catalina.core.ApplicationContext.log Manager: list: Listing contexts for virtual host 'localhost'
23-Feb-2023 20:23:56.170 INFO [http-nio-8082-exec-81] org.apache.catalina.core.ApplicationContext.log Manager: undeploy: Undeploying web application at '/TodoApp1'
23-Feb-2023 20:23:58.914 INFO [http-nio-8082-exec-79] org.apache.catalina.core.ApplicationContext.log Manager: list: Listing contexts for virtual host 'localhost'
23-Feb-2023 20:23:58.917 INFO [http-nio-8082-exec-82] org.apache.catalina.core.ApplicationContext.log Manager: list: Listing contexts for virtual host 'localhost'
23-Feb-2023 20:23:58.925 INFO [http-nio-8082-exec-75] org.apache.catalina.core.ApplicationContext.log Manager: install: Installing context configuration at 'file:/C:/Users/FPTshop/AppData/Local/Temp/context5950308911193958037.xml'
23-Feb-2023 20:23:59.233 INFO [http-nio-8082-exec-77] org.apache.catalina.core.ApplicationContext.log Manager: start: Starting web application '/TodoApp1'
23-Feb-2023 20:28:00.928 INFO [http-nio-8082-exec-85] org.apache.catalina.core.ApplicationContext.log Manager: list: Listing contexts for virtual host 'localhost'
23-Feb-2023 20:28:00.936 INFO [http-nio-8082-exec-87] org.apache.catalina.core.ApplicationContext.log Manager: restart: Reloading web application '/TodoApp1'
23-Feb-2023 20:28:27.460 INFO [http-nio-8082-exec-85] org.apache.catalina.core.ApplicationContext.log Manager: list: Listing contexts for virtual host 'localhost'
23-Feb-2023 20:28:27.470 INFO [http-nio-8082-exec-90] org.apache.catalina.core.ApplicationContext.log Manager: restart: Reloading web application '/TodoApp1'
23-Feb-2023 20:28:34.323 INFO [http-nio-8082-exec-94] org.apache.catalina.core.ApplicationContext.log Manager: list: Listing contexts for virtual host 'localhost'
23-Feb-2023 20:28:34.333 INFO [http-nio-8082-exec-91] org.apache.catalina.core.ApplicationContext.log Manager: restart: Reloading web application '/TodoApp1'
23-Feb-2023 20:29:19.130 INFO [http-nio-8082-exec-93] org.apache.catalina.core.ApplicationContext.log Manager: list: Listing contexts for virtual host 'localhost'
23-Feb-2023 20:29:19.137 INFO [http-nio-8082-exec-83] org.apache.catalina.core.ApplicationContext.log Manager: restart: Reloading web application '/TodoApp1'
23-Feb-2023 20:29:52.378 INFO [http-nio-8082-exec-93] org.apache.catalina.core.ApplicationContext.log Manager: list: Listing contexts for virtual host 'localhost'
23-Feb-2023 20:29:52.387 INFO [http-nio-8082-exec-91] org.apache.catalina.core.ApplicationContext.log Manager: restart: Reloading web application '/TodoApp1'
23-Feb-2023 20:30:42.353 INFO [http-nio-8082-exec-86] org.apache.catalina.core.ApplicationContext.log Manager: list: Listing contexts for virtual host 'localhost'
23-Feb-2023 20:30:42.363 INFO [http-nio-8082-exec-89] org.apache.catalina.core.ApplicationContext.log Manager: undeploy: Undeploying web application at '/TodoApp1'
23-Feb-2023 20:30:44.266 INFO [http-nio-8082-exec-97] org.apache.catalina.core.ApplicationContext.log Manager: list: Listing contexts for virtual host 'localhost'
23-Feb-2023 20:30:44.270 INFO [http-nio-8082-exec-93] org.apache.catalina.core.ApplicationContext.log Manager: list: Listing contexts for virtual host 'localhost'
23-Feb-2023 20:30:44.281 INFO [http-nio-8082-exec-98] org.apache.catalina.core.ApplicationContext.log Manager: install: Installing context configuration at 'file:/C:/Users/FPTshop/AppData/Local/Temp/context5779759374691287542.xml'
23-Feb-2023 20:30:44.554 INFO [http-nio-8082-exec-91] org.apache.catalina.core.ApplicationContext.log Manager: start: Starting web application '/TodoApp1'
23-Feb-2023 20:39:22.662 INFO [http-nio-8082-exec-103] org.apache.catalina.core.ApplicationContext.log Manager: list: Listing contexts for virtual host 'localhost'
23-Feb-2023 20:39:22.672 INFO [http-nio-8082-exec-99] org.apache.catalina.core.ApplicationContext.log Manager: restart: Reloading web application '/TodoApp1'
23-Feb-2023 20:39:23.007 INFO [http-nio-8082-exec-102] org.apache.catalina.core.ApplicationContext.log Manager: list: Listing contexts for virtual host 'localhost'
23-Feb-2023 20:39:23.015 INFO [http-nio-8082-exec-108] org.apache.catalina.core.ApplicationContext.log Manager: restart: Reloading web application '/TodoApp1'
23-Feb-2023 20:39:30.996 INFO [http-nio-8082-exec-103] org.apache.catalina.core.ApplicationContext.log Manager: list: Listing contexts for virtual host 'localhost'
23-Feb-2023 20:39:31.006 INFO [http-nio-8082-exec-106] org.apache.catalina.core.ApplicationContext.log Manager: restart: Reloading web application '/TodoApp1'
23-Feb-2023 20:39:31.307 INFO [http-nio-8082-exec-101] org.apache.catalina.core.ApplicationContext.log Manager: list: Listing contexts for virtual host 'localhost'
23-Feb-2023 20:39:31.315 INFO [http-nio-8082-exec-109] org.apache.catalina.core.ApplicationContext.log Manager: restart: Reloading web application '/TodoApp1'
23-Feb-2023 20:39:32.351 INFO [http-nio-8082-exec-105] org.apache.catalina.core.ApplicationContext.log Manager: list: Listing contexts for virtual host 'localhost'
23-Feb-2023 20:39:32.360 INFO [http-nio-8082-exec-108] org.apache.catalina.core.ApplicationContext.log Manager: restart: Reloading web application '/TodoApp1'
23-Feb-2023 20:39:37.173 INFO [http-nio-8082-exec-112] org.apache.catalina.core.ApplicationContext.log Manager: list: Listing contexts for virtual host 'localhost'
23-Feb-2023 20:39:37.182 INFO [http-nio-8082-exec-105] org.apache.catalina.core.ApplicationContext.log Manager: restart: Reloading web application '/TodoApp1'
23-Feb-2023 20:39:37.565 INFO [http-nio-8082-exec-105] org.apache.catalina.core.ApplicationContext.log Manager: list: Listing contexts for virtual host 'localhost'
23-Feb-2023 20:39:37.577 INFO [http-nio-8082-exec-110] org.apache.catalina.core.ApplicationContext.log Manager: restart: Reloading web application '/TodoApp1'
23-Feb-2023 20:39:44.117 INFO [http-nio-8082-exec-103] org.apache.catalina.core.ApplicationContext.log Manager: list: Listing contexts for virtual host 'localhost'
23-Feb-2023 20:39:44.125 INFO [http-nio-8082-exec-113] org.apache.catalina.core.ApplicationContext.log Manager: restart: Reloading web application '/TodoApp1'
23-Feb-2023 20:40:09.158 INFO [http-nio-8082-exec-103] org.apache.catalina.core.ApplicationContext.log Manager: list: Listing contexts for virtual host 'localhost'
23-Feb-2023 20:40:09.166 INFO [http-nio-8082-exec-111] org.apache.catalina.core.ApplicationContext.log Manager: restart: Reloading web application '/TodoApp1'
23-Feb-2023 20:45:13.699 INFO [http-nio-8082-exec-120] org.apache.catalina.core.ApplicationContext.log Manager: list: Listing contexts for virtual host 'localhost'
23-Feb-2023 20:45:13.702 INFO [http-nio-8082-exec-119] org.apache.catalina.core.ApplicationContext.log Manager: list: Listing contexts for virtual host 'localhost'
23-Feb-2023 20:45:13.720 INFO [http-nio-8082-exec-111] org.apache.catalina.core.ApplicationContext.log Manager: restart: Reloading web application '/TodoApp1'
23-Feb-2023 20:45:53.893 INFO [http-nio-8082-exec-119] org.apache.catalina.core.ApplicationContext.log Manager: list: Listing contexts for virtual host 'localhost'
23-Feb-2023 20:45:53.899 INFO [http-nio-8082-exec-111] org.apache.catalina.core.ApplicationContext.log Manager: restart: Reloading web application '/TodoApp1'
23-Feb-2023 20:45:56.477 INFO [http-nio-8082-exec-124] org.apache.catalina.core.ApplicationContext.log Manager: list: Listing contexts for virtual host 'localhost'
23-Feb-2023 20:45:56.479 INFO [http-nio-8082-exec-111] org.apache.catalina.core.ApplicationContext.log Manager: list: Listing contexts for virtual host 'localhost'
23-Feb-2023 20:45:56.494 INFO [http-nio-8082-exec-123] org.apache.catalina.core.ApplicationContext.log Manager: restart: Reloading web application '/TodoApp1'
23-Feb-2023 20:46:20.371 INFO [http-nio-8082-exec-121] org.apache.catalina.core.ApplicationContext.log Manager: list: Listing contexts for virtual host 'localhost'
23-Feb-2023 20:46:20.377 INFO [http-nio-8082-exec-119] org.apache.catalina.core.ApplicationContext.log Manager: restart: Reloading web application '/TodoApp1'
23-Feb-2023 20:48:14.069 INFO [http-nio-8082-exec-131] org.apache.catalina.core.ApplicationContext.log Manager: list: Listing contexts for virtual host 'localhost'
23-Feb-2023 20:48:14.076 INFO [http-nio-8082-exec-133] org.apache.catalina.core.ApplicationContext.log Manager: restart: Reloading web application '/TodoApp1'
23-Feb-2023 20:48:22.736 INFO [http-nio-8082-exec-132] org.apache.catalina.core.ApplicationContext.log Manager: list: Listing contexts for virtual host 'localhost'
23-Feb-2023 20:48:22.739 INFO [http-nio-8082-exec-133] org.apache.catalina.core.ApplicationContext.log Manager: list: Listing contexts for virtual host 'localhost'
23-Feb-2023 20:48:22.758 INFO [http-nio-8082-exec-126] org.apache.catalina.core.ApplicationContext.log Manager: restart: Reloading web application '/TodoApp1'
23-Feb-2023 20:49:18.288 INFO [http-nio-8082-exec-129] org.apache.catalina.core.ApplicationContext.log Manager: list: Listing contexts for virtual host 'localhost'
23-Feb-2023 20:49:18.292 INFO [http-nio-8082-exec-135] org.apache.catalina.core.ApplicationContext.log Manager: list: Listing contexts for virtual host 'localhost'
23-Feb-2023 20:49:18.314 INFO [http-nio-8082-exec-133] org.apache.catalina.core.ApplicationContext.log Manager: restart: Reloading web application '/TodoApp1'
23-Feb-2023 20:49:37.761 INFO [http-nio-8082-exec-136] org.apache.catalina.core.ApplicationContext.log Manager: list: Listing contexts for virtual host 'localhost'
23-Feb-2023 20:49:37.767 INFO [http-nio-8082-exec-135] org.apache.catalina.core.ApplicationContext.log Manager: restart: Reloading web application '/TodoApp1'
23-Feb-2023 20:50:10.331 INFO [http-nio-8082-exec-135] org.apache.catalina.core.ApplicationContext.log Manager: list: Listing contexts for virtual host 'localhost'
23-Feb-2023 20:50:10.337 INFO [http-nio-8082-exec-133] org.apache.catalina.core.ApplicationContext.log Manager: restart: Reloading web application '/TodoApp1'
23-Feb-2023 20:51:14.246 INFO [http-nio-8082-exec-138] org.apache.catalina.core.ApplicationContext.log Manager: list: Listing contexts for virtual host 'localhost'
23-Feb-2023 20:51:14.249 INFO [http-nio-8082-exec-145] org.apache.catalina.core.ApplicationContext.log Manager: list: Listing contexts for virtual host 'localhost'
23-Feb-2023 20:51:14.266 INFO [http-nio-8082-exec-149] org.apache.catalina.core.ApplicationContext.log Manager: restart: Reloading web application '/TodoApp1'
23-Feb-2023 20:51:28.624 INFO [http-nio-8082-exec-147] org.apache.catalina.core.ApplicationContext.log Manager: list: Listing contexts for virtual host 'localhost'
23-Feb-2023 20:51:28.638 INFO [http-nio-8082-exec-139] org.apache.catalina.core.ApplicationContext.log Manager: restart: Reloading web application '/TodoApp1'
23-Feb-2023 20:51:36.348 INFO [http-nio-8082-exec-139] org.apache.catalina.core.ApplicationContext.log Manager: list: Listing contexts for virtual host 'localhost'
23-Feb-2023 20:51:36.351 INFO [http-nio-8082-exec-150] org.apache.catalina.core.ApplicationContext.log Manager: list: Listing contexts for virtual host 'localhost'
23-Feb-2023 20:51:36.365 INFO [http-nio-8082-exec-145] org.apache.catalina.core.ApplicationContext.log Manager: restart: Reloading web application '/TodoApp1'
23-Feb-2023 20:51:53.332 INFO [http-nio-8082-exec-143] org.apache.catalina.core.ApplicationContext.log Manager: list: Listing contexts for virtual host 'localhost'
23-Feb-2023 20:51:53.335 INFO [http-nio-8082-exec-153] org.apache.catalina.core.ApplicationContext.log Manager: list: Listing contexts for virtual host 'localhost'
23-Feb-2023 20:52:24.121 INFO [http-nio-8082-exec-146] org.apache.catalina.core.ApplicationContext.log Manager: list: Listing contexts for virtual host 'localhost'
23-Feb-2023 20:52:24.127 INFO [http-nio-8082-exec-151] org.apache.catalina.core.ApplicationContext.log Manager: restart: Reloading web application '/TodoApp1'
23-Feb-2023 20:58:22.726 INFO [http-nio-8082-exec-160] org.apache.catalina.core.ApplicationContext.log Manager: list: Listing contexts for virtual host 'localhost'
23-Feb-2023 20:58:22.733 INFO [http-nio-8082-exec-161] org.apache.catalina.core.ApplicationContext.log Manager: restart: Reloading web application '/TodoApp1'
23-Feb-2023 21:01:01.454 INFO [http-nio-8082-exec-163] org.apache.catalina.core.ApplicationContext.log Manager: list: Listing contexts for virtual host 'localhost'
23-Feb-2023 21:01:01.460 INFO [http-nio-8082-exec-171] org.apache.catalina.core.ApplicationContext.log Manager: restart: Reloading web application '/TodoApp1'
23-Feb-2023 21:03:08.405 INFO [http-nio-8082-exec-174] org.apache.catalina.core.ApplicationContext.log Manager: list: Listing contexts for virtual host 'localhost'
23-Feb-2023 21:03:08.412 INFO [http-nio-8082-exec-169] org.apache.catalina.core.ApplicationContext.log Manager: restart: Reloading web application '/TodoApp1'
23-Feb-2023 21:04:31.938 INFO [http-nio-8082-exec-172] org.apache.catalina.core.ApplicationContext.log Manager: list: Listing contexts for virtual host 'localhost'
23-Feb-2023 21:04:31.946 INFO [http-nio-8082-exec-165] org.apache.catalina.core.ApplicationContext.log Manager: restart: Reloading web application '/TodoApp1'
23-Feb-2023 21:05:18.598 INFO [http-nio-8082-exec-176] org.apache.catalina.core.ApplicationContext.log Manager: list: Listing contexts for virtual host 'localhost'
23-Feb-2023 21:05:18.604 INFO [http-nio-8082-exec-169] org.apache.catalina.core.ApplicationContext.log Manager: restart: Reloading web application '/TodoApp1'
23-Feb-2023 21:05:28.863 INFO [http-nio-8082-exec-160] org.apache.catalina.core.ApplicationContext.log Manager: list: Listing contexts for virtual host 'localhost'
23-Feb-2023 21:05:28.872 INFO [http-nio-8082-exec-165] org.apache.catalina.core.ApplicationContext.log Manager: undeploy: Undeploying web application at '/TodoApp1'
23-Feb-2023 21:05:45.706 INFO [http-nio-8082-exec-172] org.apache.catalina.core.ApplicationContext.log Manager: list: Listing contexts for virtual host 'localhost'
23-Feb-2023 21:06:42.635 INFO [http-nio-8082-exec-180] org.apache.catalina.core.ApplicationContext.log Manager: list: Listing contexts for virtual host 'localhost'
23-Feb-2023 21:06:44.285 INFO [http-nio-8082-exec-178] org.apache.catalina.core.ApplicationContext.log Manager: list: Listing contexts for virtual host 'localhost'
23-Feb-2023 21:06:44.288 INFO [http-nio-8082-exec-175] org.apache.catalina.core.ApplicationContext.log Manager: list: Listing contexts for virtual host 'localhost'
23-Feb-2023 21:06:44.297 INFO [http-nio-8082-exec-160] org.apache.catalina.core.ApplicationContext.log Manager: install: Installing context configuration at 'file:/C:/Users/FPTshop/AppData/Local/Temp/context547966379451013840.xml'
23-Feb-2023 21:06:44.492 INFO [http-nio-8082-exec-176] org.apache.catalina.core.ApplicationContext.log Manager: start: Starting web application '/TodoApp1'
23-Feb-2023 21:08:19.353 INFO [http-nio-8082-exec-183] org.apache.catalina.core.ApplicationContext.log Manager: list: Listing contexts for virtual host 'localhost'
23-Feb-2023 21:08:19.356 INFO [http-nio-8082-exec-188] org.apache.catalina.core.ApplicationContext.log Manager: list: Listing contexts for virtual host 'localhost'
23-Feb-2023 21:08:52.978 INFO [http-nio-8082-exec-180] org.apache.catalina.core.ApplicationContext.log Manager: list: Listing contexts for virtual host 'localhost'
23-Feb-2023 21:08:52.987 INFO [http-nio-8082-exec-182] org.apache.catalina.core.ApplicationContext.log Manager: restart: Reloading web application '/TodoApp1'
23-Feb-2023 21:09:48.227 INFO [http-nio-8082-exec-180] org.apache.catalina.core.ApplicationContext.log Manager: list: Listing contexts for virtual host 'localhost'
23-Feb-2023 21:09:48.233 INFO [http-nio-8082-exec-185] org.apache.catalina.core.ApplicationContext.log Manager: restart: Reloading web application '/TodoApp1'
23-Feb-2023 21:12:02.334 INFO [http-nio-8082-exec-189] org.apache.catalina.core.ApplicationContext.log Manager: list: Listing contexts for virtual host 'localhost'
23-Feb-2023 21:12:02.340 INFO [http-nio-8082-exec-180] org.apache.catalina.core.ApplicationContext.log Manager: restart: Reloading web application '/TodoApp1'
23-Feb-2023 21:12:46.344 INFO [http-nio-8082-exec-185] org.apache.catalina.core.ApplicationContext.log Manager: list: Listing contexts for virtual host 'localhost'
23-Feb-2023 21:12:46.351 INFO [http-nio-8082-exec-191] org.apache.catalina.core.ApplicationContext.log Manager: restart: Reloading web application '/TodoApp1'
23-Feb-2023 21:16:20.205 INFO [http-nio-8082-exec-185] org.apache.catalina.core.ApplicationContext.log Manager: list: Listing contexts for virtual host 'localhost'
23-Feb-2023 21:16:20.211 INFO [http-nio-8082-exec-198] org.apache.catalina.core.ApplicationContext.log Manager: restart: Reloading web application '/TodoApp1'
23-Feb-2023 21:16:36.332 INFO [http-nio-8082-exec-186] org.apache.catalina.core.ApplicationContext.log Manager: list: Listing contexts for virtual host 'localhost'
23-Feb-2023 21:16:36.339 INFO [http-nio-8082-exec-191] org.apache.catalina.core.ApplicationContext.log Manager: restart: Reloading web application '/TodoApp1'
23-Feb-2023 21:17:26.603 INFO [http-nio-8082-exec-192] org.apache.catalina.core.ApplicationContext.log Manager: list: Listing contexts for virtual host 'localhost'
23-Feb-2023 21:17:26.610 INFO [http-nio-8082-exec-185] org.apache.catalina.core.ApplicationContext.log Manager: restart: Reloading web application '/TodoApp1'
23-Feb-2023 21:17:38.471 INFO [http-nio-8082-exec-196] org.apache.catalina.core.ApplicationContext.log Manager: list: Listing contexts for virtual host 'localhost'
23-Feb-2023 21:17:38.479 INFO [http-nio-8082-exec-198] org.apache.catalina.core.ApplicationContext.log Manager: undeploy: Undeploying web application at '/TodoApp1'
23-Feb-2023 21:17:40.043 INFO [http-nio-8082-exec-200] org.apache.catalina.core.ApplicationContext.log Manager: list: Listing contexts for virtual host 'localhost'
23-Feb-2023 21:17:40.047 INFO [http-nio-8082-exec-181] org.apache.catalina.core.ApplicationContext.log Manager: list: Listing contexts for virtual host 'localhost'
23-Feb-2023 21:17:40.056 INFO [http-nio-8082-exec-196] org.apache.catalina.core.ApplicationContext.log Manager: install: Installing context configuration at 'file:/C:/Users/FPTshop/AppData/Local/Temp/context6852684002464792925.xml'
23-Feb-2023 21:17:40.246 INFO [http-nio-8082-exec-201] org.apache.catalina.core.ApplicationContext.log Manager: start: Starting web application '/TodoApp1'
23-Feb-2023 21:19:10.622 INFO [http-nio-8082-exec-205] org.apache.catalina.core.ApplicationContext.log Manager: list: Listing contexts for virtual host 'localhost'
23-Feb-2023 21:19:10.631 INFO [http-nio-8082-exec-204] org.apache.catalina.core.ApplicationContext.log Manager: restart: Reloading web application '/TodoApp1'
23-Feb-2023 21:19:25.415 INFO [http-nio-8082-exec-207] org.apache.catalina.core.ApplicationContext.log Manager: list: Listing contexts for virtual host 'localhost'
23-Feb-2023 21:19:25.422 INFO [http-nio-8082-exec-206] org.apache.catalina.core.ApplicationContext.log Manager: restart: Reloading web application '/TodoApp1'
23-Feb-2023 21:20:36.863 INFO [http-nio-8082-exec-205] org.apache.catalina.core.ApplicationContext.log Manager: list: Listing contexts for virtual host 'localhost'
23-Feb-2023 21:20:36.872 INFO [http-nio-8082-exec-213] org.apache.catalina.core.ApplicationContext.log Manager: undeploy: Undeploying web application at '/TodoApp1'
23-Feb-2023 21:21:31.070 INFO [http-nio-8082-exec-214] org.apache.catalina.core.ApplicationContext.log Manager: list: Listing contexts for virtual host 'localhost'
23-Feb-2023 21:23:43.196 INFO [http-nio-8082-exec-219] org.apache.catalina.core.ApplicationContext.log Manager: list: Listing contexts for virtual host 'localhost'
23-Feb-2023 21:27:04.899 INFO [http-nio-8082-exec-220] org.apache.catalina.core.ApplicationContext.log Manager: list: Listing contexts for virtual host 'localhost'
23-Feb-2023 21:27:06.074 INFO [http-nio-8082-exec-218] org.apache.catalina.core.ApplicationContext.log Manager: list: Listing contexts for virtual host 'localhost'
23-Feb-2023 21:27:07.942 INFO [http-nio-8082-exec-221] org.apache.catalina.core.ApplicationContext.log Manager: list: Listing contexts for virtual host 'localhost'
23-Feb-2023 21:27:07.945 INFO [http-nio-8082-exec-220] org.apache.catalina.core.ApplicationContext.log Manager: list: Listing contexts for virtual host 'localhost'
23-Feb-2023 21:27:07.955 INFO [http-nio-8082-exec-216] org.apache.catalina.core.ApplicationContext.log Manager: install: Installing context configuration at 'file:/C:/Users/FPTshop/AppData/Local/Temp/context5368350062848282339.xml'
23-Feb-2023 21:27:08.144 INFO [http-nio-8082-exec-217] org.apache.catalina.core.ApplicationContext.log Manager: start: Starting web application '/TodoApp1'
23-Feb-2023 21:30:21.843 INFO [http-nio-8082-exec-224] org.apache.catalina.core.ApplicationContext.log Manager: list: Listing contexts for virtual host 'localhost'
23-Feb-2023 21:30:21.851 INFO [http-nio-8082-exec-221] org.apache.catalina.core.ApplicationContext.log Manager: restart: Reloading web application '/TodoApp1'
23-Feb-2023 21:30:23.051 INFO [http-nio-8082-exec-220] org.apache.catalina.core.ApplicationContext.log Manager: list: Listing contexts for virtual host 'localhost'
23-Feb-2023 21:30:23.060 INFO [http-nio-8082-exec-225] org.apache.catalina.core.ApplicationContext.log Manager: undeploy: Undeploying web application at '/TodoApp1'
23-Feb-2023 21:30:23.921 INFO [http-nio-8082-exec-218] org.apache.catalina.core.ApplicationContext.log Manager: list: Listing contexts for virtual host 'localhost'
23-Feb-2023 21:30:23.924 INFO [http-nio-8082-exec-223] org.apache.catalina.core.ApplicationContext.log Manager: list: Listing contexts for virtual host 'localhost'
23-Feb-2023 21:30:23.938 INFO [http-nio-8082-exec-224] org.apache.catalina.core.ApplicationContext.log Manager: install: Installing context configuration at 'file:/C:/Users/FPTshop/AppData/Local/Temp/context5738339451631879855.xml'
23-Feb-2023 21:30:24.313 INFO [http-nio-8082-exec-219] org.apache.catalina.core.ApplicationContext.log Manager: start: Starting web application '/TodoApp1'
23-Feb-2023 21:31:48.008 INFO [http-nio-8082-exec-232] org.apache.catalina.core.ApplicationContext.log Manager: list: Listing contexts for virtual host 'localhost'
23-Feb-2023 21:36:25.318 INFO [http-nio-8082-exec-233] org.apache.catalina.core.ApplicationContext.log Manager: list: Listing contexts for virtual host 'localhost'
23-Feb-2023 21:36:25.325 INFO [http-nio-8082-exec-230] org.apache.catalina.core.ApplicationContext.log Manager: restart: Reloading web application '/TodoApp1'
23-Feb-2023 21:36:25.613 INFO [http-nio-8082-exec-229] org.apache.catalina.core.ApplicationContext.log Manager: list: Listing contexts for virtual host 'localhost'
23-Feb-2023 21:36:25.854 INFO [http-nio-8082-exec-231] org.apache.catalina.core.ApplicationContext.log Manager: undeploy: Undeploying web application at '/TodoApp1'
23-Feb-2023 21:38:58.229 INFO [http-nio-8082-exec-230] org.apache.catalina.core.ApplicationContext.log Manager: list: Listing contexts for virtual host 'localhost'
23-Feb-2023 21:39:24.928 INFO [http-nio-8082-exec-233] org.apache.catalina.core.ApplicationContext.log Manager: list: Listing contexts for virtual host 'localhost'
23-Feb-2023 21:39:24.931 INFO [http-nio-8082-exec-241] org.apache.catalina.core.ApplicationContext.log Manager: list: Listing contexts for virtual host 'localhost'
23-Feb-2023 21:39:24.940 INFO [http-nio-8082-exec-229] org.apache.catalina.core.ApplicationContext.log Manager: install: Installing context configuration at 'file:/C:/Users/FPTshop/AppData/Local/Temp/context1072066895016770925.xml'
23-Feb-2023 21:39:25.245 INFO [http-nio-8082-exec-234] org.apache.catalina.core.ApplicationContext.log Manager: start: Starting web application '/TodoApp1'
23-Feb-2023 21:39:44.899 INFO [http-nio-8082-exec-238] org.apache.catalina.core.ApplicationContext.log Manager: list: Listing contexts for virtual host 'localhost'
23-Feb-2023 21:39:44.906 INFO [http-nio-8082-exec-242] org.apache.catalina.core.ApplicationContext.log Manager: restart: Reloading web application '/TodoApp1'
23-Feb-2023 21:40:06.886 INFO [http-nio-8082-exec-242] org.apache.catalina.core.ApplicationContext.log Manager: list: Listing contexts for virtual host 'localhost'
23-Feb-2023 21:40:06.893 INFO [http-nio-8082-exec-243] org.apache.catalina.core.ApplicationContext.log Manager: restart: Reloading web application '/TodoApp1'
23-Feb-2023 21:40:15.426 INFO [http-nio-8082-exec-242] org.apache.catalina.core.ApplicationContext.log Manager: list: Listing contexts for virtual host 'localhost'
23-Feb-2023 21:40:15.432 INFO [http-nio-8082-exec-246] org.apache.catalina.core.ApplicationContext.log Manager: restart: Reloading web application '/TodoApp1'
23-Feb-2023 21:40:20.614 INFO [http-nio-8082-exec-242] org.apache.catalina.core.ApplicationContext.log Manager: list: Listing contexts for virtual host 'localhost'
23-Feb-2023 21:40:20.621 INFO [http-nio-8082-exec-244] org.apache.catalina.core.ApplicationContext.log Manager: restart: Reloading web application '/TodoApp1'
23-Feb-2023 21:40:52.355 INFO [http-nio-8082-exec-243] org.apache.catalina.core.ApplicationContext.log Manager: list: Listing contexts for virtual host 'localhost'
23-Feb-2023 21:40:52.361 INFO [http-nio-8082-exec-244] org.apache.catalina.core.ApplicationContext.log Manager: restart: Reloading web application '/TodoApp1'
23-Feb-2023 21:41:15.806 INFO [http-nio-8082-exec-243] org.apache.catalina.core.ApplicationContext.log Manager: list: Listing contexts for virtual host 'localhost'
23-Feb-2023 21:41:15.821 INFO [http-nio-8082-exec-252] org.apache.catalina.core.ApplicationContext.log Manager: undeploy: Undeploying web application at '/TodoApp1'
23-Feb-2023 21:41:18.973 INFO [http-nio-8082-exec-255] org.apache.catalina.core.ApplicationContext.log Manager: list: Listing contexts for virtual host 'localhost'
23-Feb-2023 21:41:18.976 INFO [http-nio-8082-exec-229] org.apache.catalina.core.ApplicationContext.log Manager: list: Listing contexts for virtual host 'localhost'
23-Feb-2023 21:41:18.987 INFO [http-nio-8082-exec-254] org.apache.catalina.core.ApplicationContext.log Manager: install: Installing context configuration at 'file:/C:/Users/FPTshop/AppData/Local/Temp/context2834564140121463752.xml'
23-Feb-2023 21:41:19.373 INFO [http-nio-8082-exec-250] org.apache.catalina.core.ApplicationContext.log Manager: start: Starting web application '/TodoApp1'
23-Feb-2023 21:47:36.052 INFO [http-nio-8082-exec-258] org.apache.catalina.core.ApplicationContext.log Manager: list: Listing contexts for virtual host 'localhost'
23-Feb-2023 21:48:42.277 INFO [http-nio-8082-exec-263] org.apache.catalina.core.ApplicationContext.log Manager: list: Listing contexts for virtual host 'localhost'
23-Feb-2023 21:48:51.733 INFO [http-nio-8082-exec-256] org.apache.catalina.core.ApplicationContext.log Manager: list: Listing contexts for virtual host 'localhost'
23-Feb-2023 21:49:29.595 INFO [http-nio-8082-exec-258] org.apache.catalina.core.ApplicationContext.log Manager: list: Listing contexts for virtual host 'localhost'
23-Feb-2023 21:49:43.596 INFO [http-nio-8082-exec-257] org.apache.catalina.core.ApplicationContext.log Manager: list: Listing contexts for virtual host 'localhost'
23-Feb-2023 21:49:52.416 INFO [http-nio-8082-exec-263] org.apache.catalina.core.ApplicationContext.log Manager: list: Listing contexts for virtual host 'localhost'
23-Feb-2023 21:50:50.458 INFO [http-nio-8082-exec-261] org.apache.catalina.core.ApplicationContext.log Manager: list: Listing contexts for virtual host 'localhost'
23-Feb-2023 21:51:06.722 INFO [http-nio-8082-exec-260] org.apache.catalina.core.ApplicationContext.log Manager: list: Listing contexts for virtual host 'localhost'
23-Feb-2023 21:51:43.331 INFO [http-nio-8082-exec-260] org.apache.catalina.core.ApplicationContext.log Manager: list: Listing contexts for virtual host 'localhost'
23-Feb-2023 21:51:50.557 INFO [http-nio-8082-exec-260] org.apache.catalina.core.ApplicationContext.log Manager: list: Listing contexts for virtual host 'localhost'
23-Feb-2023 21:52:35.905 INFO [http-nio-8082-exec-259] org.apache.catalina.core.ApplicationContext.log Manager: list: Listing contexts for virtual host 'localhost'
23-Feb-2023 21:57:37.472 INFO [http-nio-8082-exec-263] org.apache.catalina.core.ApplicationContext.log Manager: list: Listing contexts for virtual host 'localhost'
23-Feb-2023 21:58:20.317 INFO [http-nio-8082-exec-258] org.apache.catalina.core.ApplicationContext.log Manager: list: Listing contexts for virtual host 'localhost'
23-Feb-2023 21:58:22.273 INFO [http-nio-8082-exec-259] org.apache.catalina.core.ApplicationContext.log Manager: list: Listing contexts for virtual host 'localhost'
23-Feb-2023 21:58:37.973 INFO [http-nio-8082-exec-255] org.apache.catalina.core.ApplicationContext.log Manager: list: Listing contexts for virtual host 'localhost'
23-Feb-2023 21:58:40.925 INFO [http-nio-8082-exec-262] org.apache.catalina.core.ApplicationContext.log Manager: list: Listing contexts for virtual host 'localhost'
23-Feb-2023 21:59:13.030 INFO [http-nio-8082-exec-256] org.apache.catalina.core.ApplicationContext.log Manager: list: Listing contexts for virtual host 'localhost'
23-Feb-2023 21:59:18.448 INFO [http-nio-8082-exec-263] org.apache.catalina.core.ApplicationContext.log Manager: list: Listing contexts for virtual host 'localhost'
23-Feb-2023 22:01:11.906 INFO [http-nio-8082-exec-262] org.apache.catalina.core.ApplicationContext.log Manager: list: Listing contexts for virtual host 'localhost'
23-Feb-2023 22:01:34.484 INFO [http-nio-8082-exec-257] org.apache.catalina.core.ApplicationContext.log Manager: list: Listing contexts for virtual host 'localhost'
23-Feb-2023 22:02:10.395 INFO [http-nio-8082-exec-260] org.apache.catalina.core.ApplicationContext.log Manager: list: Listing contexts for virtual host 'localhost'
