24-Feb-2023 09:34:24.861 INFO [http-nio-8082-exec-4] org.apache.catalina.core.ApplicationContext.log Manager: init: Associated with Deployer 'Catalina:type=Deployer,host=localhost'
24-Feb-2023 09:34:24.861 INFO [http-nio-8082-exec-4] org.apache.catalina.core.ApplicationContext.log Manager: init: Global resources are available
24-Feb-2023 09:34:24.908 INFO [http-nio-8082-exec-6] org.apache.catalina.core.ApplicationContext.log Manager: list: Listing contexts for virtual host 'localhost'
24-Feb-2023 09:34:24.908 INFO [http-nio-8082-exec-7] org.apache.catalina.core.ApplicationContext.log Manager: list: Listing contexts for virtual host 'localhost'
24-Feb-2023 09:34:24.939 INFO [http-nio-8082-exec-9] org.apache.catalina.core.ApplicationContext.log Manager: undeploy: Undeploying web application at '/TodoApp1'
24-Feb-2023 09:34:25.486 INFO [http-nio-8082-exec-6] org.apache.catalina.core.ApplicationContext.log Manager: install: Installing context configuration at 'file:/C:/Users/FPTshop/AppData/Local/Temp/context6465175446002129824.xml'
24-Feb-2023 09:38:58.923 INFO [http-nio-8082-exec-15] org.apache.catalina.core.ApplicationContext.log Manager: list: Listing contexts for virtual host 'localhost'
24-Feb-2023 09:40:35.411 INFO [http-nio-8082-exec-12] org.apache.catalina.core.ApplicationContext.log Manager: list: Listing contexts for virtual host 'localhost'
24-Feb-2023 09:40:35.415 INFO [http-nio-8082-exec-13] org.apache.catalina.core.ApplicationContext.log Manager: list: Listing contexts for virtual host 'localhost'
24-Feb-2023 09:40:35.431 INFO [http-nio-8082-exec-15] org.apache.catalina.core.ApplicationContext.log Manager: restart: Reloading web application '/TodoApp1'
24-Feb-2023 09:41:21.295 INFO [http-nio-8082-exec-23] org.apache.catalina.core.ApplicationContext.log Manager: list: Listing contexts for virtual host 'localhost'
24-Feb-2023 09:41:21.337 INFO [http-nio-8082-exec-16] org.apache.catalina.core.ApplicationContext.log Manager: restart: Reloading web application '/TodoApp1'
24-Feb-2023 09:41:35.944 INFO [http-nio-8082-exec-11] org.apache.catalina.core.ApplicationContext.log Manager: list: Listing contexts for virtual host 'localhost'
24-Feb-2023 09:41:35.960 INFO [http-nio-8082-exec-24] org.apache.catalina.core.ApplicationContext.log Manager: undeploy: Undeploying web application at '/TodoApp1'
24-Feb-2023 09:41:38.257 INFO [http-nio-8082-exec-11] org.apache.catalina.core.ApplicationContext.log Manager: list: Listing contexts for virtual host 'localhost'
24-Feb-2023 09:41:38.257 INFO [http-nio-8082-exec-21] org.apache.catalina.core.ApplicationContext.log Manager: list: Listing contexts for virtual host 'localhost'
24-Feb-2023 09:41:38.272 INFO [http-nio-8082-exec-16] org.apache.catalina.core.ApplicationContext.log Manager: install: Installing context configuration at 'file:/C:/Users/FPTshop/AppData/Local/Temp/context1742745755793352170.xml'
24-Feb-2023 09:41:38.569 INFO [http-nio-8082-exec-16] org.apache.catalina.core.ApplicationContext.log Manager: start: Starting web application '/TodoApp1'
24-Feb-2023 09:42:51.532 INFO [http-nio-8082-exec-28] org.apache.catalina.core.ApplicationContext.log Manager: list: Listing contexts for virtual host 'localhost'
24-Feb-2023 09:42:51.541 INFO [http-nio-8082-exec-29] org.apache.catalina.core.ApplicationContext.log Manager: restart: Reloading web application '/TodoApp1'
24-Feb-2023 09:59:03.525 INFO [http-nio-8082-exec-37] org.apache.catalina.core.ApplicationContext.log Manager: list: Listing contexts for virtual host 'localhost'
24-Feb-2023 09:59:03.533 INFO [http-nio-8082-exec-39] org.apache.catalina.core.ApplicationContext.log Manager: restart: Reloading web application '/TodoApp1'
24-Feb-2023 10:04:51.786 INFO [http-nio-8082-exec-46] org.apache.catalina.core.ApplicationContext.log Manager: list: Listing contexts for virtual host 'localhost'
24-Feb-2023 10:04:51.795 INFO [http-nio-8082-exec-47] org.apache.catalina.core.ApplicationContext.log Manager: restart: Reloading web application '/TodoApp1'
24-Feb-2023 10:08:04.140 INFO [http-nio-8082-exec-54] org.apache.catalina.core.ApplicationContext.log Manager: list: Listing contexts for virtual host 'localhost'
24-Feb-2023 10:08:07.265 INFO [http-nio-8082-exec-54] org.apache.catalina.core.ApplicationContext.log Manager: list: Listing contexts for virtual host 'localhost'
24-Feb-2023 10:08:07.274 INFO [http-nio-8082-exec-42] org.apache.catalina.core.ApplicationContext.log Manager: undeploy: Undeploying web application at '/TodoApp1'
24-Feb-2023 10:08:10.054 INFO [http-nio-8082-exec-55] org.apache.catalina.core.ApplicationContext.log Manager: list: Listing contexts for virtual host 'localhost'
24-Feb-2023 10:08:10.058 INFO [http-nio-8082-exec-53] org.apache.catalina.core.ApplicationContext.log Manager: list: Listing contexts for virtual host 'localhost'
24-Feb-2023 10:08:10.071 INFO [http-nio-8082-exec-49] org.apache.catalina.core.ApplicationContext.log Manager: install: Installing context configuration at 'file:/C:/Users/FPTshop/AppData/Local/Temp/context1147986992048479890.xml'
24-Feb-2023 10:08:10.315 INFO [http-nio-8082-exec-54] org.apache.catalina.core.ApplicationContext.log Manager: start: Starting web application '/TodoApp1'
24-Feb-2023 10:08:45.121 INFO [http-nio-8082-exec-64] org.apache.catalina.core.ApplicationContext.log Manager: list: Listing contexts for virtual host 'localhost'
24-Feb-2023 10:18:19.625 INFO [http-nio-8082-exec-63] org.apache.catalina.core.ApplicationContext.log Manager: list: Listing contexts for virtual host 'localhost'
24-Feb-2023 10:19:16.756 INFO [http-nio-8082-exec-64] org.apache.catalina.core.ApplicationContext.log Manager: list: Listing contexts for virtual host 'localhost'
24-Feb-2023 10:19:51.959 INFO [http-nio-8082-exec-66] org.apache.catalina.core.ApplicationContext.log Manager: list: Listing contexts for virtual host 'localhost'
24-Feb-2023 10:20:35.272 INFO [http-nio-8082-exec-60] org.apache.catalina.core.ApplicationContext.log Manager: list: Listing contexts for virtual host 'localhost'
24-Feb-2023 10:21:06.481 INFO [http-nio-8082-exec-62] org.apache.catalina.core.ApplicationContext.log Manager: list: Listing contexts for virtual host 'localhost'
24-Feb-2023 10:21:08.949 INFO [http-nio-8082-exec-60] org.apache.catalina.core.ApplicationContext.log Manager: list: Listing contexts for virtual host 'localhost'
24-Feb-2023 10:21:47.629 INFO [http-nio-8082-exec-63] org.apache.catalina.core.ApplicationContext.log Manager: list: Listing contexts for virtual host 'localhost'
24-Feb-2023 10:22:46.248 INFO [http-nio-8082-exec-62] org.apache.catalina.core.ApplicationContext.log Manager: list: Listing contexts for virtual host 'localhost'
24-Feb-2023 10:26:06.410 INFO [http-nio-8082-exec-67] org.apache.catalina.core.ApplicationContext.log Manager: list: Listing contexts for virtual host 'localhost'
24-Feb-2023 10:26:21.029 INFO [http-nio-8082-exec-67] org.apache.catalina.core.ApplicationContext.log Manager: list: Listing contexts for virtual host 'localhost'
24-Feb-2023 10:26:29.532 INFO [http-nio-8082-exec-63] org.apache.catalina.core.ApplicationContext.log Manager: list: Listing contexts for virtual host 'localhost'
24-Feb-2023 10:28:53.618 INFO [http-nio-8082-exec-65] org.apache.catalina.core.ApplicationContext.log Manager: list: Listing contexts for virtual host 'localhost'
24-Feb-2023 10:29:41.718 INFO [http-nio-8082-exec-66] org.apache.catalina.core.ApplicationContext.log Manager: list: Listing contexts for virtual host 'localhost'
24-Feb-2023 10:30:13.302 INFO [http-nio-8082-exec-64] org.apache.catalina.core.ApplicationContext.log Manager: list: Listing contexts for virtual host 'localhost'
24-Feb-2023 10:30:50.666 INFO [http-nio-8082-exec-60] org.apache.catalina.core.ApplicationContext.log Manager: list: Listing contexts for virtual host 'localhost'
24-Feb-2023 10:30:52.685 INFO [http-nio-8082-exec-63] org.apache.catalina.core.ApplicationContext.log Manager: list: Listing contexts for virtual host 'localhost'
24-Feb-2023 10:31:35.827 INFO [http-nio-8082-exec-59] org.apache.catalina.core.ApplicationContext.log Manager: list: Listing contexts for virtual host 'localhost'
24-Feb-2023 10:35:47.784 INFO [http-nio-8082-exec-62] org.apache.catalina.core.ApplicationContext.log Manager: list: Listing contexts for virtual host 'localhost'
24-Feb-2023 10:36:18.734 INFO [http-nio-8082-exec-60] org.apache.catalina.core.ApplicationContext.log Manager: list: Listing contexts for virtual host 'localhost'
24-Feb-2023 10:36:27.838 INFO [http-nio-8082-exec-61] org.apache.catalina.core.ApplicationContext.log Manager: list: Listing contexts for virtual host 'localhost'
24-Feb-2023 10:36:43.297 INFO [http-nio-8082-exec-64] org.apache.catalina.core.ApplicationContext.log Manager: list: Listing contexts for virtual host 'localhost'
24-Feb-2023 10:38:58.023 INFO [http-nio-8082-exec-60] org.apache.catalina.core.ApplicationContext.log Manager: list: Listing contexts for virtual host 'localhost'
24-Feb-2023 10:39:00.783 INFO [http-nio-8082-exec-65] org.apache.catalina.core.ApplicationContext.log Manager: list: Listing contexts for virtual host 'localhost'
24-Feb-2023 10:39:20.878 INFO [http-nio-8082-exec-62] org.apache.catalina.core.ApplicationContext.log Manager: list: Listing contexts for virtual host 'localhost'
24-Feb-2023 10:39:43.058 INFO [http-nio-8082-exec-66] org.apache.catalina.core.ApplicationContext.log Manager: list: Listing contexts for virtual host 'localhost'
24-Feb-2023 10:39:57.521 INFO [http-nio-8082-exec-66] org.apache.catalina.core.ApplicationContext.log Manager: list: Listing contexts for virtual host 'localhost'
24-Feb-2023 10:41:05.962 INFO [http-nio-8082-exec-65] org.apache.catalina.core.ApplicationContext.log Manager: list: Listing contexts for virtual host 'localhost'
24-Feb-2023 10:41:13.004 INFO [http-nio-8082-exec-67] org.apache.catalina.core.ApplicationContext.log Manager: list: Listing contexts for virtual host 'localhost'
24-Feb-2023 10:41:57.801 INFO [http-nio-8082-exec-64] org.apache.catalina.core.ApplicationContext.log Manager: list: Listing contexts for virtual host 'localhost'
24-Feb-2023 10:42:16.886 INFO [http-nio-8082-exec-59] org.apache.catalina.core.ApplicationContext.log Manager: list: Listing contexts for virtual host 'localhost'
24-Feb-2023 10:42:16.895 INFO [http-nio-8082-exec-66] org.apache.catalina.core.ApplicationContext.log Manager: restart: Reloading web application '/TodoApp1'
24-Feb-2023 10:42:17.329 INFO [http-nio-8082-exec-67] org.apache.catalina.core.ApplicationContext.log Manager: list: Listing contexts for virtual host 'localhost'
24-Feb-2023 10:42:17.337 INFO [http-nio-8082-exec-63] org.apache.catalina.core.ApplicationContext.log Manager: restart: Reloading web application '/TodoApp1'
24-Feb-2023 10:42:42.116 INFO [http-nio-8082-exec-62] org.apache.catalina.core.ApplicationContext.log Manager: list: Listing contexts for virtual host 'localhost'
24-Feb-2023 10:42:42.128 INFO [http-nio-8082-exec-65] org.apache.catalina.core.ApplicationContext.log Manager: restart: Reloading web application '/TodoApp1'
24-Feb-2023 10:43:59.151 INFO [http-nio-8082-exec-71] org.apache.catalina.core.ApplicationContext.log Manager: list: Listing contexts for virtual host 'localhost'
24-Feb-2023 10:43:59.160 INFO [http-nio-8082-exec-69] org.apache.catalina.core.ApplicationContext.log Manager: restart: Reloading web application '/TodoApp1'
24-Feb-2023 10:46:21.364 INFO [http-nio-8082-exec-59] org.apache.catalina.core.ApplicationContext.log Manager: list: Listing contexts for virtual host 'localhost'
24-Feb-2023 10:46:21.375 INFO [http-nio-8082-exec-58] org.apache.catalina.core.ApplicationContext.log Manager: restart: Reloading web application '/TodoApp1'
24-Feb-2023 10:46:43.077 INFO [http-nio-8082-exec-61] org.apache.catalina.core.ApplicationContext.log Manager: list: Listing contexts for virtual host 'localhost'
24-Feb-2023 10:46:43.092 INFO [http-nio-8082-exec-75] org.apache.catalina.core.ApplicationContext.log Manager: restart: Reloading web application '/TodoApp1'
24-Feb-2023 10:47:33.428 INFO [http-nio-8082-exec-76] org.apache.catalina.core.ApplicationContext.log Manager: list: Listing contexts for virtual host 'localhost'
24-Feb-2023 10:47:33.437 INFO [http-nio-8082-exec-72] org.apache.catalina.core.ApplicationContext.log Manager: restart: Reloading web application '/TodoApp1'
24-Feb-2023 10:47:42.389 INFO [http-nio-8082-exec-73] org.apache.catalina.core.ApplicationContext.log Manager: list: Listing contexts for virtual host 'localhost'
24-Feb-2023 10:47:42.397 INFO [http-nio-8082-exec-76] org.apache.catalina.core.ApplicationContext.log Manager: restart: Reloading web application '/TodoApp1'
24-Feb-2023 10:47:49.981 INFO [http-nio-8082-exec-63] org.apache.catalina.core.ApplicationContext.log Manager: list: Listing contexts for virtual host 'localhost'
24-Feb-2023 10:47:49.991 INFO [http-nio-8082-exec-78] org.apache.catalina.core.ApplicationContext.log Manager: restart: Reloading web application '/TodoApp1'
24-Feb-2023 10:50:19.190 INFO [http-nio-8082-exec-79] org.apache.catalina.core.ApplicationContext.log Manager: list: Listing contexts for virtual host 'localhost'
24-Feb-2023 10:50:19.197 INFO [http-nio-8082-exec-73] org.apache.catalina.core.ApplicationContext.log Manager: restart: Reloading web application '/TodoApp1'
24-Feb-2023 10:50:30.171 INFO [http-nio-8082-exec-82] org.apache.catalina.core.ApplicationContext.log Manager: list: Listing contexts for virtual host 'localhost'
24-Feb-2023 10:50:30.179 INFO [http-nio-8082-exec-79] org.apache.catalina.core.ApplicationContext.log Manager: restart: Reloading web application '/TodoApp1'
24-Feb-2023 10:51:10.422 INFO [http-nio-8082-exec-78] org.apache.catalina.core.ApplicationContext.log Manager: list: Listing contexts for virtual host 'localhost'
24-Feb-2023 10:51:10.428 INFO [http-nio-8082-exec-69] org.apache.catalina.core.ApplicationContext.log Manager: restart: Reloading web application '/TodoApp1'
24-Feb-2023 10:51:11.553 INFO [http-nio-8082-exec-63] org.apache.catalina.core.ApplicationContext.log Manager: list: Listing contexts for virtual host 'localhost'
24-Feb-2023 10:51:11.561 INFO [http-nio-8082-exec-71] org.apache.catalina.core.ApplicationContext.log Manager: restart: Reloading web application '/TodoApp1'
24-Feb-2023 10:51:19.874 INFO [http-nio-8082-exec-69] org.apache.catalina.core.ApplicationContext.log Manager: list: Listing contexts for virtual host 'localhost'
24-Feb-2023 10:51:19.881 INFO [http-nio-8082-exec-84] org.apache.catalina.core.ApplicationContext.log Manager: restart: Reloading web application '/TodoApp1'
24-Feb-2023 10:51:51.109 INFO [http-nio-8082-exec-78] org.apache.catalina.core.ApplicationContext.log Manager: list: Listing contexts for virtual host 'localhost'
24-Feb-2023 10:51:51.117 INFO [http-nio-8082-exec-69] org.apache.catalina.core.ApplicationContext.log Manager: restart: Reloading web application '/TodoApp1'
24-Feb-2023 10:52:35.423 INFO [http-nio-8082-exec-73] org.apache.catalina.core.ApplicationContext.log Manager: list: Listing contexts for virtual host 'localhost'
24-Feb-2023 10:52:38.425 INFO [http-nio-8082-exec-79] org.apache.catalina.core.ApplicationContext.log Manager: list: Listing contexts for virtual host 'localhost'
24-Feb-2023 10:52:38.433 INFO [http-nio-8082-exec-87] org.apache.catalina.core.ApplicationContext.log Manager: restart: Reloading web application '/TodoApp1'
24-Feb-2023 10:52:41.077 INFO [http-nio-8082-exec-63] org.apache.catalina.core.ApplicationContext.log Manager: list: Listing contexts for virtual host 'localhost'
24-Feb-2023 10:52:41.086 INFO [http-nio-8082-exec-88] org.apache.catalina.core.ApplicationContext.log Manager: undeploy: Undeploying web application at '/TodoApp1'
24-Feb-2023 10:52:43.648 INFO [http-nio-8082-exec-63] org.apache.catalina.core.ApplicationContext.log Manager: list: Listing contexts for virtual host 'localhost'
24-Feb-2023 10:52:43.651 INFO [http-nio-8082-exec-89] org.apache.catalina.core.ApplicationContext.log Manager: list: Listing contexts for virtual host 'localhost'
24-Feb-2023 10:52:43.661 INFO [http-nio-8082-exec-78] org.apache.catalina.core.ApplicationContext.log Manager: install: Installing context configuration at 'file:/C:/Users/FPTshop/AppData/Local/Temp/context6260353579224959434.xml'
24-Feb-2023 10:52:44.049 INFO [http-nio-8082-exec-84] org.apache.catalina.core.ApplicationContext.log Manager: start: Starting web application '/TodoApp1'
24-Feb-2023 10:55:27.349 INFO [http-nio-8082-exec-91] org.apache.catalina.core.ApplicationContext.log Manager: list: Listing contexts for virtual host 'localhost'
24-Feb-2023 10:55:43.076 INFO [http-nio-8082-exec-97] org.apache.catalina.core.ApplicationContext.log Manager: list: Listing contexts for virtual host 'localhost'
24-Feb-2023 11:00:52.860 INFO [http-nio-8082-exec-99] org.apache.catalina.core.ApplicationContext.log Manager: list: Listing contexts for virtual host 'localhost'
24-Feb-2023 11:02:55.084 INFO [http-nio-8082-exec-99] org.apache.catalina.core.ApplicationContext.log Manager: list: Listing contexts for virtual host 'localhost'
24-Feb-2023 11:03:42.091 INFO [http-nio-8082-exec-90] org.apache.catalina.core.ApplicationContext.log Manager: list: Listing contexts for virtual host 'localhost'
24-Feb-2023 11:04:02.206 INFO [http-nio-8082-exec-99] org.apache.catalina.core.ApplicationContext.log Manager: list: Listing contexts for virtual host 'localhost'
24-Feb-2023 11:05:06.888 INFO [http-nio-8082-exec-96] org.apache.catalina.core.ApplicationContext.log Manager: list: Listing contexts for virtual host 'localhost'
24-Feb-2023 11:05:08.215 INFO [http-nio-8082-exec-92] org.apache.catalina.core.ApplicationContext.log Manager: list: Listing contexts for virtual host 'localhost'
24-Feb-2023 11:05:24.258 INFO [http-nio-8082-exec-99] org.apache.catalina.core.ApplicationContext.log Manager: list: Listing contexts for virtual host 'localhost'
24-Feb-2023 11:07:49.412 INFO [http-nio-8082-exec-91] org.apache.catalina.core.ApplicationContext.log Manager: list: Listing contexts for virtual host 'localhost'
24-Feb-2023 11:09:12.071 INFO [http-nio-8082-exec-94] org.apache.catalina.core.ApplicationContext.log Manager: list: Listing contexts for virtual host 'localhost'
24-Feb-2023 11:12:36.082 INFO [http-nio-8082-exec-99] org.apache.catalina.core.ApplicationContext.log Manager: list: Listing contexts for virtual host 'localhost'
24-Feb-2023 11:15:44.575 INFO [http-nio-8082-exec-94] org.apache.catalina.core.ApplicationContext.log Manager: list: Listing contexts for virtual host 'localhost'
