20-Mar-2023 18:17:03.965 INFO [http-nio-8082-exec-4] org.apache.catalina.core.ApplicationContext.log Manager: init: Associated with Deployer 'Catalina:type=Deployer,host=localhost'
20-Mar-2023 18:17:03.966 INFO [http-nio-8082-exec-4] org.apache.catalina.core.ApplicationContext.log Manager: init: Global resources are available
20-Mar-2023 18:17:04.459 INFO [http-nio-8082-exec-5] org.apache.catalina.core.ApplicationContext.log Manager: list: Listing contexts for virtual host 'localhost'
20-Mar-2023 18:17:04.466 INFO [http-nio-8082-exec-7] org.apache.catalina.core.ApplicationContext.log Manager: list: Listing contexts for virtual host 'localhost'
20-Mar-2023 18:17:04.504 INFO [http-nio-8082-exec-9] org.apache.catalina.core.ApplicationContext.log Manager: undeploy: Undeploying web application at '/TodoApp2'
20-Mar-2023 18:17:05.060 INFO [http-nio-8082-exec-9] org.apache.catalina.core.ApplicationContext.log Manager: install: Installing context configuration at 'file:/C:/Users/FPTshop/AppData/Local/Temp/context407931901296689548.xml'
20-Mar-2023 18:22:43.447 INFO [http-nio-8082-exec-15] org.apache.catalina.core.ApplicationContext.log Manager: list: Listing contexts for virtual host 'localhost'
20-Mar-2023 18:22:43.463 INFO [http-nio-8082-exec-11] org.apache.catalina.core.ApplicationContext.log Manager: restart: Reloading web application '/TodoApp2'
20-Mar-2023 18:24:56.931 INFO [http-nio-8082-exec-21] org.apache.catalina.core.ApplicationContext.log Manager: list: Listing contexts for virtual host 'localhost'
20-Mar-2023 18:24:56.947 INFO [http-nio-8082-exec-24] org.apache.catalina.core.ApplicationContext.log Manager: restart: Reloading web application '/TodoApp2'
20-Mar-2023 18:25:16.437 INFO [http-nio-8082-exec-25] org.apache.catalina.core.ApplicationContext.log Manager: list: Listing contexts for virtual host 'localhost'
20-Mar-2023 18:25:16.453 INFO [http-nio-8082-exec-21] org.apache.catalina.core.ApplicationContext.log Manager: restart: Reloading web application '/TodoApp2'
20-Mar-2023 18:25:45.222 INFO [http-nio-8082-exec-23] org.apache.catalina.core.ApplicationContext.log Manager: list: Listing contexts for virtual host 'localhost'
20-Mar-2023 18:25:45.237 INFO [http-nio-8082-exec-26] org.apache.catalina.core.ApplicationContext.log Manager: restart: Reloading web application '/TodoApp2'
20-Mar-2023 18:26:38.042 INFO [http-nio-8082-exec-15] org.apache.catalina.core.ApplicationContext.log Manager: list: Listing contexts for virtual host 'localhost'
20-Mar-2023 18:26:38.058 INFO [http-nio-8082-exec-27] org.apache.catalina.core.ApplicationContext.log Manager: restart: Reloading web application '/TodoApp2'
20-Mar-2023 18:27:24.861 INFO [http-nio-8082-exec-14] org.apache.catalina.core.ApplicationContext.log Manager: list: Listing contexts for virtual host 'localhost'
20-Mar-2023 18:27:24.861 INFO [http-nio-8082-exec-25] org.apache.catalina.core.ApplicationContext.log Manager: restart: Reloading web application '/TodoApp2'
20-Mar-2023 18:27:27.252 INFO [http-nio-8082-exec-26] org.apache.catalina.core.ApplicationContext.log Manager: list: Listing contexts for virtual host 'localhost'
20-Mar-2023 18:27:27.252 INFO [http-nio-8082-exec-16] org.apache.catalina.core.ApplicationContext.log Manager: restart: Reloading web application '/TodoApp2'
20-Mar-2023 18:28:07.501 INFO [http-nio-8082-exec-23] org.apache.catalina.core.ApplicationContext.log Manager: list: Listing contexts for virtual host 'localhost'
20-Mar-2023 18:28:07.516 INFO [http-nio-8082-exec-28] org.apache.catalina.core.ApplicationContext.log Manager: restart: Reloading web application '/TodoApp2'
20-Mar-2023 18:28:23.576 INFO [http-nio-8082-exec-25] org.apache.catalina.core.ApplicationContext.log Manager: list: Listing contexts for virtual host 'localhost'
20-Mar-2023 18:28:23.591 INFO [http-nio-8082-exec-16] org.apache.catalina.core.ApplicationContext.log Manager: restart: Reloading web application '/TodoApp2'
20-Mar-2023 18:28:34.511 INFO [http-nio-8082-exec-23] org.apache.catalina.core.ApplicationContext.log Manager: list: Listing contexts for virtual host 'localhost'
20-Mar-2023 18:28:34.527 INFO [http-nio-8082-exec-25] org.apache.catalina.core.ApplicationContext.log Manager: restart: Reloading web application '/TodoApp2'
20-Mar-2023 18:29:04.294 INFO [http-nio-8082-exec-23] org.apache.catalina.core.ApplicationContext.log Manager: list: Listing contexts for virtual host 'localhost'
20-Mar-2023 18:29:04.310 INFO [http-nio-8082-exec-32] org.apache.catalina.core.ApplicationContext.log Manager: restart: Reloading web application '/TodoApp2'
20-Mar-2023 18:29:16.341 INFO [http-nio-8082-exec-23] org.apache.catalina.core.ApplicationContext.log Manager: list: Listing contexts for virtual host 'localhost'
20-Mar-2023 18:29:16.357 INFO [http-nio-8082-exec-25] org.apache.catalina.core.ApplicationContext.log Manager: restart: Reloading web application '/TodoApp2'
20-Mar-2023 18:29:49.960 INFO [http-nio-8082-exec-35] org.apache.catalina.core.ApplicationContext.log Manager: list: Listing contexts for virtual host 'localhost'
20-Mar-2023 18:29:49.975 INFO [http-nio-8082-exec-23] org.apache.catalina.core.ApplicationContext.log Manager: restart: Reloading web application '/TodoApp2'
20-Mar-2023 18:30:01.915 INFO [http-nio-8082-exec-25] org.apache.catalina.core.ApplicationContext.log Manager: list: Listing contexts for virtual host 'localhost'
20-Mar-2023 18:30:01.931 INFO [http-nio-8082-exec-28] org.apache.catalina.core.ApplicationContext.log Manager: restart: Reloading web application '/TodoApp2'
20-Mar-2023 18:30:13.951 INFO [http-nio-8082-exec-37] org.apache.catalina.core.ApplicationContext.log Manager: list: Listing contexts for virtual host 'localhost'
20-Mar-2023 18:30:13.982 INFO [http-nio-8082-exec-25] org.apache.catalina.core.ApplicationContext.log Manager: restart: Reloading web application '/TodoApp2'
20-Mar-2023 18:30:31.425 INFO [http-nio-8082-exec-32] org.apache.catalina.core.ApplicationContext.log Manager: list: Listing contexts for virtual host 'localhost'
20-Mar-2023 18:30:31.441 INFO [http-nio-8082-exec-14] org.apache.catalina.core.ApplicationContext.log Manager: restart: Reloading web application '/TodoApp2'
20-Mar-2023 18:30:34.901 INFO [http-nio-8082-exec-39] org.apache.catalina.core.ApplicationContext.log Manager: list: Listing contexts for virtual host 'localhost'
20-Mar-2023 18:30:34.917 INFO [http-nio-8082-exec-25] org.apache.catalina.core.ApplicationContext.log Manager: restart: Reloading web application '/TodoApp2'
20-Mar-2023 18:30:37.854 INFO [http-nio-8082-exec-39] org.apache.catalina.core.ApplicationContext.log Manager: list: Listing contexts for virtual host 'localhost'
20-Mar-2023 18:30:37.870 INFO [http-nio-8082-exec-28] org.apache.catalina.core.ApplicationContext.log Manager: restart: Reloading web application '/TodoApp2'
20-Mar-2023 18:31:55.720 INFO [http-nio-8082-exec-27] org.apache.catalina.core.ApplicationContext.log Manager: list: Listing contexts for virtual host 'localhost'
20-Mar-2023 18:31:55.736 INFO [http-nio-8082-exec-42] org.apache.catalina.core.ApplicationContext.log Manager: restart: Reloading web application '/TodoApp2'
20-Mar-2023 18:32:03.511 INFO [http-nio-8082-exec-43] org.apache.catalina.core.ApplicationContext.log Manager: list: Listing contexts for virtual host 'localhost'
20-Mar-2023 18:32:03.527 INFO [http-nio-8082-exec-28] org.apache.catalina.core.ApplicationContext.log Manager: restart: Reloading web application '/TodoApp2'
20-Mar-2023 18:33:32.030 INFO [http-nio-8082-exec-45] org.apache.catalina.core.ApplicationContext.log Manager: list: Listing contexts for virtual host 'localhost'
20-Mar-2023 18:33:32.046 INFO [http-nio-8082-exec-20] org.apache.catalina.core.ApplicationContext.log Manager: restart: Reloading web application '/TodoApp2'
20-Mar-2023 18:33:34.562 INFO [http-nio-8082-exec-43] org.apache.catalina.core.ApplicationContext.log Manager: list: Listing contexts for virtual host 'localhost'
20-Mar-2023 18:33:34.577 INFO [http-nio-8082-exec-45] org.apache.catalina.core.ApplicationContext.log Manager: restart: Reloading web application '/TodoApp2'
20-Mar-2023 18:34:09.553 INFO [http-nio-8082-exec-28] org.apache.catalina.core.ApplicationContext.log Manager: list: Listing contexts for virtual host 'localhost'
20-Mar-2023 18:34:09.569 INFO [http-nio-8082-exec-46] org.apache.catalina.core.ApplicationContext.log Manager: restart: Reloading web application '/TodoApp2'
20-Mar-2023 18:34:26.161 INFO [http-nio-8082-exec-20] org.apache.catalina.core.ApplicationContext.log Manager: list: Listing contexts for virtual host 'localhost'
20-Mar-2023 18:34:26.177 INFO [http-nio-8082-exec-43] org.apache.catalina.core.ApplicationContext.log Manager: restart: Reloading web application '/TodoApp2'
20-Mar-2023 19:05:58.021 INFO [http-nio-8082-exec-58] org.apache.catalina.core.ApplicationContext.log Manager: list: Listing contexts for virtual host 'localhost'
20-Mar-2023 19:05:58.037 INFO [http-nio-8082-exec-49] org.apache.catalina.core.ApplicationContext.log Manager: restart: Reloading web application '/TodoApp2'
20-Mar-2023 19:05:58.349 INFO [http-nio-8082-exec-50] org.apache.catalina.core.ApplicationContext.log Manager: list: Listing contexts for virtual host 'localhost'
20-Mar-2023 19:05:58.349 INFO [http-nio-8082-exec-51] org.apache.catalina.core.ApplicationContext.log Manager: restart: Reloading web application '/TodoApp2'
20-Mar-2023 19:07:26.792 INFO [http-nio-8082-exec-56] org.apache.catalina.core.ApplicationContext.log Manager: list: Listing contexts for virtual host 'localhost'
20-Mar-2023 19:07:26.808 INFO [http-nio-8082-exec-57] org.apache.catalina.core.ApplicationContext.log Manager: restart: Reloading web application '/TodoApp2'
20-Mar-2023 19:07:47.810 INFO [http-nio-8082-exec-62] org.apache.catalina.core.ApplicationContext.log Manager: list: Listing contexts for virtual host 'localhost'
20-Mar-2023 19:07:56.070 INFO [http-nio-8082-exec-56] org.apache.catalina.core.ApplicationContext.log Manager: list: Listing contexts for virtual host 'localhost'
20-Mar-2023 19:08:42.997 INFO [http-nio-8082-exec-50] org.apache.catalina.core.ApplicationContext.log Manager: list: Listing contexts for virtual host 'localhost'
20-Mar-2023 19:09:18.690 INFO [http-nio-8082-exec-63] org.apache.catalina.core.ApplicationContext.log Manager: list: Listing contexts for virtual host 'localhost'
20-Mar-2023 19:09:49.955 INFO [http-nio-8082-exec-54] org.apache.catalina.core.ApplicationContext.log Manager: list: Listing contexts for virtual host 'localhost'
20-Mar-2023 19:10:42.636 INFO [http-nio-8082-exec-67] org.apache.catalina.core.ApplicationContext.log Manager: list: Listing contexts for virtual host 'localhost'
20-Mar-2023 19:10:42.646 INFO [http-nio-8082-exec-66] org.apache.catalina.core.ApplicationContext.log Manager: undeploy: Undeploying web application at '/TodoApp2'
20-Mar-2023 19:10:54.057 INFO [http-nio-8082-exec-65] org.apache.catalina.core.ApplicationContext.log Manager: list: Listing contexts for virtual host 'localhost'
20-Mar-2023 19:10:54.073 INFO [http-nio-8082-exec-62] org.apache.catalina.core.ApplicationContext.log Manager: list: Listing contexts for virtual host 'localhost'
20-Mar-2023 19:10:54.089 INFO [http-nio-8082-exec-68] org.apache.catalina.core.ApplicationContext.log Manager: install: Installing context configuration at 'file:/C:/Users/FPTshop/AppData/Local/Temp/context8183828592321274608.xml'
20-Mar-2023 19:10:54.292 INFO [http-nio-8082-exec-54] org.apache.catalina.core.ApplicationContext.log Manager: start: Starting web application '/TodoApp2'
20-Mar-2023 19:11:28.540 INFO [http-nio-8082-exec-67] org.apache.catalina.core.ApplicationContext.log Manager: list: Listing contexts for virtual host 'localhost'
20-Mar-2023 19:11:28.555 INFO [http-nio-8082-exec-71] org.apache.catalina.core.ApplicationContext.log Manager: list: Listing contexts for virtual host 'localhost'
20-Mar-2023 19:11:39.190 INFO [http-nio-8082-exec-72] org.apache.catalina.core.ApplicationContext.log Manager: list: Listing contexts for virtual host 'localhost'
20-Mar-2023 19:11:39.193 INFO [http-nio-8082-exec-68] org.apache.catalina.core.ApplicationContext.log Manager: list: Listing contexts for virtual host 'localhost'
20-Mar-2023 19:14:16.115 INFO [http-nio-8082-exec-78] org.apache.catalina.core.ApplicationContext.log Manager: list: Listing contexts for virtual host 'localhost'
20-Mar-2023 19:14:41.465 INFO [http-nio-8082-exec-72] org.apache.catalina.core.ApplicationContext.log Manager: list: Listing contexts for virtual host 'localhost'
20-Mar-2023 19:15:26.371 INFO [http-nio-8082-exec-76] org.apache.catalina.core.ApplicationContext.log Manager: list: Listing contexts for virtual host 'localhost'
20-Mar-2023 19:16:05.018 INFO [http-nio-8082-exec-72] org.apache.catalina.core.ApplicationContext.log Manager: list: Listing contexts for virtual host 'localhost'
20-Mar-2023 19:18:32.761 INFO [http-nio-8082-exec-71] org.apache.catalina.core.ApplicationContext.log Manager: list: Listing contexts for virtual host 'localhost'
20-Mar-2023 19:18:32.769 INFO [http-nio-8082-exec-72] org.apache.catalina.core.ApplicationContext.log Manager: restart: Reloading web application '/TodoApp2'
20-Mar-2023 19:18:39.376 INFO [http-nio-8082-exec-77] org.apache.catalina.core.ApplicationContext.log Manager: list: Listing contexts for virtual host 'localhost'
20-Mar-2023 19:21:32.493 INFO [http-nio-8082-exec-83] org.apache.catalina.core.ApplicationContext.log Manager: list: Listing contexts for virtual host 'localhost'
20-Mar-2023 19:21:32.502 INFO [http-nio-8082-exec-84] org.apache.catalina.core.ApplicationContext.log Manager: restart: Reloading web application '/TodoApp2'
20-Mar-2023 19:21:40.546 INFO [http-nio-8082-exec-83] org.apache.catalina.core.ApplicationContext.log Manager: list: Listing contexts for virtual host 'localhost'
20-Mar-2023 19:21:40.557 INFO [http-nio-8082-exec-89] org.apache.catalina.core.ApplicationContext.log Manager: undeploy: Undeploying web application at '/TodoApp2'
20-Mar-2023 19:21:42.709 INFO [http-nio-8082-exec-83] org.apache.catalina.core.ApplicationContext.log Manager: list: Listing contexts for virtual host 'localhost'
20-Mar-2023 19:21:42.715 INFO [http-nio-8082-exec-85] org.apache.catalina.core.ApplicationContext.log Manager: list: Listing contexts for virtual host 'localhost'
20-Mar-2023 19:21:42.727 INFO [http-nio-8082-exec-79] org.apache.catalina.core.ApplicationContext.log Manager: install: Installing context configuration at 'file:/C:/Users/FPTshop/AppData/Local/Temp/context5195833213473085139.xml'
20-Mar-2023 19:21:42.974 INFO [http-nio-8082-exec-80] org.apache.catalina.core.ApplicationContext.log Manager: start: Starting web application '/TodoApp2'
20-Mar-2023 19:22:46.604 INFO [http-nio-8082-exec-80] org.apache.catalina.core.ApplicationContext.log Manager: list: Listing contexts for virtual host 'localhost'
20-Mar-2023 19:27:38.040 INFO [http-nio-8082-exec-92] org.apache.catalina.core.ApplicationContext.log Manager: list: Listing contexts for virtual host 'localhost'
20-Mar-2023 19:27:59.094 INFO [http-nio-8082-exec-99] org.apache.catalina.core.ApplicationContext.log Manager: list: Listing contexts for virtual host 'localhost'
20-Mar-2023 19:27:59.108 INFO [http-nio-8082-exec-100] org.apache.catalina.core.ApplicationContext.log Manager: restart: Reloading web application '/TodoApp2'
20-Mar-2023 19:28:40.641 INFO [http-nio-8082-exec-97] org.apache.catalina.core.ApplicationContext.log Manager: list: Listing contexts for virtual host 'localhost'
20-Mar-2023 19:28:40.655 INFO [http-nio-8082-exec-92] org.apache.catalina.core.ApplicationContext.log Manager: restart: Reloading web application '/TodoApp2'
20-Mar-2023 19:37:04.088 INFO [http-nio-8082-exec-115] org.apache.catalina.core.ApplicationContext.log Manager: list: Listing contexts for virtual host 'localhost'
20-Mar-2023 19:37:18.410 INFO [http-nio-8082-exec-108] org.apache.catalina.core.ApplicationContext.log Manager: list: Listing contexts for virtual host 'localhost'
