26-Feb-2023 10:24:49.142 INFO [http-nio-8082-exec-99] org.apache.catalina.core.ApplicationContext.log Manager: list: Listing contexts for virtual host 'localhost'
26-Feb-2023 10:25:03.390 INFO [http-nio-8082-exec-96] org.apache.catalina.core.ApplicationContext.log Manager: list: Listing contexts for virtual host 'localhost'
26-Feb-2023 10:25:03.398 INFO [http-nio-8082-exec-92] org.apache.catalina.core.ApplicationContext.log Manager: undeploy: Undeploying web application at '/TodoApp1'
26-Feb-2023 10:25:08.350 INFO [http-nio-8082-exec-99] org.apache.catalina.core.ApplicationContext.log Manager: list: Listing contexts for virtual host 'localhost'
26-Feb-2023 10:25:08.353 INFO [http-nio-8082-exec-101] org.apache.catalina.core.ApplicationContext.log Manager: list: Listing contexts for virtual host 'localhost'
26-Feb-2023 10:25:08.363 INFO [http-nio-8082-exec-94] org.apache.catalina.core.ApplicationContext.log Manager: install: Installing context configuration at 'file:/C:/Users/FPTshop/AppData/Local/Temp/context3776929801668597864.xml'
26-Feb-2023 10:25:08.665 INFO [http-nio-8082-exec-90] org.apache.catalina.core.ApplicationContext.log Manager: start: Starting web application '/TodoApp1'
26-Feb-2023 10:27:20.798 INFO [http-nio-8082-exec-104] org.apache.catalina.core.ApplicationContext.log Manager: list: Listing contexts for virtual host 'localhost'
26-Feb-2023 10:27:35.006 INFO [http-nio-8082-exec-109] org.apache.catalina.core.ApplicationContext.log Manager: list: Listing contexts for virtual host 'localhost'
26-Feb-2023 10:28:17.918 INFO [http-nio-8082-exec-105] org.apache.catalina.core.ApplicationContext.log Manager: list: Listing contexts for virtual host 'localhost'
26-Feb-2023 10:29:44.009 INFO [http-nio-8082-exec-100] org.apache.catalina.core.ApplicationContext.log Manager: list: Listing contexts for virtual host 'localhost'
26-Feb-2023 10:30:00.510 INFO [http-nio-8082-exec-105] org.apache.catalina.core.ApplicationContext.log Manager: list: Listing contexts for virtual host 'localhost'
26-Feb-2023 10:30:05.980 INFO [http-nio-8082-exec-105] org.apache.catalina.core.ApplicationContext.log Manager: list: Listing contexts for virtual host 'localhost'
26-Feb-2023 10:36:39.973 INFO [http-nio-8082-exec-103] org.apache.catalina.core.ApplicationContext.log Manager: list: Listing contexts for virtual host 'localhost'
26-Feb-2023 10:39:55.687 INFO [http-nio-8082-exec-107] org.apache.catalina.core.ApplicationContext.log Manager: list: Listing contexts for virtual host 'localhost'
26-Feb-2023 10:39:55.695 INFO [http-nio-8082-exec-108] org.apache.catalina.core.ApplicationContext.log Manager: restart: Reloading web application '/TodoApp1'
26-Feb-2023 10:40:25.325 INFO [http-nio-8082-exec-100] org.apache.catalina.core.ApplicationContext.log Manager: list: Listing contexts for virtual host 'localhost'
26-Feb-2023 10:40:25.333 INFO [http-nio-8082-exec-106] org.apache.catalina.core.ApplicationContext.log Manager: restart: Reloading web application '/TodoApp1'
26-Feb-2023 10:40:29.100 INFO [http-nio-8082-exec-109] org.apache.catalina.core.ApplicationContext.log Manager: list: Listing contexts for virtual host 'localhost'
26-Feb-2023 10:41:04.408 INFO [http-nio-8082-exec-103] org.apache.catalina.core.ApplicationContext.log Manager: list: Listing contexts for virtual host 'localhost'
26-Feb-2023 10:41:04.415 INFO [http-nio-8082-exec-112] org.apache.catalina.core.ApplicationContext.log Manager: restart: Reloading web application '/TodoApp1'
26-Feb-2023 10:41:07.538 INFO [http-nio-8082-exec-109] org.apache.catalina.core.ApplicationContext.log Manager: list: Listing contexts for virtual host 'localhost'
26-Feb-2023 10:41:07.547 INFO [http-nio-8082-exec-111] org.apache.catalina.core.ApplicationContext.log Manager: restart: Reloading web application '/TodoApp1'
26-Feb-2023 10:41:08.485 INFO [http-nio-8082-exec-112] org.apache.catalina.core.ApplicationContext.log Manager: list: Listing contexts for virtual host 'localhost'
26-Feb-2023 10:41:08.493 INFO [http-nio-8082-exec-103] org.apache.catalina.core.ApplicationContext.log Manager: restart: Reloading web application '/TodoApp1'
26-Feb-2023 10:41:22.355 INFO [http-nio-8082-exec-109] org.apache.catalina.core.ApplicationContext.log Manager: list: Listing contexts for virtual host 'localhost'
26-Feb-2023 10:41:22.362 INFO [http-nio-8082-exec-111] org.apache.catalina.core.ApplicationContext.log Manager: restart: Reloading web application '/TodoApp1'
26-Feb-2023 10:45:27.759 INFO [http-nio-8082-exec-123] org.apache.catalina.core.ApplicationContext.log Manager: list: Listing contexts for virtual host 'localhost'
26-Feb-2023 10:45:27.767 INFO [http-nio-8082-exec-124] org.apache.catalina.core.ApplicationContext.log Manager: restart: Reloading web application '/TodoApp1'
26-Feb-2023 10:46:15.122 INFO [http-nio-8082-exec-125] org.apache.catalina.core.ApplicationContext.log Manager: list: Listing contexts for virtual host 'localhost'
26-Feb-2023 10:46:15.129 INFO [http-nio-8082-exec-119] org.apache.catalina.core.ApplicationContext.log Manager: restart: Reloading web application '/TodoApp1'
26-Feb-2023 10:46:45.834 INFO [http-nio-8082-exec-121] org.apache.catalina.core.ApplicationContext.log Manager: list: Listing contexts for virtual host 'localhost'
26-Feb-2023 10:46:45.841 INFO [http-nio-8082-exec-125] org.apache.catalina.core.ApplicationContext.log Manager: restart: Reloading web application '/TodoApp1'
26-Feb-2023 10:47:28.472 INFO [http-nio-8082-exec-129] org.apache.catalina.core.ApplicationContext.log Manager: list: Listing contexts for virtual host 'localhost'
26-Feb-2023 10:47:28.485 INFO [http-nio-8082-exec-121] org.apache.catalina.core.ApplicationContext.log Manager: restart: Reloading web application '/TodoApp1'
26-Feb-2023 10:47:44.358 INFO [http-nio-8082-exec-119] org.apache.catalina.core.ApplicationContext.log Manager: list: Listing contexts for virtual host 'localhost'
26-Feb-2023 10:47:44.365 INFO [http-nio-8082-exec-126] org.apache.catalina.core.ApplicationContext.log Manager: restart: Reloading web application '/TodoApp1'
26-Feb-2023 10:50:26.616 INFO [http-nio-8082-exec-134] org.apache.catalina.core.ApplicationContext.log Manager: list: Listing contexts for virtual host 'localhost'
26-Feb-2023 10:50:26.625 INFO [http-nio-8082-exec-135] org.apache.catalina.core.ApplicationContext.log Manager: restart: Reloading web application '/TodoApp1'
26-Feb-2023 10:51:19.034 INFO [http-nio-8082-exec-132] org.apache.catalina.core.ApplicationContext.log Manager: list: Listing contexts for virtual host 'localhost'
26-Feb-2023 10:51:19.041 INFO [http-nio-8082-exec-139] org.apache.catalina.core.ApplicationContext.log Manager: restart: Reloading web application '/TodoApp1'
26-Feb-2023 10:54:43.356 INFO [http-nio-8082-exec-140] org.apache.catalina.core.ApplicationContext.log Manager: list: Listing contexts for virtual host 'localhost'
26-Feb-2023 10:54:43.364 INFO [http-nio-8082-exec-143] org.apache.catalina.core.ApplicationContext.log Manager: restart: Reloading web application '/TodoApp1'
26-Feb-2023 10:55:48.075 INFO [http-nio-8082-exec-138] org.apache.catalina.core.ApplicationContext.log Manager: list: Listing contexts for virtual host 'localhost'
26-Feb-2023 10:55:48.081 INFO [http-nio-8082-exec-140] org.apache.catalina.core.ApplicationContext.log Manager: restart: Reloading web application '/TodoApp1'
26-Feb-2023 10:56:57.655 INFO [http-nio-8082-exec-136] org.apache.catalina.core.ApplicationContext.log Manager: list: Listing contexts for virtual host 'localhost'
26-Feb-2023 10:56:57.661 INFO [http-nio-8082-exec-145] org.apache.catalina.core.ApplicationContext.log Manager: restart: Reloading web application '/TodoApp1'
26-Feb-2023 10:57:12.848 INFO [http-nio-8082-exec-149] org.apache.catalina.core.ApplicationContext.log Manager: list: Listing contexts for virtual host 'localhost'
26-Feb-2023 10:59:38.992 INFO [http-nio-8082-exec-151] org.apache.catalina.core.ApplicationContext.log Manager: list: Listing contexts for virtual host 'localhost'
26-Feb-2023 11:00:02.706 INFO [http-nio-8082-exec-149] org.apache.catalina.core.ApplicationContext.log Manager: list: Listing contexts for virtual host 'localhost'
26-Feb-2023 11:00:27.810 INFO [http-nio-8082-exec-158] org.apache.catalina.core.ApplicationContext.log Manager: list: Listing contexts for virtual host 'localhost'
26-Feb-2023 11:00:32.315 INFO [http-nio-8082-exec-154] org.apache.catalina.core.ApplicationContext.log Manager: list: Listing contexts for virtual host 'localhost'
26-Feb-2023 11:02:51.290 INFO [http-nio-8082-exec-153] org.apache.catalina.core.ApplicationContext.log Manager: list: Listing contexts for virtual host 'localhost'
26-Feb-2023 11:02:51.298 INFO [http-nio-8082-exec-151] org.apache.catalina.core.ApplicationContext.log Manager: restart: Reloading web application '/TodoApp1'
26-Feb-2023 11:03:17.865 INFO [http-nio-8082-exec-152] org.apache.catalina.core.ApplicationContext.log Manager: list: Listing contexts for virtual host 'localhost'
26-Feb-2023 11:03:17.872 INFO [http-nio-8082-exec-156] org.apache.catalina.core.ApplicationContext.log Manager: restart: Reloading web application '/TodoApp1'
26-Feb-2023 11:05:08.979 INFO [http-nio-8082-exec-163] org.apache.catalina.core.ApplicationContext.log Manager: list: Listing contexts for virtual host 'localhost'
26-Feb-2023 11:05:12.284 INFO [http-nio-8082-exec-165] org.apache.catalina.core.ApplicationContext.log Manager: list: Listing contexts for virtual host 'localhost'
26-Feb-2023 11:08:14.344 INFO [http-nio-8082-exec-168] org.apache.catalina.core.ApplicationContext.log Manager: list: Listing contexts for virtual host 'localhost'
26-Feb-2023 11:08:14.350 INFO [http-nio-8082-exec-169] org.apache.catalina.core.ApplicationContext.log Manager: restart: Reloading web application '/TodoApp1'
26-Feb-2023 11:09:01.208 INFO [http-nio-8082-exec-170] org.apache.catalina.core.ApplicationContext.log Manager: list: Listing contexts for virtual host 'localhost'
26-Feb-2023 11:09:01.210 INFO [http-nio-8082-exec-165] org.apache.catalina.core.ApplicationContext.log Manager: list: Listing contexts for virtual host 'localhost'
26-Feb-2023 11:09:01.224 INFO [http-nio-8082-exec-171] org.apache.catalina.core.ApplicationContext.log Manager: restart: Reloading web application '/TodoApp1'
26-Feb-2023 11:09:52.195 INFO [http-nio-8082-exec-175] org.apache.catalina.core.ApplicationContext.log Manager: list: Listing contexts for virtual host 'localhost'
26-Feb-2023 11:09:52.202 INFO [http-nio-8082-exec-165] org.apache.catalina.core.ApplicationContext.log Manager: undeploy: Undeploying web application at '/TodoApp1'
26-Feb-2023 11:09:54.445 INFO [http-nio-8082-exec-182] org.apache.catalina.core.ApplicationContext.log Manager: list: Listing contexts for virtual host 'localhost'
26-Feb-2023 11:09:54.448 INFO [http-nio-8082-exec-180] org.apache.catalina.core.ApplicationContext.log Manager: list: Listing contexts for virtual host 'localhost'
26-Feb-2023 11:09:54.457 INFO [http-nio-8082-exec-181] org.apache.catalina.core.ApplicationContext.log Manager: install: Installing context configuration at 'file:/C:/Users/FPTshop/AppData/Local/Temp/context499078661629398122.xml'
26-Feb-2023 11:09:54.662 INFO [http-nio-8082-exec-178] org.apache.catalina.core.ApplicationContext.log Manager: start: Starting web application '/TodoApp1'
26-Feb-2023 11:11:35.353 INFO [http-nio-8082-exec-190] org.apache.catalina.core.ApplicationContext.log Manager: list: Listing contexts for virtual host 'localhost'
26-Feb-2023 11:11:35.360 INFO [http-nio-8082-exec-186] org.apache.catalina.core.ApplicationContext.log Manager: restart: Reloading web application '/TodoApp1'
26-Feb-2023 11:11:41.040 INFO [http-nio-8082-exec-191] org.apache.catalina.core.ApplicationContext.log Manager: list: Listing contexts for virtual host 'localhost'
26-Feb-2023 11:11:41.049 INFO [http-nio-8082-exec-183] org.apache.catalina.core.ApplicationContext.log Manager: restart: Reloading web application '/TodoApp1'
26-Feb-2023 11:12:05.005 INFO [http-nio-8082-exec-194] org.apache.catalina.core.ApplicationContext.log Manager: list: Listing contexts for virtual host 'localhost'
26-Feb-2023 11:12:05.013 INFO [http-nio-8082-exec-190] org.apache.catalina.core.ApplicationContext.log Manager: restart: Reloading web application '/TodoApp1'
26-Feb-2023 11:19:05.593 INFO [http-nio-8082-exec-196] org.apache.catalina.core.ApplicationContext.log Manager: list: Listing contexts for virtual host 'localhost'
26-Feb-2023 11:20:13.413 INFO [http-nio-8082-exec-203] org.apache.catalina.core.ApplicationContext.log Manager: list: Listing contexts for virtual host 'localhost'
26-Feb-2023 11:21:14.252 INFO [http-nio-8082-exec-202] org.apache.catalina.core.ApplicationContext.log Manager: list: Listing contexts for virtual host 'localhost'
26-Feb-2023 11:21:28.195 INFO [http-nio-8082-exec-202] org.apache.catalina.core.ApplicationContext.log Manager: list: Listing contexts for virtual host 'localhost'
26-Feb-2023 11:22:56.837 INFO [http-nio-8082-exec-198] org.apache.catalina.core.ApplicationContext.log Manager: list: Listing contexts for virtual host 'localhost'
26-Feb-2023 11:24:32.839 INFO [http-nio-8082-exec-199] org.apache.catalina.core.ApplicationContext.log Manager: list: Listing contexts for virtual host 'localhost'
26-Feb-2023 11:24:32.846 INFO [http-nio-8082-exec-196] org.apache.catalina.core.ApplicationContext.log Manager: restart: Reloading web application '/TodoApp1'
26-Feb-2023 11:24:45.846 INFO [http-nio-8082-exec-199] org.apache.catalina.core.ApplicationContext.log Manager: list: Listing contexts for virtual host 'localhost'
26-Feb-2023 11:24:45.854 INFO [http-nio-8082-exec-198] org.apache.catalina.core.ApplicationContext.log Manager: restart: Reloading web application '/TodoApp1'
26-Feb-2023 11:24:54.726 INFO [http-nio-8082-exec-206] org.apache.catalina.core.ApplicationContext.log Manager: list: Listing contexts for virtual host 'localhost'
26-Feb-2023 11:24:54.732 INFO [http-nio-8082-exec-197] org.apache.catalina.core.ApplicationContext.log Manager: restart: Reloading web application '/TodoApp1'
26-Feb-2023 11:25:23.941 INFO [http-nio-8082-exec-209] org.apache.catalina.core.ApplicationContext.log Manager: list: Listing contexts for virtual host 'localhost'
26-Feb-2023 11:25:41.810 INFO [http-nio-8082-exec-208] org.apache.catalina.core.ApplicationContext.log Manager: list: Listing contexts for virtual host 'localhost'
26-Feb-2023 11:28:04.099 INFO [http-nio-8082-exec-211] org.apache.catalina.core.ApplicationContext.log Manager: list: Listing contexts for virtual host 'localhost'
26-Feb-2023 11:28:12.426 INFO [http-nio-8082-exec-210] org.apache.catalina.core.ApplicationContext.log Manager: list: Listing contexts for virtual host 'localhost'
26-Feb-2023 11:28:40.274 INFO [http-nio-8082-exec-208] org.apache.catalina.core.ApplicationContext.log Manager: list: Listing contexts for virtual host 'localhost'
26-Feb-2023 11:29:42.674 INFO [http-nio-8082-exec-211] org.apache.catalina.core.ApplicationContext.log Manager: list: Listing contexts for virtual host 'localhost'
26-Feb-2023 11:29:45.238 INFO [http-nio-8082-exec-216] org.apache.catalina.core.ApplicationContext.log Manager: list: Listing contexts for virtual host 'localhost'
26-Feb-2023 11:30:28.818 INFO [http-nio-8082-exec-210] org.apache.catalina.core.ApplicationContext.log Manager: list: Listing contexts for virtual host 'localhost'
26-Feb-2023 11:34:33.203 INFO [http-nio-8082-exec-218] org.apache.catalina.core.ApplicationContext.log Manager: list: Listing contexts for virtual host 'localhost'
26-Feb-2023 11:34:36.056 INFO [http-nio-8082-exec-215] org.apache.catalina.core.ApplicationContext.log Manager: list: Listing contexts for virtual host 'localhost'
26-Feb-2023 11:34:52.166 INFO [http-nio-8082-exec-217] org.apache.catalina.core.ApplicationContext.log Manager: list: Listing contexts for virtual host 'localhost'
26-Feb-2023 11:35:03.760 INFO [http-nio-8082-exec-214] org.apache.catalina.core.ApplicationContext.log Manager: list: Listing contexts for virtual host 'localhost'
26-Feb-2023 11:36:06.842 INFO [http-nio-8082-exec-213] org.apache.catalina.core.ApplicationContext.log Manager: list: Listing contexts for virtual host 'localhost'
26-Feb-2023 11:39:14.571 INFO [http-nio-8082-exec-211] org.apache.catalina.core.ApplicationContext.log Manager: list: Listing contexts for virtual host 'localhost'
26-Feb-2023 11:39:51.070 INFO [http-nio-8082-exec-212] org.apache.catalina.core.ApplicationContext.log Manager: list: Listing contexts for virtual host 'localhost'
26-Feb-2023 11:40:01.243 INFO [http-nio-8082-exec-210] org.apache.catalina.core.ApplicationContext.log Manager: list: Listing contexts for virtual host 'localhost'
26-Feb-2023 11:40:16.891 INFO [http-nio-8082-exec-213] org.apache.catalina.core.ApplicationContext.log Manager: list: Listing contexts for virtual host 'localhost'
26-Feb-2023 11:40:28.303 INFO [http-nio-8082-exec-211] org.apache.catalina.core.ApplicationContext.log Manager: list: Listing contexts for virtual host 'localhost'
26-Feb-2023 11:40:34.320 INFO [http-nio-8082-exec-218] org.apache.catalina.core.ApplicationContext.log Manager: list: Listing contexts for virtual host 'localhost'
26-Feb-2023 11:40:59.462 INFO [http-nio-8082-exec-211] org.apache.catalina.core.ApplicationContext.log Manager: list: Listing contexts for virtual host 'localhost'
26-Feb-2023 11:41:46.944 INFO [http-nio-8082-exec-212] org.apache.catalina.core.ApplicationContext.log Manager: list: Listing contexts for virtual host 'localhost'
26-Feb-2023 11:41:54.040 INFO [http-nio-8082-exec-216] org.apache.catalina.core.ApplicationContext.log Manager: list: Listing contexts for virtual host 'localhost'
26-Feb-2023 11:42:52.179 INFO [http-nio-8082-exec-218] org.apache.catalina.core.ApplicationContext.log Manager: list: Listing contexts for virtual host 'localhost'
26-Feb-2023 11:43:43.370 INFO [http-nio-8082-exec-209] org.apache.catalina.core.ApplicationContext.log Manager: list: Listing contexts for virtual host 'localhost'
26-Feb-2023 11:43:55.134 INFO [http-nio-8082-exec-210] org.apache.catalina.core.ApplicationContext.log Manager: list: Listing contexts for virtual host 'localhost'
26-Feb-2023 13:06:29.446 INFO [http-nio-8082-exec-213] org.apache.catalina.core.ApplicationContext.log Manager: list: Listing contexts for virtual host 'localhost'
26-Feb-2023 13:06:29.456 INFO [http-nio-8082-exec-216] org.apache.catalina.core.ApplicationContext.log Manager: restart: Reloading web application '/TodoApp1'
26-Feb-2023 13:08:12.537 INFO [http-nio-8082-exec-217] org.apache.catalina.core.ApplicationContext.log Manager: list: Listing contexts for virtual host 'localhost'
26-Feb-2023 13:08:12.544 INFO [http-nio-8082-exec-209] org.apache.catalina.core.ApplicationContext.log Manager: restart: Reloading web application '/TodoApp1'
26-Feb-2023 13:08:14.071 INFO [http-nio-8082-exec-215] org.apache.catalina.core.ApplicationContext.log Manager: list: Listing contexts for virtual host 'localhost'
26-Feb-2023 13:08:14.079 INFO [http-nio-8082-exec-213] org.apache.catalina.core.ApplicationContext.log Manager: restart: Reloading web application '/TodoApp1'
26-Feb-2023 13:08:46.268 INFO [http-nio-8082-exec-210] org.apache.catalina.core.ApplicationContext.log Manager: list: Listing contexts for virtual host 'localhost'
26-Feb-2023 13:08:46.276 INFO [http-nio-8082-exec-211] org.apache.catalina.core.ApplicationContext.log Manager: restart: Reloading web application '/TodoApp1'
26-Feb-2023 13:09:19.885 INFO [http-nio-8082-exec-222] org.apache.catalina.core.ApplicationContext.log Manager: list: Listing contexts for virtual host 'localhost'
26-Feb-2023 13:09:19.892 INFO [http-nio-8082-exec-209] org.apache.catalina.core.ApplicationContext.log Manager: restart: Reloading web application '/TodoApp1'
26-Feb-2023 13:09:21.790 INFO [http-nio-8082-exec-215] org.apache.catalina.core.ApplicationContext.log Manager: list: Listing contexts for virtual host 'localhost'
26-Feb-2023 13:09:21.797 INFO [http-nio-8082-exec-219] org.apache.catalina.core.ApplicationContext.log Manager: restart: Reloading web application '/TodoApp1'
26-Feb-2023 13:09:24.036 INFO [http-nio-8082-exec-225] org.apache.catalina.core.ApplicationContext.log Manager: list: Listing contexts for virtual host 'localhost'
26-Feb-2023 13:09:24.042 INFO [http-nio-8082-exec-222] org.apache.catalina.core.ApplicationContext.log Manager: restart: Reloading web application '/TodoApp1'
26-Feb-2023 13:09:56.821 INFO [http-nio-8082-exec-210] org.apache.catalina.core.ApplicationContext.log Manager: list: Listing contexts for virtual host 'localhost'
26-Feb-2023 13:09:56.826 INFO [http-nio-8082-exec-211] org.apache.catalina.core.ApplicationContext.log Manager: restart: Reloading web application '/TodoApp1'
26-Feb-2023 13:18:43.701 INFO [http-nio-8082-exec-229] org.apache.catalina.core.ApplicationContext.log Manager: list: Listing contexts for virtual host 'localhost'
26-Feb-2023 13:18:43.708 INFO [http-nio-8082-exec-230] org.apache.catalina.core.ApplicationContext.log Manager: restart: Reloading web application '/TodoApp1'
26-Feb-2023 13:19:59.668 INFO [http-nio-8082-exec-233] org.apache.catalina.core.ApplicationContext.log Manager: list: Listing contexts for virtual host 'localhost'
26-Feb-2023 13:19:59.677 INFO [http-nio-8082-exec-232] org.apache.catalina.core.ApplicationContext.log Manager: restart: Reloading web application '/TodoApp1'
26-Feb-2023 13:20:02.126 INFO [http-nio-8082-exec-235] org.apache.catalina.core.ApplicationContext.log Manager: list: Listing contexts for virtual host 'localhost'
26-Feb-2023 13:20:02.133 INFO [http-nio-8082-exec-236] org.apache.catalina.core.ApplicationContext.log Manager: restart: Reloading web application '/TodoApp1'
26-Feb-2023 13:21:52.818 INFO [http-nio-8082-exec-238] org.apache.catalina.core.ApplicationContext.log Manager: list: Listing contexts for virtual host 'localhost'
26-Feb-2023 13:21:52.826 INFO [http-nio-8082-exec-239] org.apache.catalina.core.ApplicationContext.log Manager: restart: Reloading web application '/TodoApp1'
26-Feb-2023 13:23:05.399 INFO [http-nio-8082-exec-237] org.apache.catalina.core.ApplicationContext.log Manager: list: Listing contexts for virtual host 'localhost'
26-Feb-2023 13:23:05.406 INFO [http-nio-8082-exec-241] org.apache.catalina.core.ApplicationContext.log Manager: restart: Reloading web application '/TodoApp1'
26-Feb-2023 13:25:28.313 INFO [http-nio-8082-exec-235] org.apache.catalina.core.ApplicationContext.log Manager: list: Listing contexts for virtual host 'localhost'
26-Feb-2023 13:25:28.318 INFO [http-nio-8082-exec-243] org.apache.catalina.core.ApplicationContext.log Manager: restart: Reloading web application '/TodoApp1'
26-Feb-2023 13:25:32.830 INFO [http-nio-8082-exec-246] org.apache.catalina.core.ApplicationContext.log Manager: list: Listing contexts for virtual host 'localhost'
26-Feb-2023 13:25:32.839 INFO [http-nio-8082-exec-235] org.apache.catalina.core.ApplicationContext.log Manager: restart: Reloading web application '/TodoApp1'
26-Feb-2023 13:28:15.017 INFO [http-nio-8082-exec-243] org.apache.catalina.core.ApplicationContext.log Manager: list: Listing contexts for virtual host 'localhost'
26-Feb-2023 13:28:15.026 INFO [http-nio-8082-exec-250] org.apache.catalina.core.ApplicationContext.log Manager: restart: Reloading web application '/TodoApp1'
26-Feb-2023 13:28:38.208 INFO [http-nio-8082-exec-235] org.apache.catalina.core.ApplicationContext.log Manager: list: Listing contexts for virtual host 'localhost'
26-Feb-2023 13:28:38.214 INFO [http-nio-8082-exec-241] org.apache.catalina.core.ApplicationContext.log Manager: restart: Reloading web application '/TodoApp1'
26-Feb-2023 13:33:54.372 INFO [http-nio-8082-exec-256] org.apache.catalina.core.ApplicationContext.log Manager: list: Listing contexts for virtual host 'localhost'
26-Feb-2023 13:34:24.470 INFO [http-nio-8082-exec-254] org.apache.catalina.core.ApplicationContext.log Manager: list: Listing contexts for virtual host 'localhost'
26-Feb-2023 13:34:51.125 INFO [http-nio-8082-exec-241] org.apache.catalina.core.ApplicationContext.log Manager: list: Listing contexts for virtual host 'localhost'
26-Feb-2023 13:35:13.022 INFO [http-nio-8082-exec-258] org.apache.catalina.core.ApplicationContext.log Manager: list: Listing contexts for virtual host 'localhost'
26-Feb-2023 13:37:10.985 INFO [http-nio-8082-exec-254] org.apache.catalina.core.ApplicationContext.log Manager: list: Listing contexts for virtual host 'localhost'
26-Feb-2023 13:38:26.239 INFO [http-nio-8082-exec-261] org.apache.catalina.core.ApplicationContext.log Manager: list: Listing contexts for virtual host 'localhost'
26-Feb-2023 13:38:40.045 INFO [http-nio-8082-exec-258] org.apache.catalina.core.ApplicationContext.log Manager: list: Listing contexts for virtual host 'localhost'
26-Feb-2023 13:40:28.605 INFO [http-nio-8082-exec-252] org.apache.catalina.core.ApplicationContext.log Manager: list: Listing contexts for virtual host 'localhost'
26-Feb-2023 13:44:52.040 INFO [http-nio-8082-exec-252] org.apache.catalina.core.ApplicationContext.log Manager: list: Listing contexts for virtual host 'localhost'
26-Feb-2023 13:45:10.887 INFO [http-nio-8082-exec-254] org.apache.catalina.core.ApplicationContext.log Manager: list: Listing contexts for virtual host 'localhost'
26-Feb-2023 13:47:00.466 INFO [http-nio-8082-exec-254] org.apache.catalina.core.ApplicationContext.log Manager: list: Listing contexts for virtual host 'localhost'
26-Feb-2023 13:47:13.598 INFO [http-nio-8082-exec-259] org.apache.catalina.core.ApplicationContext.log Manager: list: Listing contexts for virtual host 'localhost'
26-Feb-2023 13:47:18.293 INFO [http-nio-8082-exec-252] org.apache.catalina.core.ApplicationContext.log Manager: list: Listing contexts for virtual host 'localhost'
26-Feb-2023 13:47:48.346 INFO [http-nio-8082-exec-256] org.apache.catalina.core.ApplicationContext.log Manager: list: Listing contexts for virtual host 'localhost'
26-Feb-2023 13:49:03.109 INFO [http-nio-8082-exec-261] org.apache.catalina.core.ApplicationContext.log Manager: list: Listing contexts for virtual host 'localhost'
26-Feb-2023 13:50:07.946 INFO [http-nio-8082-exec-255] org.apache.catalina.core.ApplicationContext.log Manager: list: Listing contexts for virtual host 'localhost'
26-Feb-2023 13:51:03.828 INFO [http-nio-8082-exec-254] org.apache.catalina.core.ApplicationContext.log Manager: list: Listing contexts for virtual host 'localhost'
26-Feb-2023 13:51:03.836 INFO [http-nio-8082-exec-261] org.apache.catalina.core.ApplicationContext.log Manager: undeploy: Undeploying web application at '/TodoApp1'
26-Feb-2023 13:51:06.834 INFO [http-nio-8082-exec-255] org.apache.catalina.core.ApplicationContext.log Manager: list: Listing contexts for virtual host 'localhost'
26-Feb-2023 13:51:06.836 INFO [http-nio-8082-exec-256] org.apache.catalina.core.ApplicationContext.log Manager: list: Listing contexts for virtual host 'localhost'
26-Feb-2023 13:51:06.845 INFO [http-nio-8082-exec-253] org.apache.catalina.core.ApplicationContext.log Manager: install: Installing context configuration at 'file:/C:/Users/FPTshop/AppData/Local/Temp/context7101972410461935880.xml'
26-Feb-2023 13:51:07.064 INFO [http-nio-8082-exec-258] org.apache.catalina.core.ApplicationContext.log Manager: start: Starting web application '/TodoApp1'
26-Feb-2023 13:51:25.634 INFO [http-nio-8082-exec-264] org.apache.catalina.core.ApplicationContext.log Manager: list: Listing contexts for virtual host 'localhost'
26-Feb-2023 13:51:25.644 INFO [http-nio-8082-exec-258] org.apache.catalina.core.ApplicationContext.log Manager: undeploy: Undeploying web application at '/TodoApp1'
26-Feb-2023 13:51:29.266 INFO [http-nio-8082-exec-260] org.apache.catalina.core.ApplicationContext.log Manager: list: Listing contexts for virtual host 'localhost'
26-Feb-2023 13:51:29.269 INFO [http-nio-8082-exec-264] org.apache.catalina.core.ApplicationContext.log Manager: list: Listing contexts for virtual host 'localhost'
26-Feb-2023 13:51:29.279 INFO [http-nio-8082-exec-255] org.apache.catalina.core.ApplicationContext.log Manager: install: Installing context configuration at 'file:/C:/Users/FPTshop/AppData/Local/Temp/context4092178637358826765.xml'
26-Feb-2023 13:51:29.565 INFO [http-nio-8082-exec-256] org.apache.catalina.core.ApplicationContext.log Manager: start: Starting web application '/TodoApp1'
26-Feb-2023 13:52:25.857 INFO [http-nio-8082-exec-252] org.apache.catalina.core.ApplicationContext.log Manager: list: Listing contexts for virtual host 'localhost'
26-Feb-2023 13:54:44.213 INFO [http-nio-8082-exec-267] org.apache.catalina.core.ApplicationContext.log Manager: list: Listing contexts for virtual host 'localhost'
26-Feb-2023 13:55:11.040 INFO [http-nio-8082-exec-267] org.apache.catalina.core.ApplicationContext.log Manager: list: Listing contexts for virtual host 'localhost'
26-Feb-2023 13:56:39.530 INFO [http-nio-8082-exec-272] org.apache.catalina.core.ApplicationContext.log Manager: list: Listing contexts for virtual host 'localhost'
26-Feb-2023 13:57:15.865 INFO [http-nio-8082-exec-267] org.apache.catalina.core.ApplicationContext.log Manager: list: Listing contexts for virtual host 'localhost'
26-Feb-2023 13:57:50.118 INFO [http-nio-8082-exec-266] org.apache.catalina.core.ApplicationContext.log Manager: list: Listing contexts for virtual host 'localhost'
26-Feb-2023 13:59:05.606 INFO [http-nio-8082-exec-271] org.apache.catalina.core.ApplicationContext.log Manager: list: Listing contexts for virtual host 'localhost'
26-Feb-2023 13:59:43.857 INFO [http-nio-8082-exec-267] org.apache.catalina.core.ApplicationContext.log Manager: list: Listing contexts for virtual host 'localhost'
26-Feb-2023 14:00:06.016 INFO [http-nio-8082-exec-273] org.apache.catalina.core.ApplicationContext.log Manager: list: Listing contexts for virtual host 'localhost'
26-Feb-2023 14:00:30.201 INFO [http-nio-8082-exec-266] org.apache.catalina.core.ApplicationContext.log Manager: list: Listing contexts for virtual host 'localhost'
26-Feb-2023 14:02:16.982 INFO [http-nio-8082-exec-272] org.apache.catalina.core.ApplicationContext.log Manager: list: Listing contexts for virtual host 'localhost'
