22-Feb-2023 15:28:33.312 INFO [http-nio-8082-exec-5] org.apache.catalina.core.ApplicationContext.log Manager: init: Associated with Deployer 'Catalina:type=Deployer,host=localhost'
22-Feb-2023 15:28:33.314 INFO [http-nio-8082-exec-5] org.apache.catalina.core.ApplicationContext.log Manager: init: Global resources are available
22-Feb-2023 15:28:33.383 INFO [http-nio-8082-exec-4] org.apache.catalina.core.ApplicationContext.log Manager: list: Listing contexts for virtual host 'localhost'
22-Feb-2023 15:28:33.414 INFO [http-nio-8082-exec-8] org.apache.catalina.core.ApplicationContext.log Manager: list: Listing contexts for virtual host 'localhost'
22-Feb-2023 15:28:33.454 INFO [http-nio-8082-exec-9] org.apache.catalina.core.ApplicationContext.log Manager: install: Installing context configuration at 'file:/C:/Users/FPTshop/AppData/Local/Temp/context3969775869823404292.xml'
22-Feb-2023 15:28:33.613 INFO [http-nio-8082-exec-10] org.apache.catalina.core.ApplicationContext.log Manager: start: Starting web application '/TodoApp1'
22-Feb-2023 15:35:45.568 INFO [http-nio-8082-exec-2] org.apache.catalina.core.ApplicationContext.log Manager: list: Listing contexts for virtual host 'localhost'
22-Feb-2023 15:35:45.601 INFO [http-nio-8082-exec-7] org.apache.catalina.core.ApplicationContext.log Manager: stop: Stopping web application '/TodoApp1'
22-Feb-2023 15:35:46.162 INFO [http-nio-8082-exec-6] org.apache.catalina.core.ApplicationContext.log Manager: start: Starting web application '/TodoApp1'
22-Feb-2023 15:35:46.366 INFO [http-nio-8082-exec-6] org.apache.catalina.core.ApplicationContext.log Manager: list: Listing contexts for virtual host 'localhost'
22-Feb-2023 15:35:46.404 INFO [http-nio-8082-exec-10] org.apache.catalina.core.ApplicationContext.log Manager: stop: Stopping web application '/TodoApp1'
22-Feb-2023 15:35:46.517 INFO [http-nio-8082-exec-10] org.apache.catalina.core.ApplicationContext.log Manager: start: Starting web application '/TodoApp1'
22-Feb-2023 15:43:00.226 INFO [http-nio-8082-exec-18] org.apache.catalina.core.ApplicationContext.log Manager: list: Listing contexts for virtual host 'localhost'
22-Feb-2023 15:43:00.289 INFO [http-nio-8082-exec-12] org.apache.catalina.core.ApplicationContext.log Manager: restart: Reloading web application '/TodoApp1'
22-Feb-2023 15:43:08.606 INFO [http-nio-8082-exec-15] org.apache.catalina.core.ApplicationContext.log Manager: list: Listing contexts for virtual host 'localhost'
22-Feb-2023 15:43:08.621 INFO [http-nio-8082-exec-20] org.apache.catalina.core.ApplicationContext.log Manager: restart: Reloading web application '/TodoApp1'
22-Feb-2023 15:43:11.502 INFO [http-nio-8082-exec-14] org.apache.catalina.core.ApplicationContext.log Manager: list: Listing contexts for virtual host 'localhost'
22-Feb-2023 15:43:11.518 INFO [http-nio-8082-exec-19] org.apache.catalina.core.ApplicationContext.log Manager: undeploy: Undeploying web application at '/TodoApp1'
22-Feb-2023 15:43:37.956 INFO [http-nio-8082-exec-22] org.apache.catalina.core.ApplicationContext.log Manager: list: Listing contexts for virtual host 'localhost'
22-Feb-2023 15:43:38.612 INFO [http-nio-8082-exec-21] org.apache.catalina.core.ApplicationContext.log Manager: list: Listing contexts for virtual host 'localhost'
22-Feb-2023 15:43:45.831 INFO [http-nio-8082-exec-21] org.apache.catalina.core.ApplicationContext.log Manager: list: Listing contexts for virtual host 'localhost'
22-Feb-2023 15:43:54.516 INFO [http-nio-8082-exec-21] org.apache.catalina.core.ApplicationContext.log Manager: list: Listing contexts for virtual host 'localhost'
22-Feb-2023 15:44:01.516 INFO [21] org.apache.catalina.core.ApplicationContext.log Manager: list: Listing contexts for virtual host 'localhost'
22-Feb-2023 15:44:33.760 INFO [http-nio-8082-exec-21] org.apache.catalina.core.ApplicationContext.log Manager: list: Listing contexts for virtual host 'localhost'
22-Feb-2023 15:44:44.669 INFO [http-nio-8082-exec-22] org.apache.catalina.core.ApplicationContext.log Manager: list: Listing contexts for virtual host 'localhost'
22-Feb-2023 15:45:05.362 INFO [http-nio-8082-exec-29] org.apache.catalina.core.ApplicationContext.log Manager: list: Listing contexts for virtual host 'localhost'
22-Feb-2023 15:45:06.555 INFO [http-nio-8082-exec-27] org.apache.catalina.core.ApplicationContext.log Manager: list: Listing contexts for virtual host 'localhost'
22-Feb-2023 15:45:10.024 INFO [http-nio-8082-exec-22] org.apache.catalina.core.ApplicationContext.log Manager: list: Listing contexts for virtual host 'localhost'
22-Feb-2023 15:45:10.039 INFO [http-nio-8082-exec-25] org.apache.catalina.core.ApplicationContext.log Manager: list: Listing contexts for virtual host 'localhost'
22-Feb-2023 15:45:10.055 INFO [http-nio-8082-exec-29] org.apache.catalina.core.ApplicationContext.log Manager: install: Installing context configuration at 'file:/C:/Users/FPTshop/AppData/Local/Temp/context4413191348342704576.xml'
22-Feb-2023 15:45:10.243 INFO [http-nio-8082-exec-23] org.apache.catalina.core.ApplicationContext.log Manager: start: Starting web application '/TodoApp1'
22-Feb-2023 15:46:02.787 INFO [http-nio-8082-exec-23] org.apache.catalina.core.ApplicationContext.log Manager: list: Listing contexts for virtual host 'localhost'
22-Feb-2023 15:46:02.787 INFO [http-nio-8082-exec-26] org.apache.catalina.core.ApplicationContext.log Manager: restart: Reloading web application '/TodoApp1'
22-Feb-2023 15:46:24.702 INFO [http-nio-8082-exec-24] org.apache.catalina.core.ApplicationContext.log Manager: list: Listing contexts for virtual host 'localhost'
22-Feb-2023 15:46:24.718 INFO [http-nio-8082-exec-30] org.apache.catalina.core.ApplicationContext.log Manager: undeploy: Undeploying web application at '/TodoApp1'
22-Feb-2023 15:46:43.763 INFO [http-nio-8082-exec-32] org.apache.catalina.core.ApplicationContext.log Manager: list: Listing contexts for virtual host 'localhost'
22-Feb-2023 15:47:18.182 INFO [http-nio-8082-exec-33] org.apache.catalina.core.ApplicationContext.log Manager: list: Listing contexts for virtual host 'localhost'
22-Feb-2023 15:47:38.407 INFO [http-nio-8082-exec-37] org.apache.catalina.core.ApplicationContext.log Manager: list: Listing contexts for virtual host 'localhost'
22-Feb-2023 15:48:25.580 INFO [http-nio-8082-exec-35] org.apache.catalina.core.ApplicationContext.log Manager: list: Listing contexts for virtual host 'localhost'
22-Feb-2023 15:51:24.733 INFO [http-nio-8082-exec-35] org.apache.catalina.core.ApplicationContext.log Manager: list: Listing contexts for virtual host 'localhost'
22-Feb-2023 15:54:46.392 INFO [http-nio-8082-exec-43] org.apache.catalina.core.ApplicationContext.log Manager: list: Listing contexts for virtual host 'localhost'
22-Feb-2023 15:55:29.630 INFO [http-nio-8082-exec-34] org.apache.catalina.core.ApplicationContext.log Manager: list: Listing contexts for virtual host 'localhost'
22-Feb-2023 15:56:32.761 INFO [http-nio-8082-exec-40] org.apache.catalina.core.ApplicationContext.log Manager: list: Listing contexts for virtual host 'localhost'
22-Feb-2023 15:56:36.215 INFO [http-nio-8082-exec-37] org.apache.catalina.core.ApplicationContext.log Manager: list: Listing contexts for virtual host 'localhost'
22-Feb-2023 15:56:36.231 INFO [http-nio-8082-exec-39] org.apache.catalina.core.ApplicationContext.log Manager: list: Listing contexts for virtual host 'localhost'
22-Feb-2023 15:56:36.231 INFO [http-nio-8082-exec-41] org.apache.catalina.core.ApplicationContext.log Manager: install: Installing context configuration at 'file:/C:/Users/FPTshop/AppData/Local/Temp/context5124676832962725854.xml'
22-Feb-2023 15:56:36.465 INFO [http-nio-8082-exec-41] org.apache.catalina.core.ApplicationContext.log Manager: start: Starting web application '/TodoApp1'
22-Feb-2023 15:57:43.903 INFO [http-nio-8082-exec-40] org.apache.catalina.core.ApplicationContext.log Manager: list: Listing contexts for virtual host 'localhost'
22-Feb-2023 15:57:43.916 INFO [http-nio-8082-exec-35] org.apache.catalina.core.ApplicationContext.log Manager: restart: Reloading web application '/TodoApp1'
22-Feb-2023 15:58:39.102 INFO [http-nio-8082-exec-38] org.apache.catalina.core.ApplicationContext.log Manager: list: Listing contexts for virtual host 'localhost'
22-Feb-2023 15:58:39.113 INFO [http-nio-8082-exec-34] org.apache.catalina.core.ApplicationContext.log Manager: undeploy: Undeploying web application at '/TodoApp1'
22-Feb-2023 15:58:41.546 INFO [http-nio-8082-exec-38] org.apache.catalina.core.ApplicationContext.log Manager: list: Listing contexts for virtual host 'localhost'
22-Feb-2023 15:58:41.550 INFO [http-nio-8082-exec-37] org.apache.catalina.core.ApplicationContext.log Manager: list: Listing contexts for virtual host 'localhost'
22-Feb-2023 15:58:41.559 INFO [http-nio-8082-exec-41] org.apache.catalina.core.ApplicationContext.log Manager: install: Installing context configuration at 'file:/C:/Users/FPTshop/AppData/Local/Temp/context2106638087016719587.xml'
22-Feb-2023 15:58:41.777 INFO [http-nio-8082-exec-42] org.apache.catalina.core.ApplicationContext.log Manager: start: Starting web application '/TodoApp1'
22-Feb-2023 16:00:23.532 INFO [http-nio-8082-exec-53] org.apache.catalina.core.ApplicationContext.log Manager: list: Listing contexts for virtual host 'localhost'
22-Feb-2023 16:01:49.805 INFO [http-nio-8082-exec-46] org.apache.catalina.core.ApplicationContext.log Manager: list: Listing contexts for virtual host 'localhost'
22-Feb-2023 16:03:17.591 INFO [http-nio-8082-exec-46] org.apache.catalina.core.ApplicationContext.log Manager: list: Listing contexts for virtual host 'localhost'
22-Feb-2023 16:03:17.595 INFO [http-nio-8082-exec-49] org.apache.catalina.core.ApplicationContext.log Manager: list: Listing contexts for virtual host 'localhost'
22-Feb-2023 16:05:23.534 INFO [http-nio-8082-exec-51] org.apache.catalina.core.ApplicationContext.log Manager: list: Listing contexts for virtual host 'localhost'
22-Feb-2023 16:05:23.542 INFO [http-nio-8082-exec-47] org.apache.catalina.core.ApplicationContext.log Manager: stop: Stopping web application '/TodoApp1'
22-Feb-2023 16:05:23.555 INFO [http-nio-8082-exec-49] org.apache.catalina.core.ApplicationContext.log Manager: start: Starting web application '/TodoApp1'
22-Feb-2023 16:05:51.693 INFO [http-nio-8082-exec-46] org.apache.catalina.core.ApplicationContext.log Manager: list: Listing contexts for virtual host 'localhost'
22-Feb-2023 16:05:51.702 INFO [http-nio-8082-exec-50] org.apache.catalina.core.ApplicationContext.log Manager: stop: Stopping web application '/TodoApp1'
22-Feb-2023 16:05:51.713 INFO [http-nio-8082-exec-52] org.apache.catalina.core.ApplicationContext.log Manager: start: Starting web application '/TodoApp1'
22-Feb-2023 16:06:01.424 INFO [http-nio-8082-exec-57] org.apache.catalina.core.ApplicationContext.log Manager: list: Listing contexts for virtual host 'localhost'
22-Feb-2023 16:06:01.432 INFO [http-nio-8082-exec-48] org.apache.catalina.core.ApplicationContext.log Manager: undeploy: Undeploying web application at '/TodoApp1'
22-Feb-2023 16:08:28.773 INFO [http-nio-8082-exec-57] org.apache.catalina.core.ApplicationContext.log Manager: list: Listing contexts for virtual host 'localhost'
22-Feb-2023 16:08:30.688 INFO [http-nio-8082-exec-48] org.apache.catalina.core.ApplicationContext.log Manager: list: Listing contexts for virtual host 'localhost'
22-Feb-2023 16:08:30.691 INFO [http-nio-8082-exec-59] org.apache.catalina.core.ApplicationContext.log Manager: list: Listing contexts for virtual host 'localhost'
22-Feb-2023 16:08:30.700 INFO [http-nio-8082-exec-46] org.apache.catalina.core.ApplicationContext.log Manager: install: Installing context configuration at 'file:/C:/Users/FPTshop/AppData/Local/Temp/context3307591673478135513.xml'
22-Feb-2023 16:08:30.854 INFO [http-nio-8082-exec-60] org.apache.catalina.core.ApplicationContext.log Manager: start: Starting web application '/TodoApp1'
22-Feb-2023 16:10:24.549 INFO [http-nio-8082-exec-61] org.apache.catalina.core.ApplicationContext.log Manager: list: Listing contexts for virtual host 'localhost'
22-Feb-2023 16:10:24.556 INFO [http-nio-8082-exec-63] org.apache.catalina.core.ApplicationContext.log Manager: stop: Stopping web application '/TodoApp1'
22-Feb-2023 16:10:24.568 INFO [http-nio-8082-exec-61] org.apache.catalina.core.ApplicationContext.log Manager: start: Starting web application '/TodoApp1'
22-Feb-2023 16:10:39.089 INFO [http-nio-8082-exec-61] org.apache.catalina.core.ApplicationContext.log Manager: list: Listing contexts for virtual host 'localhost'
22-Feb-2023 16:10:39.096 INFO [http-nio-8082-exec-65] org.apache.catalina.core.ApplicationContext.log Manager: stop: Stopping web application '/TodoApp1'
22-Feb-2023 16:10:39.109 INFO [http-nio-8082-exec-61] org.apache.catalina.core.ApplicationContext.log Manager: start: Starting web application '/TodoApp1'
22-Feb-2023 16:12:51.364 INFO [http-nio-8082-exec-73] org.apache.catalina.core.ApplicationContext.log Manager: list: Listing contexts for virtual host 'localhost'
22-Feb-2023 16:12:51.373 INFO [http-nio-8082-exec-69] org.apache.catalina.core.ApplicationContext.log Manager: stop: Stopping web application '/TodoApp1'
22-Feb-2023 16:12:51.383 INFO [http-nio-8082-exec-61] org.apache.catalina.core.ApplicationContext.log Manager: start: Starting web application '/TodoApp1'
22-Feb-2023 16:13:05.224 INFO [http-nio-8082-exec-69] org.apache.catalina.core.ApplicationContext.log Manager: list: Listing contexts for virtual host 'localhost'
22-Feb-2023 16:13:05.231 INFO [http-nio-8082-exec-66] org.apache.catalina.core.ApplicationContext.log Manager: stop: Stopping web application '/TodoApp1'
22-Feb-2023 16:13:05.242 INFO [http-nio-8082-exec-61] org.apache.catalina.core.ApplicationContext.log Manager: start: Starting web application '/TodoApp1'
22-Feb-2023 16:13:07.528 INFO [http-nio-8082-exec-73] org.apache.catalina.core.ApplicationContext.log Manager: list: Listing contexts for virtual host 'localhost'
22-Feb-2023 16:13:07.535 INFO [http-nio-8082-exec-71] org.apache.catalina.core.ApplicationContext.log Manager: stop: Stopping web application '/TodoApp1'
22-Feb-2023 16:13:07.549 INFO [http-nio-8082-exec-70] org.apache.catalina.core.ApplicationContext.log Manager: start: Starting web application '/TodoApp1'
22-Feb-2023 16:13:10.569 INFO [http-nio-8082-exec-61] org.apache.catalina.core.ApplicationContext.log Manager: list: Listing contexts for virtual host 'localhost'
22-Feb-2023 16:13:10.576 INFO [http-nio-8082-exec-64] org.apache.catalina.core.ApplicationContext.log Manager: stop: Stopping web application '/TodoApp1'
22-Feb-2023 16:13:10.589 INFO [http-nio-8082-exec-64] org.apache.catalina.core.ApplicationContext.log Manager: start: Starting web application '/TodoApp1'
22-Feb-2023 16:13:15.991 INFO [http-nio-8082-exec-71] org.apache.catalina.core.ApplicationContext.log Manager: list: Listing contexts for virtual host 'localhost'
22-Feb-2023 16:13:15.997 INFO [http-nio-8082-exec-77] org.apache.catalina.core.ApplicationContext.log Manager: stop: Stopping web application '/TodoApp1'
22-Feb-2023 16:13:16.011 INFO [http-nio-8082-exec-61] org.apache.catalina.core.ApplicationContext.log Manager: start: Starting web application '/TodoApp1'
22-Feb-2023 16:13:34.155 INFO [http-nio-8082-exec-76] org.apache.catalina.core.ApplicationContext.log Manager: list: Listing contexts for virtual host 'localhost'
22-Feb-2023 16:13:34.162 INFO [http-nio-8082-exec-61] org.apache.catalina.core.ApplicationContext.log Manager: stop: Stopping web application '/TodoApp1'
22-Feb-2023 16:13:34.171 INFO [http-nio-8082-exec-76] org.apache.catalina.core.ApplicationContext.log Manager: start: Starting web application '/TodoApp1'
22-Feb-2023 16:25:09.847 INFO [http-nio-8082-exec-88] org.apache.catalina.core.ApplicationContext.log Manager: list: Listing contexts for virtual host 'localhost'
22-Feb-2023 16:25:09.889 INFO [http-nio-8082-exec-79] org.apache.catalina.core.ApplicationContext.log Manager: restart: Reloading web application '/TodoApp1'
22-Feb-2023 16:25:24.467 INFO [http-nio-8082-exec-85] org.apache.catalina.core.ApplicationContext.log Manager: list: Listing contexts for virtual host 'localhost'
22-Feb-2023 16:25:24.475 INFO [http-nio-8082-exec-86] org.apache.catalina.core.ApplicationContext.log Manager: restart: Reloading web application '/TodoApp1'
22-Feb-2023 16:25:32.695 INFO [http-nio-8082-exec-81] org.apache.catalina.core.ApplicationContext.log Manager: list: Listing contexts for virtual host 'localhost'
22-Feb-2023 16:25:32.707 INFO [http-nio-8082-exec-83] org.apache.catalina.core.ApplicationContext.log Manager: undeploy: Undeploying web application at '/TodoApp1'
22-Feb-2023 16:25:39.507 INFO [http-nio-8082-exec-91] org.apache.catalina.core.ApplicationContext.log Manager: list: Listing contexts for virtual host 'localhost'
22-Feb-2023 16:25:39.510 INFO [http-nio-8082-exec-90] org.apache.catalina.core.ApplicationContext.log Manager: list: Listing contexts for virtual host 'localhost'
22-Feb-2023 16:25:39.518 INFO [http-nio-8082-exec-86] org.apache.catalina.core.ApplicationContext.log Manager: install: Installing context configuration at 'file:/C:/Users/FPTshop/AppData/Local/Temp/context6029063646283842950.xml'
22-Feb-2023 16:25:39.758 INFO [http-nio-8082-exec-86] org.apache.catalina.core.ApplicationContext.log Manager: start: Starting web application '/TodoApp1'
22-Feb-2023 16:27:00.733 INFO [http-nio-8082-exec-92] org.apache.catalina.core.ApplicationContext.log Manager: list: Listing contexts for virtual host 'localhost'
22-Feb-2023 16:27:03.025 INFO [http-nio-8082-exec-92] org.apache.catalina.core.ApplicationContext.log Manager: list: Listing contexts for virtual host 'localhost'
22-Feb-2023 16:27:03.034 INFO [http-nio-8082-exec-95] org.apache.catalina.core.ApplicationContext.log Manager: undeploy: Undeploying web application at '/TodoApp1'
22-Feb-2023 16:27:36.070 INFO [http-nio-8082-exec-93] org.apache.catalina.core.ApplicationContext.log Manager: list: Listing contexts for virtual host 'localhost'
22-Feb-2023 16:27:38.113 INFO [http-nio-8082-exec-103] org.apache.catalina.core.ApplicationContext.log Manager: list: Listing contexts for virtual host 'localhost'
22-Feb-2023 16:27:38.119 INFO [http-nio-8082-exec-99] org.apache.catalina.core.ApplicationContext.log Manager: list: Listing contexts for virtual host 'localhost'
22-Feb-2023 16:27:38.132 INFO [http-nio-8082-exec-97] org.apache.catalina.core.ApplicationContext.log Manager: install: Installing context configuration at 'file:/C:/Users/FPTshop/AppData/Local/Temp/context5475465615895243873.xml'
22-Feb-2023 16:27:38.600 INFO [http-nio-8082-exec-98] org.apache.catalina.core.ApplicationContext.log Manager: start: Starting web application '/TodoApp1'
