30-Mar-2023 10:34:44.175 INFO [http-nio-8082-exec-4] org.apache.catalina.core.ApplicationContext.log Manager: init: Associated with Deployer 'Catalina:type=Deployer,host=localhost'
30-Mar-2023 10:34:44.175 INFO [http-nio-8082-exec-4] org.apache.catalina.core.ApplicationContext.log Manager: init: Global resources are available
30-Mar-2023 10:34:44.641 INFO [http-nio-8082-exec-5] org.apache.catalina.core.ApplicationContext.log Manager: list: Listing contexts for virtual host 'localhost'
30-Mar-2023 10:34:44.648 INFO [http-nio-8082-exec-6] org.apache.catalina.core.ApplicationContext.log Manager: list: Listing contexts for virtual host 'localhost'
30-Mar-2023 10:34:44.683 INFO [http-nio-8082-exec-8] org.apache.catalina.core.ApplicationContext.log Manager: undeploy: Undeploying web application at '/TodoApp2'
30-Mar-2023 10:34:45.244 INFO [http-nio-8082-exec-1] org.apache.catalina.core.ApplicationContext.log Manager: install: Installing context configuration at 'file:/C:/Users/FPTshop/AppData/Local/Temp/context2514797478091395312.xml'
30-Mar-2023 10:39:50.717 INFO [http-nio-8082-exec-4] org.apache.catalina.core.ApplicationContext.log Manager: init: Associated with Deployer 'Catalina:type=Deployer,host=localhost'
30-Mar-2023 10:39:50.717 INFO [http-nio-8082-exec-4] org.apache.catalina.core.ApplicationContext.log Manager: init: Global resources are available
30-Mar-2023 10:39:50.764 INFO [http-nio-8082-exec-6] org.apache.catalina.core.ApplicationContext.log Manager: list: Listing contexts for virtual host 'localhost'
30-Mar-2023 10:39:50.771 INFO [http-nio-8082-exec-7] org.apache.catalina.core.ApplicationContext.log Manager: list: Listing contexts for virtual host 'localhost'
30-Mar-2023 10:39:50.817 INFO [http-nio-8082-exec-8] org.apache.catalina.core.ApplicationContext.log Manager: undeploy: Undeploying web application at '/TodoApp2'
30-Mar-2023 10:39:51.373 INFO [http-nio-8082-exec-4] org.apache.catalina.core.ApplicationContext.log Manager: install: Installing context configuration at 'file:/C:/Users/FPTshop/AppData/Local/Temp/context506099496866807688.xml'
30-Mar-2023 10:41:41.491 INFO [http-nio-8082-exec-3] org.apache.catalina.core.ApplicationContext.log Manager: list: Listing contexts for virtual host 'localhost'
30-Mar-2023 10:42:19.163 INFO [http-nio-8082-exec-15] org.apache.catalina.core.ApplicationContext.log Manager: list: Listing contexts for virtual host 'localhost'
30-Mar-2023 10:43:25.791 INFO [http-nio-8082-exec-13] org.apache.catalina.core.ApplicationContext.log Manager: list: Listing contexts for virtual host 'localhost'
30-Mar-2023 10:45:34.685 INFO [http-nio-8082-exec-17] org.apache.catalina.core.ApplicationContext.log Manager: list: Listing contexts for virtual host 'localhost'
30-Mar-2023 10:45:56.097 INFO [http-nio-8082-exec-20] org.apache.catalina.core.ApplicationContext.log Manager: list: Listing contexts for virtual host 'localhost'
30-Mar-2023 10:46:20.201 INFO [http-nio-8082-exec-11] org.apache.catalina.core.ApplicationContext.log Manager: list: Listing contexts for virtual host 'localhost'
30-Mar-2023 10:46:35.057 INFO [http-nio-8082-exec-15] org.apache.catalina.core.ApplicationContext.log Manager: list: Listing contexts for virtual host 'localhost'
30-Mar-2023 10:47:09.371 INFO [http-nio-8082-exec-11] org.apache.catalina.core.ApplicationContext.log Manager: list: Listing contexts for virtual host 'localhost'
30-Mar-2023 10:48:51.073 INFO [http-nio-8082-exec-12] org.apache.catalina.core.ApplicationContext.log Manager: list: Listing contexts for virtual host 'localhost'
30-Mar-2023 10:48:52.617 INFO [http-nio-8082-exec-13] org.apache.catalina.core.ApplicationContext.log Manager: list: Listing contexts for virtual host 'localhost'
30-Mar-2023 10:53:29.169 INFO [http-nio-8082-exec-15] org.apache.catalina.core.ApplicationContext.log Manager: list: Listing contexts for virtual host 'localhost'
30-Mar-2023 10:53:29.180 INFO [http-nio-8082-exec-11] org.apache.catalina.core.ApplicationContext.log Manager: restart: Reloading web application '/TodoApp2'
30-Mar-2023 10:54:32.573 INFO [http-nio-8082-exec-21] org.apache.catalina.core.ApplicationContext.log Manager: list: Listing contexts for virtual host 'localhost'
30-Mar-2023 10:54:32.584 INFO [http-nio-8082-exec-14] org.apache.catalina.core.ApplicationContext.log Manager: restart: Reloading web application '/TodoApp2'
30-Mar-2023 10:55:32.272 INFO [http-nio-8082-exec-12] org.apache.catalina.core.ApplicationContext.log Manager: list: Listing contexts for virtual host 'localhost'
30-Mar-2023 10:55:32.282 INFO [http-nio-8082-exec-17] org.apache.catalina.core.ApplicationContext.log Manager: restart: Reloading web application '/TodoApp2'
30-Mar-2023 10:55:35.246 INFO [http-nio-8082-exec-21] org.apache.catalina.core.ApplicationContext.log Manager: list: Listing contexts for virtual host 'localhost'
30-Mar-2023 10:55:35.256 INFO [http-nio-8082-exec-20] org.apache.catalina.core.ApplicationContext.log Manager: restart: Reloading web application '/TodoApp2'
30-Mar-2023 10:55:38.753 INFO [http-nio-8082-exec-13] org.apache.catalina.core.ApplicationContext.log Manager: list: Listing contexts for virtual host 'localhost'
30-Mar-2023 10:55:38.819 INFO [http-nio-8082-exec-26] org.apache.catalina.core.ApplicationContext.log Manager: restart: Reloading web application '/TodoApp2'
30-Mar-2023 10:55:49.514 INFO [http-nio-8082-exec-21] org.apache.catalina.core.ApplicationContext.log Manager: list: Listing contexts for virtual host 'localhost'
30-Mar-2023 10:55:49.526 INFO [http-nio-8082-exec-23] org.apache.catalina.core.ApplicationContext.log Manager: restart: Reloading web application '/TodoApp2'
30-Mar-2023 10:56:44.489 INFO [http-nio-8082-exec-17] org.apache.catalina.core.ApplicationContext.log Manager: list: Listing contexts for virtual host 'localhost'
30-Mar-2023 10:56:44.521 INFO [http-nio-8082-exec-21] org.apache.catalina.core.ApplicationContext.log Manager: restart: Reloading web application '/TodoApp2'
30-Mar-2023 11:00:51.875 INFO [http-nio-8082-exec-31] org.apache.catalina.core.ApplicationContext.log Manager: list: Listing contexts for virtual host 'localhost'
30-Mar-2023 11:01:31.570 INFO [http-nio-8082-exec-34] org.apache.catalina.core.ApplicationContext.log Manager: list: Listing contexts for virtual host 'localhost'
30-Mar-2023 11:02:40.946 INFO [http-nio-8082-exec-31] org.apache.catalina.core.ApplicationContext.log Manager: list: Listing contexts for virtual host 'localhost'
30-Mar-2023 11:02:40.957 INFO [http-nio-8082-exec-34] org.apache.catalina.core.ApplicationContext.log Manager: restart: Reloading web application '/TodoApp2'
30-Mar-2023 11:03:12.452 INFO [http-nio-8082-exec-28] org.apache.catalina.core.ApplicationContext.log Manager: list: Listing contexts for virtual host 'localhost'
30-Mar-2023 11:03:12.465 INFO [http-nio-8082-exec-33] org.apache.catalina.core.ApplicationContext.log Manager: undeploy: Undeploying web application at '/TodoApp2'
30-Mar-2023 11:03:14.940 INFO [http-nio-8082-exec-30] org.apache.catalina.core.ApplicationContext.log Manager: list: Listing contexts for virtual host 'localhost'
30-Mar-2023 11:03:14.952 INFO [http-nio-8082-exec-37] org.apache.catalina.core.ApplicationContext.log Manager: list: Listing contexts for virtual host 'localhost'
30-Mar-2023 11:03:14.972 INFO [http-nio-8082-exec-21] org.apache.catalina.core.ApplicationContext.log Manager: install: Installing context configuration at 'file:/C:/Users/FPTshop/AppData/Local/Temp/context8692677390558490374.xml'
30-Mar-2023 11:03:15.302 INFO [http-nio-8082-exec-21] org.apache.catalina.core.ApplicationContext.log Manager: start: Starting web application '/TodoApp2'
30-Mar-2023 11:04:08.100 INFO [http-nio-8082-exec-43] org.apache.catalina.core.ApplicationContext.log Manager: list: Listing contexts for virtual host 'localhost'
30-Mar-2023 11:04:09.432 INFO [http-nio-8082-exec-30] org.apache.catalina.core.ApplicationContext.log Manager: list: Listing contexts for virtual host 'localhost'
30-Mar-2023 11:04:33.014 INFO [http-nio-8082-exec-44] org.apache.catalina.core.ApplicationContext.log Manager: list: Listing contexts for virtual host 'localhost'
30-Mar-2023 11:04:34.008 INFO [http-nio-8082-exec-46] org.apache.catalina.core.ApplicationContext.log Manager: list: Listing contexts for virtual host 'localhost'
30-Mar-2023 11:05:35.224 INFO [http-nio-8082-exec-41] org.apache.catalina.core.ApplicationContext.log Manager: list: Listing contexts for virtual host 'localhost'
30-Mar-2023 11:05:56.557 INFO [http-nio-8082-exec-46] org.apache.catalina.core.ApplicationContext.log Manager: list: Listing contexts for virtual host 'localhost'
30-Mar-2023 11:06:32.758 INFO [http-nio-8082-exec-39] org.apache.catalina.core.ApplicationContext.log Manager: list: Listing contexts for virtual host 'localhost'
30-Mar-2023 11:07:07.262 INFO [http-nio-8082-exec-43] org.apache.catalina.core.ApplicationContext.log Manager: list: Listing contexts for virtual host 'localhost'
30-Mar-2023 11:07:22.188 INFO [http-nio-8082-exec-46] org.apache.catalina.core.ApplicationContext.log Manager: list: Listing contexts for virtual host 'localhost'
30-Mar-2023 11:07:24.577 INFO [http-nio-8082-exec-39] org.apache.catalina.core.ApplicationContext.log Manager: list: Listing contexts for virtual host 'localhost'
30-Mar-2023 11:07:33.974 INFO [http-nio-8082-exec-40] org.apache.catalina.core.ApplicationContext.log Manager: list: Listing contexts for virtual host 'localhost'
30-Mar-2023 11:10:34.222 INFO [http-nio-8082-exec-47] org.apache.catalina.core.ApplicationContext.log Manager: list: Listing contexts for virtual host 'localhost'
30-Mar-2023 11:12:49.653 INFO [http-nio-8082-exec-48] org.apache.catalina.core.ApplicationContext.log Manager: list: Listing contexts for virtual host 'localhost'
30-Mar-2023 11:13:05.058 INFO [http-nio-8082-exec-45] org.apache.catalina.core.ApplicationContext.log Manager: list: Listing contexts for virtual host 'localhost'
30-Mar-2023 11:13:47.641 INFO [http-nio-8082-exec-44] org.apache.catalina.core.ApplicationContext.log Manager: list: Listing contexts for virtual host 'localhost'
30-Mar-2023 11:19:02.563 INFO [http-nio-8082-exec-39] org.apache.catalina.core.ApplicationContext.log Manager: list: Listing contexts for virtual host 'localhost'
30-Mar-2023 11:19:21.476 INFO [http-nio-8082-exec-45] org.apache.catalina.core.ApplicationContext.log Manager: list: Listing contexts for virtual host 'localhost'
30-Mar-2023 11:19:22.382 INFO [http-nio-8082-exec-45] org.apache.catalina.core.ApplicationContext.log Manager: list: Listing contexts for virtual host 'localhost'
30-Mar-2023 11:19:32.958 INFO [http-nio-8082-exec-45] org.apache.catalina.core.ApplicationContext.log Manager: list: Listing contexts for virtual host 'localhost'
30-Mar-2023 11:21:15.578 INFO [http-nio-8082-exec-39] org.apache.catalina.core.ApplicationContext.log Manager: list: Listing contexts for virtual host 'localhost'
30-Mar-2023 11:21:29.757 INFO [http-nio-8082-exec-47] org.apache.catalina.core.ApplicationContext.log Manager: list: Listing contexts for virtual host 'localhost'
30-Mar-2023 11:21:52.206 INFO [http-nio-8082-exec-40] org.apache.catalina.core.ApplicationContext.log Manager: list: Listing contexts for virtual host 'localhost'
30-Mar-2023 11:22:03.708 INFO [http-nio-8082-exec-43] org.apache.catalina.core.ApplicationContext.log Manager: list: Listing contexts for virtual host 'localhost'
30-Mar-2023 11:22:41.515 INFO [http-nio-8082-exec-43] org.apache.catalina.core.ApplicationContext.log Manager: list: Listing contexts for virtual host 'localhost'
30-Mar-2023 11:23:09.475 INFO [http-nio-8082-exec-41] org.apache.catalina.core.ApplicationContext.log Manager: list: Listing contexts for virtual host 'localhost'
30-Mar-2023 11:23:18.582 INFO [http-nio-8082-exec-47] org.apache.catalina.core.ApplicationContext.log Manager: list: Listing contexts for virtual host 'localhost'
30-Mar-2023 11:23:45.755 INFO [http-nio-8082-exec-43] org.apache.catalina.core.ApplicationContext.log Manager: list: Listing contexts for virtual host 'localhost'
30-Mar-2023 11:23:52.007 INFO [http-nio-8082-exec-41] org.apache.catalina.core.ApplicationContext.log Manager: list: Listing contexts for virtual host 'localhost'
30-Mar-2023 11:24:48.273 INFO [http-nio-8082-exec-39] org.apache.catalina.core.ApplicationContext.log Manager: list: Listing contexts for virtual host 'localhost'
30-Mar-2023 11:25:31.898 INFO [http-nio-8082-exec-41] org.apache.catalina.core.ApplicationContext.log Manager: list: Listing contexts for virtual host 'localhost'
30-Mar-2023 11:25:46.083 INFO [http-nio-8082-exec-43] org.apache.catalina.core.ApplicationContext.log Manager: list: Listing contexts for virtual host 'localhost'
